TN:
SF:js/main.js
FN:12,(anonymous_0)
FN:75,(anonymous_1)
FNF:2
FNH:0
FNDA:0,(anonymous_0)
FNDA:0,(anonymous_1)
DA:9,0
DA:12,0
DA:13,0
DA:15,0
DA:40,0
DA:42,0
DA:44,0
DA:47,0
DA:49,0
DA:52,0
DA:54,0
DA:57,0
DA:60,0
DA:75,0
DA:76,0
DA:77,0
DA:78,0
DA:80,0
LF:18
LH:0
BRDA:42,0,0,0
BRDA:42,0,1,0
BRDA:76,1,0,0
BRDA:76,1,1,0
BRF:4
BRH:0
end_of_record
TN:
SF:js/application/ApplicationService.js
FN:30,(anonymous_0)
FN:44,(anonymous_1)
FN:83,(anonymous_2)
FN:109,(anonymous_3)
FN:110,(anonymous_4)
FN:111,(anonymous_5)
FN:112,(anonymous_6)
FN:118,(anonymous_7)
FN:127,(anonymous_8)
FN:128,(anonymous_9)
FN:141,(anonymous_10)
FN:143,(anonymous_11)
FN:145,(anonymous_12)
FN:146,(anonymous_13)
FN:147,(anonymous_14)
FN:148,(anonymous_15)
FN:149,(anonymous_16)
FN:153,(anonymous_17)
FN:155,(anonymous_18)
FN:156,(anonymous_19)
FN:157,(anonymous_20)
FN:158,(anonymous_21)
FN:159,(anonymous_22)
FN:163,(anonymous_23)
FN:165,(anonymous_24)
FN:166,(anonymous_25)
FN:167,(anonymous_26)
FN:168,(anonymous_27)
FN:169,(anonymous_28)
FN:174,(anonymous_29)
FN:178,(anonymous_30)
FN:182,(anonymous_31)
FN:189,(anonymous_32)
FN:194,(anonymous_33)
FN:198,(anonymous_34)
FN:203,(anonymous_35)
FN:207,(anonymous_36)
FN:211,(anonymous_37)
FN:216,(anonymous_38)
FN:220,(anonymous_39)
FN:224,(anonymous_40)
FN:232,(anonymous_41)
FN:259,(anonymous_42)
FN:261,(anonymous_43)
FN:266,(anonymous_44)
FN:271,(anonymous_45)
FN:276,(anonymous_46)
FN:284,(anonymous_47)
FN:301,(anonymous_48)
FN:324,(anonymous_49)
FN:345,(anonymous_50)
FN:367,(anonymous_51)
FN:376,(anonymous_52)
FN:386,(anonymous_53)
FN:398,(anonymous_54)
FN:415,(anonymous_55)
FN:420,(anonymous_56)
FN:434,(anonymous_57)
FN:444,(anonymous_58)
FN:454,(anonymous_59)
FN:470,(anonymous_60)
FNF:61
FNH:0
FNDA:0,(anonymous_0)
FNDA:0,(anonymous_1)
FNDA:0,(anonymous_2)
FNDA:0,(anonymous_3)
FNDA:0,(anonymous_4)
FNDA:0,(anonymous_5)
FNDA:0,(anonymous_6)
FNDA:0,(anonymous_7)
FNDA:0,(anonymous_8)
FNDA:0,(anonymous_9)
FNDA:0,(anonymous_10)
FNDA:0,(anonymous_11)
FNDA:0,(anonymous_12)
FNDA:0,(anonymous_13)
FNDA:0,(anonymous_14)
FNDA:0,(anonymous_15)
FNDA:0,(anonymous_16)
FNDA:0,(anonymous_17)
FNDA:0,(anonymous_18)
FNDA:0,(anonymous_19)
FNDA:0,(anonymous_20)
FNDA:0,(anonymous_21)
FNDA:0,(anonymous_22)
FNDA:0,(anonymous_23)
FNDA:0,(anonymous_24)
FNDA:0,(anonymous_25)
FNDA:0,(anonymous_26)
FNDA:0,(anonymous_27)
FNDA:0,(anonymous_28)
FNDA:0,(anonymous_29)
FNDA:0,(anonymous_30)
FNDA:0,(anonymous_31)
FNDA:0,(anonymous_32)
FNDA:0,(anonymous_33)
FNDA:0,(anonymous_34)
FNDA:0,(anonymous_35)
FNDA:0,(anonymous_36)
FNDA:0,(anonymous_37)
FNDA:0,(anonymous_38)
FNDA:0,(anonymous_39)
FNDA:0,(anonymous_40)
FNDA:0,(anonymous_41)
FNDA:0,(anonymous_42)
FNDA:0,(anonymous_43)
FNDA:0,(anonymous_44)
FNDA:0,(anonymous_45)
FNDA:0,(anonymous_46)
FNDA:0,(anonymous_47)
FNDA:0,(anonymous_48)
FNDA:0,(anonymous_49)
FNDA:0,(anonymous_50)
FNDA:0,(anonymous_51)
FNDA:0,(anonymous_52)
FNDA:0,(anonymous_53)
FNDA:0,(anonymous_54)
FNDA:0,(anonymous_55)
FNDA:0,(anonymous_56)
FNDA:0,(anonymous_57)
FNDA:0,(anonymous_58)
FNDA:0,(anonymous_59)
FNDA:0,(anonymous_60)
DA:31,0
DA:32,0
DA:33,0
DA:34,0
DA:35,0
DA:36,0
DA:37,0
DA:38,0
DA:45,0
DA:46,0
DA:49,0
DA:52,0
DA:55,0
DA:58,0
DA:61,0
DA:64,0
DA:66,0
DA:67,0
DA:71,0
DA:74,0
DA:75,0
DA:76,0
DA:85,0
DA:91,0
DA:94,0
DA:97,0
DA:100,0
DA:103,0
DA:104,0
DA:105,0
DA:109,0
DA:110,0
DA:111,0
DA:112,0
DA:120,0
DA:126,0
DA:127,0
DA:128,0
DA:132,0
DA:143,0
DA:144,0
DA:145,0
DA:146,0
DA:147,0
DA:148,0
DA:149,0
DA:153,0
DA:154,0
DA:155,0
DA:156,0
DA:157,0
DA:158,0
DA:159,0
DA:163,0
DA:164,0
DA:165,0
DA:166,0
DA:167,0
DA:168,0
DA:169,0
DA:174,0
DA:175,0
DA:178,0
DA:179,0
DA:182,0
DA:183,0
DA:189,0
DA:190,0
DA:194,0
DA:195,0
DA:198,0
DA:199,0
DA:203,0
DA:204,0
DA:207,0
DA:208,0
DA:211,0
DA:212,0
DA:216,0
DA:217,0
DA:220,0
DA:221,0
DA:224,0
DA:225,0
DA:233,0
DA:242,0
DA:243,0
DA:244,0
DA:245,0
DA:246,0
DA:248,0
DA:250,0
DA:251,0
DA:261,0
DA:262,0
DA:266,0
DA:267,0
DA:271,0
DA:272,0
DA:276,0
DA:277,0
DA:285,0
DA:286,0
DA:287,0
DA:289,0
DA:290,0
DA:291,0
DA:294,0
DA:303,0
DA:304,0
DA:305,0
DA:307,0
DA:308,0
DA:309,0
DA:312,0
DA:313,0
DA:314,0
DA:316,0
DA:317,0
DA:318,0
DA:325,0
DA:328,0
DA:329,0
DA:330,0
DA:331,0
DA:338,0
DA:346,0
DA:349,0
DA:357,0
DA:369,0
DA:376,0
DA:378,0
DA:379,0
DA:387,0
DA:388,0
DA:389,0
DA:391,0
DA:399,0
DA:400,0
DA:402,0
DA:403,0
DA:405,0
DA:408,0
DA:416,0
DA:417,0
DA:420,0
DA:421,0
DA:422,0
DA:423,0
DA:424,0
DA:426,0
DA:435,0
DA:436,0
DA:438,0
DA:445,0
DA:446,0
DA:448,0
DA:455,0
DA:456,0
DA:459,0
DA:460,0
DA:461,0
DA:463,0
DA:471,0
DA:474,0
DA:475,0
DA:476,0
DA:478,0
DA:482,0
DA:483,0
DA:484,0
DA:486,0
DA:490,0
DA:491,0
DA:494,0
DA:495,0
DA:496,0
DA:498,0
DA:500,0
DA:504,0
LF:180
LH:0
BRDA:44,0,0,0
BRDA:86,1,0,0
BRDA:86,1,1,0
BRDA:87,2,0,0
BRDA:87,2,1,0
BRDA:104,3,0,0
BRDA:104,3,1,0
BRDA:127,4,0,0
BRDA:127,4,1,0
BRDA:128,5,0,0
BRDA:128,5,1,0
BRDA:245,6,0,0
BRDA:245,6,1,0
BRDA:289,7,0,0
BRDA:289,7,1,0
BRDA:328,8,0,0
BRDA:328,8,1,0
BRDA:345,9,0,0
BRDA:378,10,0,0
BRDA:378,10,1,0
BRDA:402,11,0,0
BRDA:402,11,1,0
BRDA:416,12,0,0
BRDA:416,12,1,0
BRDA:435,13,0,0
BRDA:435,13,1,0
BRDA:444,14,0,0
BRDA:445,15,0,0
BRDA:445,15,1,0
BRDA:455,16,0,0
BRDA:455,16,1,0
BRDA:460,17,0,0
BRDA:460,17,1,0
BRDA:490,18,0,0
BRDA:490,18,1,0
BRF:35
BRH:0
end_of_record
TN:
SF:js/application/OptimizedApplicationService.js
FN:10,(anonymous_0)
FN:20,(anonymous_1)
FN:50,(anonymous_2)
FN:54,(anonymous_3)
FN:62,(anonymous_4)
FN:67,(anonymous_5)
FN:72,(anonymous_6)
FN:75,(anonymous_7)
FN:78,(anonymous_8)
FN:81,(anonymous_9)
FN:84,(anonymous_10)
FN:88,(anonymous_11)
FN:92,(anonymous_12)
FN:95,(anonymous_13)
FN:99,(anonymous_14)
FN:110,(anonymous_15)
FN:128,(anonymous_16)
FN:141,(anonymous_17)
FN:144,(anonymous_18)
FN:151,(anonymous_19)
FN:156,(anonymous_20)
FN:176,(anonymous_21)
FN:183,(anonymous_22)
FN:199,(anonymous_23)
FNF:24
FNH:0
FNDA:0,(anonymous_0)
FNDA:0,(anonymous_1)
FNDA:0,(anonymous_2)
FNDA:0,(anonymous_3)
FNDA:0,(anonymous_4)
FNDA:0,(anonymous_5)
FNDA:0,(anonymous_6)
FNDA:0,(anonymous_7)
FNDA:0,(anonymous_8)
FNDA:0,(anonymous_9)
FNDA:0,(anonymous_10)
FNDA:0,(anonymous_11)
FNDA:0,(anonymous_12)
FNDA:0,(anonymous_13)
FNDA:0,(anonymous_14)
FNDA:0,(anonymous_15)
FNDA:0,(anonymous_16)
FNDA:0,(anonymous_17)
FNDA:0,(anonymous_18)
FNDA:0,(anonymous_19)
FNDA:0,(anonymous_20)
FNDA:0,(anonymous_21)
FNDA:0,(anonymous_22)
FNDA:0,(anonymous_23)
DA:11,0
DA:12,0
DA:13,0
DA:14,0
DA:21,0
DA:22,0
DA:25,0
DA:28,0
DA:31,0
DA:34,0
DA:37,0
DA:39,0
DA:40,0
DA:42,0
DA:43,0
DA:52,0
DA:55,0
DA:62,0
DA:63,0
DA:67,0
DA:68,0
DA:72,0
DA:73,0
DA:74,0
DA:76,0
DA:79,0
DA:82,0
DA:85,0
DA:86,0
DA:89,0
DA:90,0
DA:93,0
DA:96,0
DA:97,0
DA:100,0
DA:101,0
DA:112,0
DA:113,0
DA:117,0
DA:118,0
DA:130,0
DA:132,0
DA:133,0
DA:141,0
DA:144,0
DA:145,0
DA:153,0
DA:157,0
DA:158,0
DA:162,0
DA:163,0
DA:164,0
DA:167,0
DA:177,0
DA:184,0
DA:200,0
DA:202,0
DA:203,0
DA:205,0
DA:206,0
DA:209,0
DA:212,0
LF:62
LH:0
BRDA:20,0,0,0
BRDA:56,1,0,0
BRDA:56,1,1,0
BRDA:57,2,0,0
BRDA:57,2,1,0
BRDA:112,3,0,0
BRDA:112,3,1,0
BRDA:117,4,0,0
BRDA:117,4,1,0
BRDA:120,5,0,0
BRDA:120,5,1,0
BRDA:135,6,0,0
BRDA:135,6,1,0
BRDA:136,7,0,0
BRDA:136,7,1,0
BRDA:157,8,0,0
BRDA:157,8,1,0
BRDA:162,9,0,0
BRDA:162,9,1,0
BRDA:203,10,0,0
BRDA:203,10,1,0
BRDA:205,11,0,0
BRDA:205,11,1,0
BRF:23
BRH:0
end_of_record
TN:
SF:js/application/ServiceDefinitions.js
FN:9,registerServices
FN:13,(anonymous_1)
FN:29,(anonymous_2)
FN:45,(anonymous_3)
FN:61,(anonymous_4)
FN:77,(anonymous_5)
FN:95,(anonymous_6)
FN:109,(anonymous_7)
FNF:8
FNH:0
FNDA:0,registerServices
FNDA:0,(anonymous_1)
FNDA:0,(anonymous_2)
FNDA:0,(anonymous_3)
FNDA:0,(anonymous_4)
FNDA:0,(anonymous_5)
FNDA:0,(anonymous_6)
FNDA:0,(anonymous_7)
DA:11,0
DA:14,0
DA:27,0
DA:30,0
DA:43,0
DA:46,0
DA:59,0
DA:62,0
DA:75,0
DA:78,0
DA:93,0
DA:96,0
DA:107,0
DA:110,0
DA:122,0
LF:15
LH:0
BRF:0
BRH:0
end_of_record
TN:
SF:js/application/commands/LoadChordsCommand.js
FN:2,(anonymous_0)
FN:7,(anonymous_1)
FN:27,(anonymous_2)
FN:51,(anonymous_3)
FN:71,(anonymous_4)
FN:84,(anonymous_5)
FN:94,(anonymous_6)
FNF:7
FNH:0
FNDA:0,(anonymous_0)
FNDA:0,(anonymous_1)
FNDA:0,(anonymous_2)
FNDA:0,(anonymous_3)
FNDA:0,(anonymous_4)
FNDA:0,(anonymous_5)
FNDA:0,(anonymous_6)
DA:3,0
DA:4,0
DA:8,0
DA:9,0
DA:10,0
DA:12,0
DA:14,0
DA:16,0
DA:17,0
DA:23,0
DA:28,0
DA:29,0
DA:30,0
DA:32,0
DA:33,0
DA:35,0
DA:38,0
DA:40,0
DA:41,0
DA:47,0
DA:52,0
DA:53,0
DA:54,0
DA:56,0
DA:58,0
DA:60,0
DA:61,0
DA:67,0
DA:73,0
DA:74,0
DA:77,0
DA:78,0
DA:81,0
DA:85,0
DA:86,0
DA:87,0
DA:89,0
DA:90,0
DA:95,0
LF:39
LH:0
BRDA:7,0,0,0
BRDA:32,1,0,0
BRDA:32,1,1,0
BRDA:73,2,0,0
BRDA:73,2,1,0
BRDA:73,3,0,0
BRDA:73,3,1,0
BRDA:77,4,0,0
BRDA:77,4,1,0
BRDA:77,5,0,0
BRDA:77,5,1,0
BRF:11
BRH:0
end_of_record
TN:
SF:js/application/commands/PlayCommand.js
FN:2,(anonymous_0)
FN:7,(anonymous_1)
FN:61,(anonymous_2)
FN:84,(anonymous_3)
FN:107,(anonymous_4)
FN:128,(anonymous_5)
FN:138,(anonymous_6)
FN:147,(anonymous_7)
FN:148,(anonymous_8)
FN:183,(anonymous_9)
FN:190,(anonymous_10)
FN:210,(anonymous_11)
FN:232,(anonymous_12)
FN:242,(anonymous_13)
FNF:14
FNH:0
FNDA:0,(anonymous_0)
FNDA:0,(anonymous_1)
FNDA:0,(anonymous_2)
FNDA:0,(anonymous_3)
FNDA:0,(anonymous_4)
FNDA:0,(anonymous_5)
FNDA:0,(anonymous_6)
FNDA:0,(anonymous_7)
FNDA:0,(anonymous_8)
FNDA:0,(anonymous_9)
FNDA:0,(anonymous_10)
FNDA:0,(anonymous_11)
FNDA:0,(anonymous_12)
FNDA:0,(anonymous_13)
DA:3,0
DA:4,0
DA:8,0
DA:9,0
DA:11,0
DA:12,0
DA:13,0
DA:16,0
DA:18,0
DA:19,0
DA:20,0
DA:24,0
DA:25,0
DA:29,0
DA:30,0
DA:33,0
DA:34,0
DA:38,0
DA:41,0
DA:43,0
DA:48,0
DA:50,0
DA:51,0
DA:57,0
DA:62,0
DA:63,0
DA:65,0
DA:67,0
DA:69,0
DA:71,0
DA:73,0
DA:74,0
DA:80,0
DA:85,0
DA:86,0
DA:88,0
DA:90,0
DA:92,0
DA:94,0
DA:96,0
DA:97,0
DA:103,0
DA:108,0
DA:109,0
DA:111,0
DA:112,0
DA:114,0
DA:117,0
DA:118,0
DA:124,0
DA:130,0
DA:132,0
DA:133,0
DA:135,0
DA:136,0
DA:138,0
DA:139,0
DA:140,0
DA:142,0
DA:143,0
DA:147,0
DA:148,0
DA:150,0
DA:151,0
DA:155,0
DA:161,0
DA:164,0
DA:165,0
DA:166,0
DA:168,0
DA:171,0
DA:172,0
DA:173,0
DA:178,0
DA:179,0
DA:184,0
DA:185,0
DA:186,0
DA:192,0
DA:207,0
DA:211,0
DA:212,0
DA:213,0
DA:217,0
DA:218,0
DA:219,0
DA:223,0
DA:224,0
DA:225,0
DA:229,0
DA:233,0
DA:234,0
DA:235,0
DA:237,0
DA:238,0
DA:243,0
LF:96
LH:0
BRDA:7,0,0,0
BRDA:18,1,0,0
BRDA:18,1,1,0
BRDA:24,2,0,0
BRDA:24,2,1,0
BRDA:29,3,0,0
BRDA:29,3,1,0
BRDA:33,4,0,0
BRDA:33,4,1,0
BRDA:111,5,0,0
BRDA:111,5,1,0
BRDA:135,6,0,0
BRDA:135,6,1,0
BRDA:136,7,0,0
BRDA:136,7,1,0
BRDA:140,8,0,0
BRDA:140,8,1,0
BRDA:164,9,0,0
BRDA:164,9,1,0
BRDA:171,10,0,0
BRDA:171,10,1,0
BRDA:184,11,0,0
BRDA:184,11,1,0
BRDA:207,12,0,0
BRDA:207,12,1,0
BRDA:211,13,0,0
BRDA:211,13,1,0
BRDA:212,14,0,0
BRDA:212,14,1,0
BRDA:212,15,0,0
BRDA:212,15,1,0
BRDA:212,15,2,0
BRDA:217,16,0,0
BRDA:217,16,1,0
BRDA:218,17,0,0
BRDA:218,17,1,0
BRDA:218,18,0,0
BRDA:218,18,1,0
BRDA:223,19,0,0
BRDA:223,19,1,0
BRDA:224,20,0,0
BRDA:224,20,1,0
BRDA:224,21,0,0
BRDA:224,21,1,0
BRF:44
BRH:0
end_of_record
TN:
SF:js/application/commands/UpdateBarCommand.js
FN:2,(anonymous_0)
FN:7,(anonymous_1)
FN:35,(anonymous_2)
FN:70,(anonymous_3)
FN:100,(anonymous_4)
FN:128,(anonymous_5)
FN:140,(anonymous_6)
FN:160,(anonymous_7)
FN:170,(anonymous_8)
FN:180,(anonymous_9)
FNF:10
FNH:0
FNDA:0,(anonymous_0)
FNDA:0,(anonymous_1)
FNDA:0,(anonymous_2)
FNDA:0,(anonymous_3)
FNDA:0,(anonymous_4)
FNDA:0,(anonymous_5)
FNDA:0,(anonymous_6)
FNDA:0,(anonymous_7)
FNDA:0,(anonymous_8)
FNDA:0,(anonymous_9)
DA:3,0
DA:4,0
DA:8,0
DA:9,0
DA:11,0
DA:12,0
DA:14,0
DA:16,0
DA:17,0
DA:18,0
DA:20,0
DA:21,0
DA:24,0
DA:25,0
DA:31,0
DA:36,0
DA:37,0
DA:39,0
DA:40,0
DA:41,0
DA:44,0
DA:49,0
DA:52,0
DA:54,0
DA:55,0
DA:57,0
DA:59,0
DA:60,0
DA:66,0
DA:71,0
DA:72,0
DA:74,0
DA:75,0
DA:76,0
DA:79,0
DA:82,0
DA:84,0
DA:85,0
DA:87,0
DA:89,0
DA:90,0
DA:96,0
DA:101,0
DA:102,0
DA:104,0
DA:105,0
DA:107,0
DA:109,0
DA:110,0
DA:111,0
DA:113,0
DA:114,0
DA:117,0
DA:118,0
DA:124,0
DA:129,0
DA:130,0
DA:133,0
DA:134,0
DA:137,0
DA:141,0
DA:142,0
DA:145,0
DA:146,0
DA:149,0
DA:150,0
DA:153,0
DA:154,0
DA:157,0
DA:161,0
DA:162,0
DA:163,0
DA:165,0
DA:166,0
DA:171,0
DA:172,0
DA:173,0
DA:175,0
DA:176,0
DA:181,0
LF:80
LH:0
BRDA:16,0,0,0
BRDA:16,0,1,0
BRDA:46,1,0,0
BRDA:46,1,1,0
BRDA:109,2,0,0
BRDA:109,2,1,0
BRDA:129,3,0,0
BRDA:129,3,1,0
BRDA:129,4,0,0
BRDA:129,4,1,0
BRDA:133,5,0,0
BRDA:133,5,1,0
BRDA:133,6,0,0
BRDA:133,6,1,0
BRDA:141,7,0,0
BRDA:141,7,1,0
BRDA:141,8,0,0
BRDA:141,8,1,0
BRDA:145,9,0,0
BRDA:145,9,1,0
BRDA:145,10,0,0
BRDA:145,10,1,0
BRDA:149,11,0,0
BRDA:149,11,1,0
BRDA:149,12,0,0
BRDA:149,12,1,0
BRDA:153,13,0,0
BRDA:153,13,1,0
BRDA:153,14,0,0
BRDA:153,14,1,0
BRDA:153,14,2,0
BRF:31
BRH:0
end_of_record
TN:
SF:js/application/queries/GetBarsQuery.js
FN:2,(anonymous_0)
FN:7,(anonymous_1)
FN:39,(anonymous_2)
FN:44,(anonymous_3)
FN:58,(anonymous_4)
FN:75,(anonymous_5)
FN:85,(anonymous_6)
FN:100,(anonymous_7)
FN:123,(anonymous_8)
FN:139,(anonymous_9)
FN:167,(anonymous_10)
FN:179,(anonymous_11)
FN:189,(anonymous_12)
FNF:13
FNH:0
FNDA:0,(anonymous_0)
FNDA:0,(anonymous_1)
FNDA:0,(anonymous_2)
FNDA:0,(anonymous_3)
FNDA:0,(anonymous_4)
FNDA:0,(anonymous_5)
FNDA:0,(anonymous_6)
FNDA:0,(anonymous_7)
FNDA:0,(anonymous_8)
FNDA:0,(anonymous_9)
FNDA:0,(anonymous_10)
FNDA:0,(anonymous_11)
FNDA:0,(anonymous_12)
DA:3,0
DA:4,0
DA:8,0
DA:9,0
DA:11,0
DA:15,0
DA:17,0
DA:18,0
DA:20,0
DA:23,0
DA:26,0
DA:28,0
DA:29,0
DA:35,0
DA:40,0
DA:41,0
DA:45,0
DA:46,0
DA:47,0
DA:50,0
DA:51,0
DA:54,0
DA:55,0
DA:58,0
DA:59,0
DA:62,0
DA:64,0
DA:65,0
DA:71,0
DA:76,0
DA:77,0
DA:78,0
DA:81,0
DA:82,0
DA:85,0
DA:87,0
DA:89,0
DA:90,0
DA:96,0
DA:101,0
DA:102,0
DA:104,0
DA:105,0
DA:106,0
DA:107,0
DA:109,0
DA:112,0
DA:113,0
DA:119,0
DA:124,0
DA:125,0
DA:126,0
DA:128,0
DA:129,0
DA:135,0
DA:140,0
DA:141,0
DA:143,0
DA:144,0
DA:148,0
DA:150,0
DA:151,0
DA:154,0
DA:156,0
DA:157,0
DA:163,0
DA:168,0
DA:169,0
DA:172,0
DA:173,0
DA:176,0
DA:180,0
DA:181,0
DA:182,0
DA:184,0
DA:185,0
DA:190,0
LF:77
LH:0
BRDA:7,0,0,0
BRDA:15,1,0,0
BRDA:15,1,1,0
BRDA:18,2,0,0
BRDA:18,2,1,0
BRDA:46,3,0,0
BRDA:46,3,1,0
BRDA:46,4,0,0
BRDA:46,4,1,0
BRDA:46,4,2,0
BRDA:50,5,0,0
BRDA:50,5,1,0
BRDA:50,6,0,0
BRDA:50,6,1,0
BRDA:50,6,2,0
BRDA:59,7,0,0
BRDA:59,7,1,0
BRDA:77,8,0,0
BRDA:77,8,1,0
BRDA:77,9,0,0
BRDA:77,9,1,0
BRDA:77,9,2,0
BRDA:87,10,0,0
BRDA:87,10,1,0
BRDA:100,11,0,0
BRDA:104,12,0,0
BRDA:104,12,1,0
BRDA:106,13,0,0
BRDA:106,13,1,0
BRDA:139,14,0,0
BRDA:143,15,0,0
BRDA:143,15,1,0
BRDA:144,16,0,0
BRDA:144,16,1,0
BRDA:168,17,0,0
BRDA:168,17,1,0
BRDA:168,18,0,0
BRDA:168,18,1,0
BRDA:172,19,0,0
BRDA:172,19,1,0
BRDA:172,20,0,0
BRDA:172,20,1,0
BRF:42
BRH:0
end_of_record
TN:
SF:js/application/queries/GetChordsQuery.js
FN:2,(anonymous_0)
FN:7,(anonymous_1)
FN:39,(anonymous_2)
FN:44,(anonymous_3)
FN:54,(anonymous_4)
FN:69,(anonymous_5)
FN:82,(anonymous_6)
FN:97,(anonymous_7)
FN:120,(anonymous_8)
FN:132,(anonymous_9)
FN:142,(anonymous_10)
FNF:11
FNH:0
FNDA:0,(anonymous_0)
FNDA:0,(anonymous_1)
FNDA:0,(anonymous_2)
FNDA:0,(anonymous_3)
FNDA:0,(anonymous_4)
FNDA:0,(anonymous_5)
FNDA:0,(anonymous_6)
FNDA:0,(anonymous_7)
FNDA:0,(anonymous_8)
FNDA:0,(anonymous_9)
FNDA:0,(anonymous_10)
DA:3,0
DA:4,0
DA:8,0
DA:9,0
DA:11,0
DA:15,0
DA:17,0
DA:18,0
DA:20,0
DA:23,0
DA:26,0
DA:28,0
DA:29,0
DA:35,0
DA:40,0
DA:41,0
DA:45,0
DA:46,0
DA:47,0
DA:50,0
DA:51,0
DA:54,0
DA:56,0
DA:58,0
DA:59,0
DA:65,0
DA:70,0
DA:71,0
DA:72,0
DA:75,0
DA:76,0
DA:79,0
DA:82,0
DA:84,0
DA:86,0
DA:87,0
DA:93,0
DA:98,0
DA:99,0
DA:101,0
DA:102,0
DA:103,0
DA:104,0
DA:106,0
DA:109,0
DA:110,0
DA:116,0
DA:121,0
DA:122,0
DA:125,0
DA:126,0
DA:129,0
DA:133,0
DA:134,0
DA:135,0
DA:137,0
DA:138,0
DA:143,0
LF:58
LH:0
BRDA:7,0,0,0
BRDA:15,1,0,0
BRDA:15,1,1,0
BRDA:18,2,0,0
BRDA:18,2,1,0
BRDA:46,3,0,0
BRDA:46,3,1,0
BRDA:46,4,0,0
BRDA:46,4,1,0
BRDA:71,5,0,0
BRDA:71,5,1,0
BRDA:71,6,0,0
BRDA:71,6,1,0
BRDA:75,7,0,0
BRDA:75,7,1,0
BRDA:75,8,0,0
BRDA:75,8,1,0
BRDA:75,8,2,0
BRDA:84,9,0,0
BRDA:84,9,1,0
BRDA:97,10,0,0
BRDA:101,11,0,0
BRDA:101,11,1,0
BRDA:103,12,0,0
BRDA:103,12,1,0
BRDA:121,13,0,0
BRDA:121,13,1,0
BRDA:121,14,0,0
BRDA:121,14,1,0
BRDA:125,15,0,0
BRDA:125,15,1,0
BRDA:125,16,0,0
BRDA:125,16,1,0
BRF:33
BRH:0
end_of_record
TN:
SF:js/application/services/ApplicationService.js
FN:2,(anonymous_0)
FN:8,(anonymous_1)
FN:38,(anonymous_2)
FN:52,(anonymous_3)
FN:74,(anonymous_4)
FN:81,(anonymous_5)
FN:88,(anonymous_6)
FN:119,(anonymous_7)
FN:147,(anonymous_8)
FN:157,(anonymous_9)
FN:161,(anonymous_10)
FN:165,(anonymous_11)
FN:169,(anonymous_12)
FNF:13
FNH:0
FNDA:0,(anonymous_0)
FNDA:0,(anonymous_1)
FNDA:0,(anonymous_2)
FNDA:0,(anonymous_3)
FNDA:0,(anonymous_4)
FNDA:0,(anonymous_5)
FNDA:0,(anonymous_6)
FNDA:0,(anonymous_7)
FNDA:0,(anonymous_8)
FNDA:0,(anonymous_9)
FNDA:0,(anonymous_10)
FNDA:0,(anonymous_11)
FNDA:0,(anonymous_12)
DA:3,0
DA:4,0
DA:5,0
DA:9,0
DA:10,0
DA:13,0
DA:16,0
DA:19,0
DA:22,0
DA:25,0
DA:27,0
DA:28,0
DA:30,0
DA:32,0
DA:33,0
DA:34,0
DA:39,0
DA:42,0
DA:43,0
DA:44,0
DA:45,0
DA:47,0
DA:48,0
DA:53,0
DA:56,0
DA:57,0
DA:60,0
DA:63,0
DA:64,0
DA:67,0
DA:70,0
DA:71,0
DA:75,0
DA:82,0
DA:89,0
DA:91,0
DA:93,0
DA:94,0
DA:95,0
DA:96,0
DA:100,0
DA:101,0
DA:102,0
DA:103,0
DA:107,0
DA:108,0
DA:112,0
DA:114,0
DA:120,0
DA:121,0
DA:124,0
DA:125,0
DA:128,0
DA:129,0
DA:130,0
DA:134,0
DA:135,0
DA:137,0
DA:138,0
DA:140,0
DA:142,0
DA:143,0
DA:148,0
DA:149,0
DA:150,0
DA:152,0
DA:153,0
DA:158,0
DA:162,0
DA:166,0
DA:170,0
LF:71
LH:0
BRDA:47,0,0,0
BRDA:47,0,1,0
BRDA:47,1,0,0
BRDA:47,1,1,0
BRDA:47,1,2,0
BRDA:47,1,3,0
BRDA:95,2,0,0
BRDA:95,2,1,0
BRDA:102,3,0,0
BRDA:102,3,1,0
BRDA:129,4,0,0
BRDA:129,4,1,0
BRF:12
BRH:0
end_of_record
TN:
SF:js/application/services/ErrorHandlingService.js
FN:2,(anonymous_0)
FN:11,(anonymous_1)
FN:16,(anonymous_2)
FN:25,(anonymous_3)
FN:26,(anonymous_4)
FN:31,(anonymous_5)
FN:39,(anonymous_6)
FN:44,(anonymous_7)
FN:48,(anonymous_8)
FN:52,(anonymous_9)
FN:86,(anonymous_10)
FN:96,(anonymous_11)
FN:104,(anonymous_12)
FN:119,(anonymous_13)
FN:126,(anonymous_14)
FN:133,(anonymous_15)
FN:140,(anonymous_16)
FN:153,(anonymous_17)
FN:162,(anonymous_18)
FN:167,(anonymous_19)
FN:169,(anonymous_20)
FN:177,(anonymous_21)
FN:181,(anonymous_22)
FN:185,(anonymous_23)
FN:186,(anonymous_24)
FN:189,(anonymous_25)
FN:193,(anonymous_26)
FN:212,(anonymous_27)
FNF:28
FNH:0
FNDA:0,(anonymous_0)
FNDA:0,(anonymous_1)
FNDA:0,(anonymous_2)
FNDA:0,(anonymous_3)
FNDA:0,(anonymous_4)
FNDA:0,(anonymous_5)
FNDA:0,(anonymous_6)
FNDA:0,(anonymous_7)
FNDA:0,(anonymous_8)
FNDA:0,(anonymous_9)
FNDA:0,(anonymous_10)
FNDA:0,(anonymous_11)
FNDA:0,(anonymous_12)
FNDA:0,(anonymous_13)
FNDA:0,(anonymous_14)
FNDA:0,(anonymous_15)
FNDA:0,(anonymous_16)
FNDA:0,(anonymous_17)
FNDA:0,(anonymous_18)
FNDA:0,(anonymous_19)
FNDA:0,(anonymous_20)
FNDA:0,(anonymous_21)
FNDA:0,(anonymous_22)
FNDA:0,(anonymous_23)
FNDA:0,(anonymous_24)
FNDA:0,(anonymous_25)
FNDA:0,(anonymous_26)
FNDA:0,(anonymous_27)
DA:3,0
DA:4,0
DA:5,0
DA:6,0
DA:8,0
DA:12,0
DA:13,0
DA:18,0
DA:19,0
DA:20,0
DA:21,0
DA:22,0
DA:26,0
DA:27,0
DA:31,0
DA:32,0
DA:39,0
DA:40,0
DA:45,0
DA:49,0
DA:53,0
DA:62,0
DA:65,0
DA:66,0
DA:70,0
DA:73,0
DA:74,0
DA:75,0
DA:76,0
DA:78,0
DA:83,0
DA:87,0
DA:90,0
DA:93,0
DA:94,0
DA:95,0
DA:96,0
DA:97,0
DA:100,0
DA:105,0
DA:108,0
DA:111,0
DA:112,0
DA:115,0
DA:120,0
DA:123,0
DA:127,0
DA:130,0
DA:134,0
DA:137,0
DA:141,0
DA:143,0
DA:144,0
DA:145,0
DA:146,0
DA:147,0
DA:149,0
DA:155,0
DA:156,0
DA:157,0
DA:159,0
DA:162,0
DA:163,0
DA:167,0
DA:168,0
DA:169,0
DA:170,0
DA:171,0
DA:178,0
DA:182,0
DA:186,0
DA:190,0
DA:194,0
DA:199,0
DA:200,0
DA:202,0
DA:203,0
DA:204,0
DA:205,0
DA:206,0
DA:207,0
DA:209,0
DA:213,0
DA:214,0
DA:215,0
LF:85
LH:0
BRDA:52,0,0,0
BRDA:52,1,0,0
BRDA:65,2,0,0
BRDA:65,2,1,0
BRDA:73,3,0,0
BRDA:73,3,1,0
BRDA:74,4,0,0
BRDA:74,4,1,0
BRDA:141,5,0,0
BRDA:141,5,1,0
BRDA:143,6,0,0
BRDA:143,6,1,0
BRDA:170,7,0,0
BRDA:170,7,1,0
BRF:14
BRH:0
end_of_record
TN:
SF:js/application/services/InitializationService.js
FN:2,(anonymous_0)
FN:9,(anonymous_1)
FN:53,(anonymous_2)
FN:57,(anonymous_3)
FN:63,(anonymous_4)
FN:69,(anonymous_5)
FN:75,(anonymous_6)
FN:81,(anonymous_7)
FN:87,(anonymous_8)
FN:94,(anonymous_9)
FN:111,(anonymous_10)
FN:119,(anonymous_11)
FN:125,(anonymous_12)
FN:130,(anonymous_13)
FN:135,(anonymous_14)
FN:151,(anonymous_15)
FN:155,(anonymous_16)
FN:159,(anonymous_17)
FN:166,(anonymous_18)
FN:173,(anonymous_19)
FN:179,(anonymous_20)
FN:184,(anonymous_21)
FNF:22
FNH:0
FNDA:0,(anonymous_0)
FNDA:0,(anonymous_1)
FNDA:0,(anonymous_2)
FNDA:0,(anonymous_3)
FNDA:0,(anonymous_4)
FNDA:0,(anonymous_5)
FNDA:0,(anonymous_6)
FNDA:0,(anonymous_7)
FNDA:0,(anonymous_8)
FNDA:0,(anonymous_9)
FNDA:0,(anonymous_10)
FNDA:0,(anonymous_11)
FNDA:0,(anonymous_12)
FNDA:0,(anonymous_13)
FNDA:0,(anonymous_14)
FNDA:0,(anonymous_15)
FNDA:0,(anonymous_16)
FNDA:0,(anonymous_17)
FNDA:0,(anonymous_18)
FNDA:0,(anonymous_19)
FNDA:0,(anonymous_20)
FNDA:0,(anonymous_21)
DA:3,0
DA:4,0
DA:5,0
DA:6,0
DA:10,0
DA:11,0
DA:14,0
DA:17,0
DA:18,0
DA:19,0
DA:21,0
DA:22,0
DA:28,0
DA:30,0
DA:37,0
DA:38,0
DA:40,0
DA:42,0
DA:43,0
DA:49,0
DA:54,0
DA:58,0
DA:64,0
DA:70,0
DA:76,0
DA:82,0
DA:88,0
DA:96,0
DA:103,0
DA:104,0
DA:105,0
DA:106,0
DA:112,0
DA:113,0
DA:115,0
DA:116,0
DA:120,0
DA:122,0
DA:126,0
DA:127,0
DA:137,0
DA:138,0
DA:139,0
DA:140,0
DA:144,0
DA:145,0
DA:146,0
DA:147,0
DA:152,0
DA:156,0
DA:160,0
DA:161,0
DA:163,0
DA:167,0
DA:174,0
DA:175,0
DA:180,0
DA:181,0
DA:185,0
LF:59
LH:0
BRDA:105,0,0,0
BRDA:105,0,1,0
BRDA:139,1,0,0
BRDA:139,1,1,0
BRDA:146,2,0,0
BRDA:146,2,1,0
BRDA:160,3,0,0
BRDA:160,3,1,0
BRDA:160,4,0,0
BRDA:160,4,1,0
BRDA:174,5,0,0
BRDA:174,5,1,0
BRDA:174,6,0,0
BRDA:174,6,1,0
BRF:14
BRH:0
end_of_record
TN:
SF:js/core/ConfigManager.js
FN:2,(anonymous_0)
FN:19,(anonymous_1)
FN:20,(anonymous_2)
FN:25,(anonymous_3)
FN:28,(anonymous_4)
FN:37,(anonymous_5)
FN:41,(anonymous_6)
FNF:7
FNH:7
FNDA:30,(anonymous_0)
FNDA:1053,(anonymous_1)
FNDA:2223,(anonymous_2)
FNDA:1031,(anonymous_3)
FNDA:1156,(anonymous_4)
FNDA:5,(anonymous_5)
FNDA:3,(anonymous_6)
DA:3,30
DA:20,1053
DA:21,2223
DA:26,1031
DA:27,1031
DA:28,1031
DA:29,1156
DA:30,137
DA:32,1156
DA:34,1031
DA:38,5
DA:43,3
LF:12
LH:12
BRDA:21,0,0,2222
BRDA:21,0,1,1
BRDA:29,1,0,137
BRDA:29,1,1,1019
BRF:4
BRH:4
end_of_record
TN:
SF:js/core/EventAggregator.js
FN:2,(anonymous_0)
FN:14,(anonymous_1)
FN:15,(anonymous_2)
FN:28,(anonymous_3)
FN:45,(anonymous_4)
FN:46,(anonymous_5)
FN:67,(anonymous_6)
FN:68,(anonymous_7)
FN:87,(anonymous_8)
FN:96,(anonymous_9)
FNF:10
FNH:10
FNDA:37,(anonymous_0)
FNDA:23,(anonymous_1)
FNDA:32,(anonymous_2)
FNDA:13,(anonymous_3)
FNDA:110,(anonymous_4)
FNDA:1220,(anonymous_5)
FNDA:6,(anonymous_6)
FNDA:15,(anonymous_7)
FNDA:38,(anonymous_8)
FNDA:13,(anonymous_9)
DA:3,37
DA:4,37
DA:5,37
DA:15,23
DA:16,32
DA:17,23
DA:20,32
DA:23,32
DA:24,9
DA:28,32
DA:29,13
DA:30,13
DA:31,8
DA:32,8
DA:35,32
DA:46,110
DA:47,1220
DA:48,111
DA:51,1220
DA:52,1220
DA:54,1220
DA:55,111
DA:56,111
DA:68,6
DA:69,15
DA:70,6
DA:73,15
DA:74,15
DA:76,15
DA:77,4
DA:78,4
DA:88,38
DA:89,3
DA:90,3
DA:91,2
DA:92,2
DA:95,35
DA:96,35
DA:97,35
LF:39
LH:39
BRDA:16,0,0,23
BRDA:16,0,1,9
BRDA:23,1,0,9
BRDA:23,1,1,23
BRDA:29,2,0,13
BRDA:29,2,1,0
BRDA:47,3,0,111
BRDA:47,3,1,1109
BRDA:54,4,0,111
BRDA:54,4,1,1109
BRDA:69,5,0,6
BRDA:69,5,1,9
BRDA:76,6,0,4
BRDA:76,6,1,11
BRDA:87,7,0,35
BRDA:88,8,0,3
BRDA:88,8,1,35
BRDA:90,9,0,2
BRDA:90,9,1,1
BRF:19
BRH:18
end_of_record
TN:
SF:js/core/EventBus.js
FN:2,(anonymous_0)
FN:25,(anonymous_1)
FN:46,(anonymous_2)
FN:52,(anonymous_3)
FN:62,(anonymous_4)
FN:71,(anonymous_5)
FN:92,(anonymous_6)
FN:118,(anonymous_7)
FN:158,(anonymous_8)
FN:194,(anonymous_9)
FN:206,(anonymous_10)
FN:215,(anonymous_11)
FN:224,(anonymous_12)
FN:231,(anonymous_13)
FN:239,(anonymous_14)
FN:244,(anonymous_15)
FN:254,(anonymous_16)
FN:269,(anonymous_17)
FN:308,(anonymous_18)
FN:347,(anonymous_19)
FN:365,(anonymous_20)
FN:389,(anonymous_21)
FN:399,(anonymous_22)
FNF:23
FNH:23
FNDA:134,(anonymous_0)
FNDA:311,(anonymous_1)
FNDA:4963,(anonymous_2)
FNDA:3,(anonymous_3)
FNDA:2,(anonymous_4)
FNDA:5,(anonymous_5)
FNDA:2,(anonymous_6)
FNDA:3377,(anonymous_7)
FNDA:2,(anonymous_8)
FNDA:44,(anonymous_9)
FNDA:5,(anonymous_10)
FNDA:5,(anonymous_11)
FNDA:5,(anonymous_12)
FNDA:1,(anonymous_13)
FNDA:3,(anonymous_14)
FNDA:2,(anonymous_15)
FNDA:114,(anonymous_16)
FNDA:3367,(anonymous_17)
FNDA:2,(anonymous_18)
FNDA:3367,(anonymous_19)
FNDA:14,(anonymous_20)
FNDA:3699,(anonymous_21)
FNDA:311,(anonymous_22)
DA:3,134
DA:4,134
DA:5,134
DA:6,134
DA:7,134
DA:8,134
DA:11,134
DA:26,311
DA:27,0
DA:30,311
DA:31,202
DA:34,311
DA:42,311
DA:45,311
DA:46,4963
DA:47,311
DA:49,311
DA:52,311
DA:63,2
DA:72,5
DA:73,5
DA:74,5
DA:75,5
DA:76,5
DA:77,5
DA:78,5
DA:82,5
DA:83,5
DA:93,2
DA:95,1
DA:96,2
DA:97,2
DA:98,2
DA:101,2
DA:102,2
DA:107,1
DA:108,1
DA:119,3377
DA:129,3377
DA:130,63
DA:131,70
DA:132,70
DA:133,62
DA:134,10
DA:137,8
DA:143,3367
DA:146,3367
DA:148,3367
DA:149,3367
DA:159,2
DA:169,2
DA:170,0
DA:171,0
DA:172,0
DA:173,0
DA:176,0
DA:181,2
DA:183,2
DA:184,2
DA:195,44
DA:196,0
DA:198,44
DA:207,5
DA:208,5
DA:216,5
DA:225,5
DA:232,1
DA:240,3
DA:244,2
DA:255,114
DA:256,114
DA:257,114
DA:258,114
DA:270,3367
DA:272,3367
DA:273,58
DA:276,3309
DA:277,3309
DA:279,3309
DA:280,3416
DA:281,3416
DA:282,0
DA:285,3416
DA:286,3416
DA:288,3411
DA:289,2
DA:292,3411
DA:294,5
DA:299,3309
DA:300,2
DA:309,2
DA:311,2
DA:312,0
DA:315,2
DA:316,2
DA:318,2
DA:319,2
DA:320,2
DA:321,0
DA:324,2
DA:325,2
DA:327,1
DA:328,0
DA:331,1
DA:333,1
DA:338,2
DA:339,0
DA:348,3367
DA:356,3367
DA:357,2801
DA:366,14
DA:368,14
DA:377,14
DA:380,14
DA:381,11
DA:390,3699
DA:391,2
DA:400,311
LF:118
LH:106
BRDA:2,0,0,12
BRDA:7,1,0,134
BRDA:7,1,1,132
BRDA:8,2,0,134
BRDA:8,2,1,132
BRDA:25,3,0,304
BRDA:26,4,0,0
BRDA:26,4,1,311
BRDA:30,5,0,202
BRDA:30,5,1,109
BRDA:36,6,0,311
BRDA:36,6,1,307
BRDA:37,7,0,311
BRDA:37,7,1,310
BRDA:38,8,0,311
BRDA:38,8,1,309
BRDA:62,9,0,2
BRDA:72,10,0,5
BRDA:72,10,1,0
BRDA:75,11,0,5
BRDA:75,11,1,0
BRDA:82,12,0,5
BRDA:82,12,1,0
BRDA:92,13,0,1
BRDA:93,14,0,1
BRDA:93,14,1,1
BRDA:97,15,0,2
BRDA:97,15,1,0
BRDA:101,16,0,2
BRDA:101,16,1,0
BRDA:118,17,0,25
BRDA:118,18,0,3364
BRDA:123,19,0,3377
BRDA:123,19,1,3364
BRDA:129,20,0,63
BRDA:129,20,1,3314
BRDA:133,21,0,10
BRDA:133,21,1,52
BRDA:158,22,0,1
BRDA:158,23,0,2
BRDA:163,24,0,2
BRDA:163,24,1,2
BRDA:172,25,0,0
BRDA:172,25,1,0
BRDA:195,26,0,0
BRDA:195,26,1,44
BRDA:208,27,0,2
BRDA:208,27,1,3
BRDA:224,28,0,5
BRDA:272,29,0,58
BRDA:272,29,1,3309
BRDA:272,30,0,3367
BRDA:272,30,1,3309
BRDA:281,31,0,0
BRDA:281,31,1,3416
BRDA:285,32,0,3416
BRDA:285,32,1,3415
BRDA:288,33,0,2
BRDA:288,33,1,3409
BRDA:311,34,0,0
BRDA:311,34,1,2
BRDA:311,35,0,2
BRDA:311,35,1,2
BRDA:320,36,0,0
BRDA:320,36,1,2
BRDA:324,37,0,2
BRDA:324,37,1,2
BRDA:327,38,0,0
BRDA:327,38,1,1
BRDA:356,39,0,2801
BRDA:356,39,1,566
BRDA:365,40,0,8
BRDA:373,41,0,6
BRDA:373,41,1,8
BRDA:380,42,0,11
BRDA:380,42,1,3
BRDA:389,43,0,0
BRDA:390,44,0,2
BRDA:390,44,1,3697
BRF:79
BRH:65
end_of_record
TN:
SF:js/core/EventMiddleware.js
FN:5,(anonymous_0)
FN:12,(anonymous_1)
FN:43,(anonymous_2)
FN:49,(anonymous_3)
FN:53,(anonymous_4)
FN:66,(anonymous_5)
FN:67,(anonymous_6)
FN:87,(anonymous_7)
FN:88,(anonymous_8)
FN:96,(anonymous_9)
FN:97,(anonymous_10)
FN:108,(anonymous_11)
FN:111,(anonymous_12)
FN:118,(anonymous_13)
FN:134,(anonymous_14)
FN:137,(anonymous_15)
FNF:16
FNH:15
FNDA:16,(anonymous_0)
FNDA:27,(anonymous_1)
FNDA:4,(anonymous_2)
FNDA:5,(anonymous_3)
FNDA:0,(anonymous_4)
FNDA:9,(anonymous_5)
FNDA:11,(anonymous_6)
FNDA:7,(anonymous_7)
FNDA:10,(anonymous_8)
FNDA:10,(anonymous_9)
FNDA:13,(anonymous_10)
FNDA:3,(anonymous_11)
FNDA:5,(anonymous_12)
FNDA:4,(anonymous_13)
FNDA:3,(anonymous_14)
FNDA:7,(anonymous_15)
DA:10,16
DA:12,16
DA:13,27
DA:14,2
DA:17,25
DA:19,25
DA:21,1
DA:22,1
DA:24,21
DA:25,21
DA:27,1
DA:28,1
DA:30,1
DA:31,1
DA:33,1
DA:36,25
DA:47,4
DA:49,4
DA:50,5
DA:53,5
DA:54,0
DA:56,0
DA:57,0
DA:67,9
DA:68,11
DA:69,11
DA:70,9
DA:71,8
DA:72,3
DA:76,3
DA:80,7
DA:88,7
DA:89,10
DA:97,10
DA:98,13
DA:99,13
DA:100,11
DA:109,3
DA:111,3
DA:112,5
DA:114,5
DA:115,1
DA:118,5
DA:119,4
DA:121,4
DA:124,5
DA:127,5
DA:135,3
DA:137,3
DA:138,7
DA:139,7
DA:141,7
DA:142,3
DA:143,3
DA:144,2
DA:148,5
DA:149,5
LF:57
LH:54
BRDA:5,0,0,5
BRDA:7,1,0,8
BRDA:8,2,0,14
BRDA:9,3,0,15
BRDA:13,4,0,2
BRDA:13,4,1,25
BRDA:17,5,0,24
BRDA:17,5,1,1
BRDA:19,6,0,1
BRDA:19,6,1,21
BRDA:19,6,2,1
BRDA:19,6,3,1
BRDA:19,6,4,1
BRDA:43,7,0,1
BRDA:45,8,0,2
BRDA:46,9,0,2
BRDA:56,10,0,0
BRDA:56,10,1,0
BRDA:56,11,0,0
BRDA:56,11,1,0
BRDA:69,12,0,9
BRDA:69,12,1,2
BRDA:69,13,0,11
BRDA:69,13,1,9
BRDA:71,14,0,3
BRDA:71,14,1,5
BRDA:99,15,0,11
BRDA:99,15,1,2
BRDA:99,16,0,13
BRDA:99,16,1,11
BRDA:108,17,0,0
BRDA:114,18,0,1
BRDA:114,18,1,4
BRDA:134,19,0,0
BRDA:141,20,0,3
BRDA:141,20,1,4
BRDA:143,21,0,2
BRDA:143,21,1,1
BRF:38
BRH:32
end_of_record
TN:
SF:js/core/EventTypes.js
FNF:0
FNH:0
DA:1,0
LF:1
LH:0
BRF:0
BRH:0
end_of_record
TN:
SF:js/core/ServiceContainer.js
FN:2,(anonymous_0)
FN:18,(anonymous_1)
FN:52,(anonymous_2)
FN:62,(anonymous_3)
FN:71,(anonymous_4)
FN:100,(anonymous_5)
FN:140,(anonymous_6)
FN:141,(anonymous_7)
FN:156,(anonymous_8)
FN:175,(anonymous_9)
FN:209,(anonymous_10)
FN:214,(anonymous_11)
FN:250,(anonymous_12)
FN:271,(anonymous_13)
FN:279,(anonymous_14)
FN:301,(anonymous_15)
FN:327,(anonymous_16)
FN:352,(anonymous_17)
FN:377,(anonymous_18)
FN:395,(anonymous_19)
FN:415,(anonymous_20)
FNF:21
FNH:7
FNDA:40,(anonymous_0)
FNDA:20,(anonymous_1)
FNDA:0,(anonymous_2)
FNDA:0,(anonymous_3)
FNDA:11,(anonymous_4)
FNDA:11,(anonymous_5)
FNDA:11,(anonymous_6)
FNDA:1,(anonymous_7)
FNDA:0,(anonymous_8)
FNDA:0,(anonymous_9)
FNDA:0,(anonymous_10)
FNDA:0,(anonymous_11)
FNDA:0,(anonymous_12)
FNDA:6,(anonymous_13)
FNDA:0,(anonymous_14)
FNDA:0,(anonymous_15)
FNDA:0,(anonymous_16)
FNDA:0,(anonymous_17)
FNDA:0,(anonymous_18)
FNDA:0,(anonymous_19)
FNDA:0,(anonymous_20)
DA:3,40
DA:4,40
DA:5,40
DA:6,40
DA:7,40
DA:8,40
DA:9,40
DA:19,20
DA:20,0
DA:23,20
DA:37,20
DA:38,20
DA:40,20
DA:53,0
DA:63,0
DA:72,11
DA:73,0
DA:77,11
DA:78,0
DA:85,11
DA:88,11
DA:89,0
DA:93,11
DA:101,11
DA:103,11
DA:105,11
DA:110,11
DA:113,10
DA:114,8
DA:118,10
DA:125,10
DA:130,10
DA:132,11
DA:141,11
DA:142,1
DA:143,1
DA:144,0
DA:145,0
DA:147,0
DA:157,0
DA:160,0
DA:162,0
DA:164,0
DA:165,0
DA:168,0
DA:176,0
DA:177,0
DA:180,0
DA:181,0
DA:183,0
DA:184,0
DA:187,0
DA:188,0
DA:191,0
DA:195,0
DA:198,0
DA:199,0
DA:201,0
DA:210,0
DA:211,0
DA:212,0
DA:214,0
DA:215,0
DA:216,0
DA:219,0
DA:220,0
DA:223,0
DA:225,0
DA:226,0
DA:227,0
DA:228,0
DA:229,0
DA:233,0
DA:234,0
DA:235,0
DA:238,0
DA:239,0
DA:242,0
DA:251,0
DA:253,0
DA:254,0
DA:255,0
DA:263,0
DA:272,6
DA:280,0
DA:281,0
DA:285,0
DA:288,0
DA:289,0
DA:290,0
DA:291,0
DA:292,0
DA:294,0
DA:302,0
DA:303,0
DA:304,0
DA:307,0
DA:310,0
DA:314,0
DA:315,0
DA:317,0
DA:321,0
DA:328,0
DA:331,0
DA:332,0
DA:336,0
DA:337,0
DA:338,0
DA:339,0
DA:340,0
DA:341,0
DA:342,0
DA:344,0
DA:353,0
DA:354,0
DA:356,0
DA:357,0
DA:360,0
DA:378,0
DA:379,0
DA:380,0
DA:382,0
DA:396,0
DA:398,0
DA:399,0
DA:400,0
DA:401,0
DA:403,0
DA:407,0
DA:416,0
DA:417,0
DA:418,0
DA:420,0
LF:133
LH:31
BRDA:18,0,0,4
BRDA:19,1,0,0
BRDA:19,1,1,20
BRDA:28,2,0,20
BRDA:28,2,1,18
BRDA:29,3,0,20
BRDA:29,3,1,20
BRDA:30,4,0,20
BRDA:30,4,1,20
BRDA:31,5,0,20
BRDA:31,5,1,20
BRDA:32,6,0,20
BRDA:32,6,1,18
BRDA:52,7,0,0
BRDA:62,8,0,0
BRDA:72,9,0,0
BRDA:72,9,1,11
BRDA:77,10,0,0
BRDA:77,10,1,11
BRDA:88,11,0,0
BRDA:88,11,1,11
BRDA:88,12,0,11
BRDA:88,12,1,9
BRDA:113,13,0,8
BRDA:113,13,1,2
BRDA:142,14,0,1
BRDA:142,14,1,0
BRDA:144,15,0,0
BRDA:144,15,1,0
BRDA:144,16,0,0
BRDA:144,16,1,0
BRDA:156,17,0,0
BRDA:157,18,0,0
BRDA:157,18,1,0
BRDA:176,19,0,0
BRDA:176,19,1,0
BRDA:181,20,0,0
BRDA:181,20,1,0
BRDA:187,21,0,0
BRDA:187,21,1,0
BRDA:187,22,0,0
BRDA:187,22,1,0
BRDA:191,23,0,0
BRDA:191,23,1,0
BRDA:192,24,0,0
BRDA:192,24,1,0
BRDA:215,25,0,0
BRDA:215,25,1,0
BRDA:219,26,0,0
BRDA:219,26,1,0
BRDA:225,27,0,0
BRDA:225,27,1,0
BRDA:227,28,0,0
BRDA:227,28,1,0
BRDA:228,29,0,0
BRDA:228,29,1,0
BRDA:254,30,0,0
BRDA:254,30,1,0
BRDA:280,31,0,0
BRDA:280,31,1,0
BRDA:303,32,0,0
BRDA:303,32,1,0
BRDA:310,33,0,0
BRDA:310,33,1,0
BRDA:311,34,0,0
BRDA:311,34,1,0
BRDA:356,35,0,0
BRDA:356,35,1,0
BRDA:400,36,0,0
BRDA:400,36,1,0
BRDA:415,37,0,0
BRF:71
BRH:20
end_of_record
TN:
SF:js/core/ServiceLoader.js
FN:2,(anonymous_0)
FN:13,(anonymous_1)
FN:50,(anonymous_2)
FN:69,(anonymous_3)
FN:100,(anonymous_4)
FN:146,(anonymous_5)
FN:155,(anonymous_6)
FNF:7
FNH:7
FNDA:38,(anonymous_0)
FNDA:22,(anonymous_1)
FNDA:15,(anonymous_2)
FNDA:5,(anonymous_3)
FNDA:4,(anonymous_4)
FNDA:3,(anonymous_5)
FNDA:7,(anonymous_6)
DA:3,38
DA:4,38
DA:5,38
DA:14,22
DA:16,20
DA:17,1
DA:18,1
DA:21,19
DA:23,19
DA:25,19
DA:26,17
DA:29,15
DA:34,19
DA:35,4
DA:38,18
DA:39,18
DA:41,1
DA:42,1
DA:51,15
DA:54,15
DA:55,14
DA:62,15
DA:70,5
DA:72,5
DA:73,4
DA:75,4
DA:79,0
DA:82,0
DA:84,0
DA:86,4
DA:88,4
DA:89,3
DA:101,4
DA:107,4
DA:111,4
DA:120,4
DA:121,24
DA:122,2
DA:125,22
DA:126,22
DA:127,22
DA:129,0
DA:134,22
DA:147,3
DA:156,7
LF:45
LH:41
BRDA:13,0,0,20
BRDA:14,1,0,22
BRDA:14,1,1,21
BRDA:14,1,2,2
BRDA:16,2,0,1
BRDA:16,2,1,19
BRDA:25,3,0,17
BRDA:25,3,1,2
BRDA:34,4,0,4
BRDA:34,4,1,15
BRDA:34,5,0,19
BRDA:34,5,1,4
BRDA:50,6,0,0
BRDA:51,7,0,0
BRDA:54,8,0,14
BRDA:54,8,1,1
BRDA:79,9,0,0
BRDA:79,9,1,0
BRDA:79,10,0,0
BRDA:79,10,1,0
BRDA:82,11,0,0
BRDA:82,11,1,0
BRDA:88,12,0,3
BRDA:88,12,1,1
BRDA:100,13,0,2
BRDA:104,14,0,3
BRDA:105,15,0,3
BRDA:106,16,0,3
BRDA:121,17,0,2
BRDA:121,17,1,22
BRF:30
BRH:22
end_of_record
TN:
SF:js/core/ServiceRegistry.js
FN:2,(anonymous_0)
FN:12,(anonymous_1)
FN:43,(anonymous_2)
FN:51,(anonymous_3)
FN:60,(anonymous_4)
FN:77,(anonymous_5)
FN:94,(anonymous_6)
FN:110,(anonymous_7)
FNF:8
FNH:8
FNDA:56,(anonymous_0)
FNDA:38,(anonymous_1)
FNDA:13,(anonymous_2)
FNDA:1,(anonymous_3)
FNDA:2,(anonymous_4)
FNDA:2,(anonymous_5)
FNDA:5,(anonymous_6)
FNDA:3,(anonymous_7)
DA:3,56
DA:13,38
DA:30,37
DA:32,37
DA:44,13
DA:52,1
DA:61,2
DA:63,2
DA:64,3
DA:65,2
DA:69,2
DA:78,2
DA:80,2
DA:81,3
DA:82,2
DA:86,2
DA:95,5
DA:97,5
DA:98,13
DA:99,7
DA:103,5
DA:111,3
DA:112,3
LF:23
LH:23
BRDA:12,0,0,4
BRDA:17,1,0,38
BRDA:17,1,1,36
BRDA:18,2,0,37
BRDA:18,2,1,13
BRDA:19,3,0,37
BRDA:19,3,1,36
BRDA:20,4,0,37
BRDA:20,4,1,36
BRDA:21,5,0,37
BRDA:21,5,1,25
BRDA:22,6,0,37
BRDA:22,6,1,34
BRDA:25,7,0,37
BRDA:25,7,1,32
BRDA:64,8,0,2
BRDA:64,8,1,1
BRDA:81,9,0,2
BRDA:81,9,1,1
BRDA:98,10,0,7
BRDA:98,10,1,6
BRF:21
BRH:21
end_of_record
TN:
SF:js/core/StateActions.js
FN:2,(anonymous_0)
FN:10,(anonymous_1)
FN:18,(anonymous_2)
FN:27,(anonymous_3)
FN:35,(anonymous_4)
FN:36,(anonymous_5)
FN:46,(anonymous_6)
FN:47,(anonymous_7)
FN:56,(anonymous_8)
FN:66,(anonymous_9)
FN:77,(anonymous_10)
FN:88,(anonymous_11)
FN:89,(anonymous_12)
FN:102,(anonymous_13)
FN:111,(anonymous_14)
FN:122,(anonymous_15)
FN:131,(anonymous_16)
FN:139,(anonymous_17)
FN:147,(anonymous_18)
FN:148,(anonymous_19)
FN:157,(anonymous_20)
FNF:21
FNH:21
FNDA:43,(anonymous_0)
FNDA:1004,(anonymous_1)
FNDA:4,(anonymous_2)
FNDA:5,(anonymous_3)
FNDA:4,(anonymous_4)
FNDA:4,(anonymous_5)
FNDA:4,(anonymous_6)
FNDA:4,(anonymous_7)
FNDA:7,(anonymous_8)
FNDA:1012,(anonymous_9)
FNDA:8,(anonymous_10)
FNDA:2,(anonymous_11)
FNDA:2,(anonymous_12)
FNDA:2,(anonymous_13)
FNDA:2,(anonymous_14)
FNDA:1,(anonymous_15)
FNDA:1,(anonymous_16)
FNDA:1008,(anonymous_17)
FNDA:1,(anonymous_18)
FNDA:1,(anonymous_19)
FNDA:1,(anonymous_20)
DA:3,43
DA:4,43
DA:11,1004
DA:12,1004
DA:19,4
DA:20,4
DA:21,4
DA:28,5
DA:29,5
DA:36,4
DA:37,4
DA:38,4
DA:40,4
DA:47,4
DA:48,4
DA:50,4
DA:57,7
DA:58,7
DA:59,7
DA:60,7
DA:67,1012
DA:68,1008
DA:69,1008
DA:70,1008
DA:78,8
DA:79,4
DA:80,4
DA:81,4
DA:89,2
DA:90,2
DA:94,2
DA:103,2
DA:104,2
DA:105,2
DA:112,2
DA:113,2
DA:114,2
DA:115,2
DA:116,2
DA:123,1
DA:124,1
DA:125,1
DA:132,1
DA:133,1
DA:140,1008
DA:141,1008
DA:148,1
DA:149,1
DA:158,1
DA:159,1
LF:50
LH:50
BRDA:67,0,0,1008
BRDA:67,0,1,4
BRDA:78,1,0,4
BRDA:78,1,1,4
BRF:4
BRH:4
end_of_record
TN:
SF:js/core/StateHooks.js
FN:8,(anonymous_0)
FN:18,(anonymous_1)
FN:21,(anonymous_2)
FN:25,(anonymous_3)
FN:40,(anonymous_4)
FN:46,(anonymous_5)
FN:50,(anonymous_6)
FN:54,(anonymous_7)
FN:55,(anonymous_8)
FN:60,(anonymous_9)
FN:64,(anonymous_10)
FN:68,(anonymous_11)
FN:72,(anonymous_12)
FN:100,(anonymous_13)
FN:101,(anonymous_14)
FN:105,(anonymous_15)
FN:118,(anonymous_16)
FN:128,(anonymous_17)
FN:138,(anonymous_18)
FN:154,(anonymous_19)
FN:173,(anonymous_20)
FN:174,(anonymous_21)
FN:178,(anonymous_22)
FN:182,(anonymous_23)
FN:186,(anonymous_24)
FN:190,(anonymous_25)
FN:194,(anonymous_26)
FN:198,(anonymous_27)
FN:202,(anonymous_28)
FN:220,(anonymous_29)
FN:245,(anonymous_30)
FN:253,(anonymous_31)
FN:260,(anonymous_32)
FN:263,(anonymous_33)
FN:272,(anonymous_34)
FN:276,(anonymous_35)
FN:293,(anonymous_36)
FN:295,(anonymous_37)
FN:296,(anonymous_38)
FN:297,(anonymous_39)
FN:298,(anonymous_40)
FN:299,(anonymous_41)
FN:300,(anonymous_42)
FN:311,(anonymous_43)
FN:315,(anonymous_44)
FN:328,(anonymous_45)
FN:342,(anonymous_46)
FN:346,(anonymous_47)
FN:352,(anonymous_48)
FNF:49
FNH:46
FNDA:65,(anonymous_0)
FNDA:14,(anonymous_1)
FNDA:9,(anonymous_2)
FNDA:10,(anonymous_3)
FNDA:13,(anonymous_4)
FNDA:18,(anonymous_5)
FNDA:15,(anonymous_6)
FNDA:2,(anonymous_7)
FNDA:4,(anonymous_8)
FNDA:2,(anonymous_9)
FNDA:9,(anonymous_10)
FNDA:7,(anonymous_11)
FNDA:11,(anonymous_12)
FNDA:13,(anonymous_13)
FNDA:50,(anonymous_14)
FNDA:18,(anonymous_15)
FNDA:4,(anonymous_16)
FNDA:4,(anonymous_17)
FNDA:4,(anonymous_18)
FNDA:2,(anonymous_19)
FNDA:7,(anonymous_20)
FNDA:30,(anonymous_21)
FNDA:3,(anonymous_22)
FNDA:3,(anonymous_23)
FNDA:7,(anonymous_24)
FNDA:1,(anonymous_25)
FNDA:6,(anonymous_26)
FNDA:6,(anonymous_27)
FNDA:6,(anonymous_28)
FNDA:1,(anonymous_29)
FNDA:6,(anonymous_30)
FNDA:9,(anonymous_31)
FNDA:6,(anonymous_32)
FNDA:2,(anonymous_33)
FNDA:1,(anonymous_34)
FNDA:1,(anonymous_35)
FNDA:4,(anonymous_36)
FNDA:2,(anonymous_37)
FNDA:2,(anonymous_38)
FNDA:10,(anonymous_39)
FNDA:10,(anonymous_40)
FNDA:2,(anonymous_41)
FNDA:7,(anonymous_42)
FNDA:2,(anonymous_43)
FNDA:2,(anonymous_44)
FNDA:0,(anonymous_45)
FNDA:0,(anonymous_46)
FNDA:1,(anonymous_47)
FNDA:0,(anonymous_48)
DA:9,65
DA:19,14
DA:21,14
DA:22,9
DA:25,14
DA:26,10
DA:27,3
DA:31,14
DA:42,13
DA:43,12
DA:46,13
DA:47,18
DA:50,13
DA:51,15
DA:54,13
DA:55,2
DA:56,4
DA:60,13
DA:61,2
DA:64,13
DA:65,9
DA:68,13
DA:69,7
DA:70,7
DA:72,7
DA:73,11
DA:74,11
DA:75,11
DA:76,11
DA:81,7
DA:82,7
DA:85,13
DA:101,13
DA:102,50
DA:105,13
DA:106,18
DA:107,18
DA:109,18
DA:110,3
DA:112,15
DA:115,18
DA:118,13
DA:119,4
DA:120,4
DA:121,3
DA:122,3
DA:123,3
DA:125,1
DA:128,13
DA:129,4
DA:130,4
DA:131,3
DA:132,3
DA:133,3
DA:135,1
DA:138,13
DA:139,4
DA:140,4
DA:146,3
DA:147,3
DA:148,3
DA:149,3
DA:151,1
DA:154,13
DA:155,2
DA:158,13
DA:174,7
DA:175,30
DA:178,7
DA:179,3
DA:182,7
DA:183,3
DA:186,7
DA:187,7
DA:190,7
DA:191,1
DA:194,7
DA:195,6
DA:198,7
DA:199,6
DA:202,7
DA:203,6
DA:204,6
DA:205,6
DA:207,6
DA:209,4
DA:210,4
DA:212,4
DA:214,2
DA:215,2
DA:216,2
DA:220,7
DA:221,1
DA:222,1
DA:223,1
DA:226,7
DA:246,6
DA:249,6
DA:250,5
DA:253,6
DA:254,9
DA:255,6
DA:257,3
DA:260,6
DA:261,6
DA:263,1
DA:264,2
DA:268,5
DA:272,6
DA:273,1
DA:276,6
DA:277,1
DA:278,1
DA:281,6
DA:294,4
DA:295,2
DA:296,2
DA:297,10
DA:298,10
DA:299,2
DA:300,7
DA:312,2
DA:315,2
DA:316,2
DA:317,2
DA:318,2
DA:319,0
DA:320,0
DA:323,0
DA:328,2
DA:329,0
DA:330,0
DA:332,0
DA:337,2
DA:340,2
DA:342,2
DA:343,0
DA:346,2
DA:347,1
DA:350,2
DA:352,0
LF:141
LH:133
BRDA:21,0,0,8
BRDA:26,1,0,3
BRDA:26,1,1,7
BRDA:40,2,0,0
BRDA:42,3,0,12
BRDA:42,3,1,1
BRDA:65,4,0,9
BRDA:65,4,1,0
BRDA:73,5,0,11
BRDA:73,5,1,0
BRDA:75,6,0,11
BRDA:75,6,1,0
BRDA:102,7,0,50
BRDA:102,7,1,13
BRDA:105,8,0,15
BRDA:109,9,0,3
BRDA:109,9,1,15
BRDA:109,10,0,18
BRDA:109,10,1,3
BRDA:109,10,2,3
BRDA:120,11,0,3
BRDA:120,11,1,1
BRDA:120,12,0,4
BRDA:120,12,1,4
BRDA:130,13,0,3
BRDA:130,13,1,1
BRDA:130,14,0,4
BRDA:130,14,1,4
BRDA:140,15,0,3
BRDA:140,15,1,1
BRDA:141,16,0,4
BRDA:141,16,1,4
BRDA:141,16,2,3
BRDA:141,16,3,3
BRDA:175,17,0,30
BRDA:175,17,1,9
BRDA:214,18,0,2
BRDA:214,18,1,0
BRDA:245,19,0,0
BRDA:249,20,0,5
BRDA:249,20,1,1
BRDA:254,21,0,6
BRDA:254,21,1,3
BRDA:261,22,0,1
BRDA:261,22,1,5
BRDA:277,23,0,1
BRDA:277,23,1,0
BRDA:311,24,0,2
BRDA:312,25,0,2
BRDA:312,26,0,2
BRDA:318,27,0,0
BRDA:318,27,1,2
BRDA:342,28,0,0
BRF:53
BRH:44
end_of_record
TN:
SF:js/core/StateManager.js
FN:4,(anonymous_0)
FN:79,(anonymous_1)
FN:92,(anonymous_2)
FN:112,(anonymous_3)
FN:142,(anonymous_4)
FN:152,(anonymous_5)
FN:165,(anonymous_6)
FN:179,(anonymous_7)
FN:197,(anonymous_8)
FN:198,(anonymous_9)
FN:201,(anonymous_10)
FN:208,(anonymous_11)
FN:208,(anonymous_12)
FN:216,(anonymous_13)
FN:242,(anonymous_14)
FN:255,(anonymous_15)
FN:269,(anonymous_16)
FN:285,(anonymous_17)
FN:293,(anonymous_18)
FN:304,(anonymous_19)
FN:306,(anonymous_20)
FN:308,(anonymous_21)
FN:310,(anonymous_22)
FN:312,(anonymous_23)
FN:314,(anonymous_24)
FN:315,(anonymous_25)
FN:316,(anonymous_26)
FN:317,(anonymous_27)
FN:318,(anonymous_28)
FN:320,(anonymous_29)
FN:332,(anonymous_30)
FN:333,(anonymous_31)
FN:342,(anonymous_32)
FN:345,(anonymous_33)
FN:360,(anonymous_34)
FN:363,(anonymous_35)
FN:375,(anonymous_36)
FN:386,(anonymous_37)
FN:394,(anonymous_38)
FN:442,(anonymous_39)
FN:476,(anonymous_40)
FN:484,(anonymous_41)
FN:491,(anonymous_42)
FN:498,(anonymous_43)
FN:505,(anonymous_44)
FNF:45
FNH:39
FNDA:99,(anonymous_0)
FNDA:584,(anonymous_1)
FNDA:184,(anonymous_2)
FNDA:180,(anonymous_3)
FNDA:16,(anonymous_4)
FNDA:2,(anonymous_5)
FNDA:21,(anonymous_6)
FNDA:5,(anonymous_7)
FNDA:1,(anonymous_8)
FNDA:2,(anonymous_9)
FNDA:2,(anonymous_10)
FNDA:1,(anonymous_11)
FNDA:2,(anonymous_12)
FNDA:179,(anonymous_13)
FNDA:7,(anonymous_14)
FNDA:3,(anonymous_15)
FNDA:3,(anonymous_16)
FNDA:1,(anonymous_17)
FNDA:2,(anonymous_18)
FNDA:188,(anonymous_19)
FNDA:45,(anonymous_20)
FNDA:7,(anonymous_21)
FNDA:7,(anonymous_22)
FNDA:0,(anonymous_23)
FNDA:1,(anonymous_24)
FNDA:0,(anonymous_25)
FNDA:0,(anonymous_26)
FNDA:0,(anonymous_27)
FNDA:4,(anonymous_28)
FNDA:0,(anonymous_29)
FNDA:581,(anonymous_30)
FNDA:1076,(anonymous_31)
FNDA:190,(anonymous_32)
FNDA:171,(anonymous_33)
FNDA:180,(anonymous_34)
FNDA:15,(anonymous_35)
FNDA:1,(anonymous_36)
FNDA:21,(anonymous_37)
FNDA:2,(anonymous_38)
FNDA:1,(anonymous_39)
FNDA:2,(anonymous_40)
FNDA:8,(anonymous_41)
FNDA:12,(anonymous_42)
FNDA:11,(anonymous_43)
FNDA:0,(anonymous_44)
DA:5,99
DA:6,99
DA:7,99
DA:66,99
DA:67,99
DA:68,99
DA:71,99
DA:80,584
DA:81,3
DA:83,581
DA:93,184
DA:96,184
DA:97,4
DA:98,4
DA:102,180
DA:112,180
DA:114,180
DA:115,179
DA:119,180
DA:122,180
DA:125,180
DA:132,180
DA:143,16
DA:153,2
DA:154,2
DA:155,2
DA:166,21
DA:168,21
DA:169,21
DA:172,21
DA:179,21
DA:180,5
DA:181,5
DA:182,5
DA:183,5
DA:184,5
DA:198,1
DA:199,2
DA:202,2
DA:208,2
DA:217,179
DA:225,179
DA:226,0
DA:229,179
DA:232,179
DA:233,1
DA:235,178
DA:243,7
DA:244,7
DA:245,7
DA:246,7
DA:247,7
DA:249,0
DA:256,3
DA:257,3
DA:258,3
DA:259,3
DA:260,3
DA:262,0
DA:270,3
DA:272,1
DA:273,1
DA:276,2
DA:277,2
DA:286,1
DA:294,2
DA:295,2
DA:305,188
DA:307,45
DA:309,7
DA:311,7
DA:313,0
DA:314,1
DA:315,0
DA:316,0
DA:317,0
DA:319,4
DA:321,0
DA:324,188
DA:325,188
DA:333,581
DA:334,1076
DA:343,190
DA:344,190
DA:345,190
DA:346,171
DA:347,15
DA:349,171
DA:352,190
DA:353,190
DA:362,180
DA:363,15
DA:364,15
DA:365,14
DA:371,180
DA:372,180
DA:373,160
DA:374,160
DA:375,1
DA:376,1
DA:387,21
DA:395,2
DA:443,1
DA:470,1
DA:477,2
DA:478,2
DA:485,8
DA:492,12
DA:499,11
DA:506,0
DA:507,0
DA:508,0
LF:112
LH:101
BRDA:4,0,0,99
BRDA:79,1,0,3
BRDA:80,2,0,3
BRDA:80,2,1,581
BRDA:92,3,0,173
BRDA:96,4,0,4
BRDA:96,4,1,180
BRDA:114,5,0,179
BRDA:114,5,1,1
BRDA:142,6,0,16
BRDA:152,7,0,2
BRDA:165,8,0,19
BRDA:168,9,0,21
BRDA:168,9,1,0
BRDA:181,10,0,5
BRDA:181,10,1,0
BRDA:183,11,0,5
BRDA:183,11,1,0
BRDA:197,12,0,1
BRDA:225,13,0,0
BRDA:225,13,1,179
BRDA:232,14,0,1
BRDA:232,14,1,178
BRDA:243,15,0,7
BRDA:243,15,1,0
BRDA:256,16,0,3
BRDA:256,16,1,0
BRDA:269,17,0,2
BRDA:270,18,0,1
BRDA:270,18,1,2
BRDA:307,19,0,45
BRDA:307,19,1,45
BRDA:307,19,2,44
BRDA:309,20,0,7
BRDA:309,20,1,7
BRDA:309,20,2,6
BRDA:311,21,0,7
BRDA:311,21,1,7
BRDA:311,21,2,6
BRDA:313,22,0,0
BRDA:313,22,1,0
BRDA:313,22,2,0
BRDA:315,23,0,0
BRDA:315,23,1,0
BRDA:316,24,0,0
BRDA:316,24,1,0
BRDA:317,25,0,0
BRDA:317,25,1,0
BRDA:319,26,0,4
BRDA:319,26,1,4
BRDA:319,26,2,4
BRDA:321,27,0,0
BRDA:321,27,1,0
BRDA:321,27,2,0
BRDA:325,28,0,64
BRDA:325,28,1,124
BRDA:334,29,0,875
BRDA:334,29,1,201
BRDA:334,30,0,1076
BRDA:334,30,1,1029
BRDA:346,31,0,15
BRDA:346,31,1,156
BRDA:346,32,0,171
BRDA:346,32,1,156
BRDA:362,33,0,15
BRDA:362,33,1,165
BRDA:364,34,0,14
BRDA:364,34,1,1
BRDA:364,35,0,15
BRDA:364,35,1,15
BRDA:374,36,0,1
BRDA:374,36,1,159
BRDA:470,37,0,0
BRDA:470,37,1,1
BRF:74
BRH:55
end_of_record
TN:
SF:js/core/StateMiddleware.js
FN:6,(anonymous_0)
FN:16,(anonymous_1)
FN:27,(anonymous_2)
FN:28,(anonymous_3)
FN:40,(anonymous_4)
FN:41,(anonymous_5)
FN:55,(anonymous_6)
FN:56,(anonymous_7)
FN:69,(anonymous_8)
FN:73,(anonymous_9)
FN:102,(anonymous_10)
FN:130,(anonymous_11)
FN:138,(anonymous_12)
FN:139,(anonymous_13)
FN:150,(anonymous_14)
FN:164,(anonymous_15)
FN:172,(anonymous_16)
FN:216,(anonymous_17)
FN:227,(anonymous_18)
FN:235,(anonymous_19)
FN:249,(anonymous_20)
FN:268,(anonymous_21)
FN:271,(anonymous_22)
FN:305,(anonymous_23)
FN:308,(anonymous_24)
FN:310,(anonymous_25)
FN:313,(anonymous_26)
FN:322,(anonymous_27)
FN:326,(anonymous_28)
FN:345,(anonymous_29)
FN:353,(anonymous_30)
FN:383,(anonymous_31)
FN:395,(anonymous_32)
FN:408,(anonymous_33)
FN:413,(anonymous_34)
FN:426,(anonymous_35)
FNF:36
FNH:31
FNDA:120,(anonymous_0)
FNDA:43,(anonymous_1)
FNDA:2,(anonymous_2)
FNDA:2,(anonymous_3)
FNDA:2,(anonymous_4)
FNDA:1,(anonymous_5)
FNDA:3,(anonymous_6)
FNDA:2,(anonymous_7)
FNDA:188,(anonymous_8)
FNDA:221,(anonymous_9)
FNDA:32,(anonymous_10)
FNDA:1,(anonymous_11)
FNDA:1,(anonymous_12)
FNDA:2,(anonymous_13)
FNDA:43,(anonymous_14)
FNDA:9,(anonymous_15)
FNDA:11,(anonymous_16)
FNDA:4,(anonymous_17)
FNDA:0,(anonymous_18)
FNDA:5,(anonymous_19)
FNDA:0,(anonymous_20)
FNDA:7,(anonymous_21)
FNDA:12,(anonymous_22)
FNDA:6,(anonymous_23)
FNDA:18,(anonymous_24)
FNDA:6,(anonymous_25)
FNDA:6,(anonymous_26)
FNDA:8,(anonymous_27)
FNDA:5,(anonymous_28)
FNDA:5,(anonymous_29)
FNDA:6,(anonymous_30)
FNDA:4,(anonymous_31)
FNDA:0,(anonymous_32)
FNDA:0,(anonymous_33)
FNDA:5,(anonymous_34)
FNDA:0,(anonymous_35)
DA:7,120
DA:17,43
DA:24,43
DA:27,43
DA:28,2
DA:29,2
DA:30,2
DA:41,2
DA:42,2
DA:43,1
DA:44,1
DA:46,1
DA:56,3
DA:57,3
DA:58,2
DA:59,2
DA:61,1
DA:70,188
DA:71,188
DA:73,188
DA:75,221
DA:76,0
DA:79,221
DA:80,0
DA:83,221
DA:84,221
DA:86,221
DA:87,221
DA:88,187
DA:89,187
DA:92,34
DA:94,34
DA:95,0
DA:96,0
DA:99,34
DA:101,34
DA:102,34
DA:103,32
DA:104,32
DA:107,2
DA:110,2
DA:111,1
DA:112,1
DA:116,1
DA:117,1
DA:120,221
DA:124,188
DA:131,1
DA:139,2
DA:151,43
DA:158,4
DA:170,9
DA:172,9
DA:173,11
DA:176,11
DA:177,2
DA:180,9
DA:185,9
DA:186,9
DA:189,9
DA:190,9
DA:193,9
DA:195,1
DA:196,1
DA:198,1
DA:199,1
DA:201,1
DA:202,1
DA:204,6
DA:207,9
DA:223,4
DA:225,4
DA:227,4
DA:228,0
DA:229,0
DA:231,0
DA:235,4
DA:236,5
DA:239,5
DA:240,1
DA:244,4
DA:245,0
DA:246,0
DA:249,0
DA:252,0
DA:256,4
DA:259,4
DA:269,7
DA:271,7
DA:272,12
DA:275,12
DA:276,8
DA:278,8
DA:279,8
DA:281,8
DA:282,2
DA:283,2
DA:284,2
DA:286,2
DA:287,0
DA:289,2
DA:290,2
DA:296,10
DA:306,6
DA:308,18
DA:310,6
DA:311,6
DA:313,6
DA:314,6
DA:315,2
DA:319,6
DA:322,6
DA:323,8
DA:326,8
DA:328,8
DA:329,5
DA:330,4
DA:332,1
DA:336,8
DA:351,5
DA:353,5
DA:354,6
DA:357,6
DA:358,1
DA:362,5
DA:363,5
DA:364,1
DA:368,5
DA:369,4
DA:371,1
DA:374,5
DA:390,4
DA:392,4
DA:393,4
DA:395,4
DA:396,0
DA:397,0
DA:398,0
DA:400,0
DA:402,0
DA:404,0
DA:407,0
DA:408,0
DA:413,4
DA:414,5
DA:417,5
DA:418,1
DA:422,4
DA:423,0
DA:426,4
DA:429,0
DA:432,4
LF:152
LH:130
BRDA:16,0,0,21
BRDA:29,1,0,2
BRDA:29,1,1,0
BRDA:42,2,0,1
BRDA:42,2,1,1
BRDA:57,3,0,2
BRDA:57,3,1,1
BRDA:75,4,0,0
BRDA:75,4,1,221
BRDA:75,5,0,221
BRDA:75,5,1,0
BRDA:79,6,0,0
BRDA:79,6,1,221
BRDA:87,7,0,187
BRDA:87,7,1,34
BRDA:94,8,0,0
BRDA:94,8,1,34
BRDA:110,9,0,1
BRDA:110,9,1,1
BRDA:164,10,0,3
BRDA:166,11,0,6
BRDA:167,12,0,9
BRDA:168,13,0,9
BRDA:169,14,0,6
BRDA:176,15,0,2
BRDA:176,15,1,9
BRDA:176,16,0,11
BRDA:176,16,1,5
BRDA:185,17,0,9
BRDA:185,17,1,0
BRDA:189,18,0,9
BRDA:189,18,1,0
BRDA:193,19,0,1
BRDA:193,19,1,1
BRDA:193,19,2,1
BRDA:193,19,3,6
BRDA:216,20,0,1
BRDA:218,21,0,3
BRDA:219,22,0,3
BRDA:220,23,0,4
BRDA:221,24,0,3
BRDA:222,25,0,4
BRDA:239,26,0,1
BRDA:239,26,1,4
BRDA:239,27,0,5
BRDA:239,27,1,2
BRDA:244,28,0,0
BRDA:244,28,1,4
BRDA:245,29,0,0
BRDA:245,29,1,0
BRDA:268,30,0,0
BRDA:269,31,0,0
BRDA:269,32,0,3
BRDA:275,33,0,8
BRDA:275,33,1,4
BRDA:278,34,0,8
BRDA:278,34,1,0
BRDA:281,35,0,2
BRDA:281,35,1,6
BRDA:286,36,0,0
BRDA:286,36,1,2
BRDA:305,37,0,2
BRDA:306,38,0,5
BRDA:306,39,0,3
BRDA:308,40,0,18
BRDA:308,40,1,18
BRDA:311,41,0,0
BRDA:311,41,1,6
BRDA:314,42,0,2
BRDA:314,42,1,4
BRDA:314,43,0,6
BRDA:314,43,1,2
BRDA:326,44,0,8
BRDA:326,44,1,5
BRDA:328,45,0,5
BRDA:328,45,1,3
BRDA:328,46,0,8
BRDA:328,46,1,6
BRDA:329,47,0,4
BRDA:329,47,1,1
BRDA:345,48,0,1
BRDA:347,49,0,1
BRDA:348,50,0,4
BRDA:349,51,0,4
BRDA:350,52,0,4
BRDA:357,53,0,1
BRDA:357,53,1,5
BRDA:357,54,0,6
BRDA:357,54,1,2
BRDA:363,55,0,1
BRDA:363,55,1,4
BRDA:368,56,0,4
BRDA:368,56,1,1
BRDA:368,57,0,5
BRDA:368,57,1,4
BRDA:383,58,0,1
BRDA:385,59,0,1
BRDA:386,60,0,3
BRDA:387,61,0,4
BRDA:388,62,0,3
BRDA:389,63,0,4
BRDA:397,64,0,0
BRDA:397,64,1,0
BRDA:407,65,0,0
BRDA:407,65,1,0
BRDA:417,66,0,1
BRDA:417,66,1,4
BRDA:417,67,0,5
BRDA:417,67,1,2
BRDA:422,68,0,0
BRDA:422,68,1,4
BRF:111
BRH:91
end_of_record
TN:
SF:js/core/StateSelectors.js
FN:5,(anonymous_0)
FN:12,(anonymous_1)
FN:19,(anonymous_2)
FN:30,(anonymous_3)
FN:42,(anonymous_4)
FN:53,(anonymous_5)
FNF:6
FNH:6
FNDA:11,(anonymous_0)
FNDA:4,(anonymous_1)
FNDA:6,(anonymous_2)
FNDA:4,(anonymous_3)
FNDA:5,(anonymous_4)
FNDA:9,(anonymous_5)
DA:6,11
DA:13,4
DA:20,6
DA:31,4
DA:43,5
DA:54,9
LF:6
LH:6
BRDA:13,0,0,4
BRDA:13,0,1,2
BRF:2
BRH:2
end_of_record
TN:
SF:js/core/examples/EventBusExample.js
FN:7,runEventBusExample
FN:22,(anonymous_1)
FN:26,(anonymous_2)
FN:31,(anonymous_3)
FN:35,(anonymous_4)
FN:40,(anonymous_5)
FN:51,(anonymous_6)
FN:57,(anonymous_7)
FN:63,(anonymous_8)
FN:69,(anonymous_9)
FN:75,(anonymous_10)
FN:85,runEventTypesExample
FN:91,(anonymous_12)
FN:95,(anonymous_13)
FN:106,runMiddlewareExample
FN:113,(anonymous_15)
FN:124,(anonymous_16)
FN:132,(anonymous_17)
FN:145,runAggregatorExample
FN:152,(anonymous_19)
FN:154,(anonymous_20)
FN:158,(anonymous_21)
FN:160,(anonymous_22)
FN:162,(anonymous_23)
FN:164,(anonymous_24)
FN:181,runAllExamples
FNF:26
FNH:0
FNDA:0,runEventBusExample
FNDA:0,(anonymous_1)
FNDA:0,(anonymous_2)
FNDA:0,(anonymous_3)
FNDA:0,(anonymous_4)
FNDA:0,(anonymous_5)
FNDA:0,(anonymous_6)
FNDA:0,(anonymous_7)
FNDA:0,(anonymous_8)
FNDA:0,(anonymous_9)
FNDA:0,(anonymous_10)
FNDA:0,runEventTypesExample
FNDA:0,(anonymous_12)
FNDA:0,(anonymous_13)
FNDA:0,runMiddlewareExample
FNDA:0,(anonymous_15)
FNDA:0,(anonymous_16)
FNDA:0,(anonymous_17)
FNDA:0,runAggregatorExample
FNDA:0,(anonymous_19)
FNDA:0,(anonymous_20)
FNDA:0,(anonymous_21)
FNDA:0,(anonymous_22)
FNDA:0,(anonymous_23)
FNDA:0,(anonymous_24)
FNDA:0,runAllExamples
DA:8,0
DA:11,0
DA:14,0
DA:19,0
DA:21,0
DA:22,0
DA:26,0
DA:27,0
DA:31,0
DA:32,0
DA:35,0
DA:36,0
DA:40,0
DA:41,0
DA:45,0
DA:46,0
DA:47,0
DA:50,0
DA:51,0
DA:52,0
DA:56,0
DA:57,0
DA:58,0
DA:63,0
DA:64,0
DA:65,0
DA:69,0
DA:70,0
DA:71,0
DA:75,0
DA:76,0
DA:79,0
DA:81,0
DA:86,0
DA:88,0
DA:91,0
DA:92,0
DA:95,0
DA:96,0
DA:99,0
DA:100,0
DA:102,0
DA:107,0
DA:109,0
DA:112,0
DA:115,0
DA:124,0
DA:126,0
DA:130,0
DA:132,0
DA:133,0
DA:137,0
DA:138,0
DA:139,0
DA:141,0
DA:146,0
DA:148,0
DA:149,0
DA:152,0
DA:153,0
DA:154,0
DA:158,0
DA:160,0
DA:161,0
DA:163,0
DA:164,0
DA:169,0
DA:170,0
DA:171,0
DA:173,0
DA:174,0
DA:175,0
DA:177,0
DA:182,0
DA:183,0
DA:184,0
DA:185,0
DA:187,0
LF:78
LH:0
BRDA:22,0,0,0
BRDA:22,0,1,0
BRDA:126,1,0,0
BRDA:126,1,1,0
BRF:4
BRH:0
end_of_record
TN:
SF:js/core/examples/StateManagerExample.js
FN:9,(anonymous_0)
FN:13,(anonymous_1)
FN:14,(anonymous_2)
FN:27,(anonymous_3)
FN:32,(anonymous_4)
FN:39,(anonymous_5)
FN:45,(anonymous_6)
FN:46,(anonymous_7)
FN:47,(anonymous_8)
FN:56,(anonymous_9)
FN:68,(anonymous_10)
FN:72,(anonymous_11)
FN:86,(anonymous_12)
FN:92,(anonymous_13)
FN:131,(anonymous_14)
FN:139,(anonymous_15)
FN:142,(anonymous_16)
FN:145,(anonymous_17)
FN:175,(anonymous_18)
FN:187,(anonymous_19)
FN:203,(anonymous_20)
FN:225,(anonymous_21)
FN:233,(anonymous_22)
FN:251,(anonymous_23)
FN:255,(anonymous_24)
FN:259,(anonymous_25)
FN:271,(anonymous_26)
FN:312,(anonymous_27)
FN:331,(anonymous_28)
FN:338,runStateManagerExamples
FNF:30
FNH:0
FNDA:0,(anonymous_0)
FNDA:0,(anonymous_1)
FNDA:0,(anonymous_2)
FNDA:0,(anonymous_3)
FNDA:0,(anonymous_4)
FNDA:0,(anonymous_5)
FNDA:0,(anonymous_6)
FNDA:0,(anonymous_7)
FNDA:0,(anonymous_8)
FNDA:0,(anonymous_9)
FNDA:0,(anonymous_10)
FNDA:0,(anonymous_11)
FNDA:0,(anonymous_12)
FNDA:0,(anonymous_13)
FNDA:0,(anonymous_14)
FNDA:0,(anonymous_15)
FNDA:0,(anonymous_16)
FNDA:0,(anonymous_17)
FNDA:0,(anonymous_18)
FNDA:0,(anonymous_19)
FNDA:0,(anonymous_20)
FNDA:0,(anonymous_21)
FNDA:0,(anonymous_22)
FNDA:0,(anonymous_23)
FNDA:0,(anonymous_24)
FNDA:0,(anonymous_25)
FNDA:0,(anonymous_26)
FNDA:0,(anonymous_27)
FNDA:0,(anonymous_28)
FNDA:0,runStateManagerExamples
DA:11,0
DA:13,0
DA:14,0
DA:18,0
DA:21,0
DA:29,0
DA:32,0
DA:36,0
DA:39,0
DA:43,0
DA:45,0
DA:46,0
DA:47,0
DA:57,0
DA:60,0
DA:61,0
DA:64,0
DA:65,0
DA:68,0
DA:69,0
DA:72,0
DA:73,0
DA:77,0
DA:80,0
DA:87,0
DA:90,0
DA:92,0
DA:95,0
DA:96,0
DA:99,0
DA:104,0
DA:105,0
DA:106,0
DA:109,0
DA:110,0
DA:111,0
DA:112,0
DA:115,0
DA:116,0
DA:117,0
DA:120,0
DA:121,0
DA:124,0
DA:125,0
DA:132,0
DA:135,0
DA:138,0
DA:139,0
DA:142,0
DA:143,0
DA:145,0
DA:146,0
DA:149,0
DA:150,0
DA:151,0
DA:153,0
DA:154,0
DA:155,0
DA:158,0
DA:159,0
DA:161,0
DA:162,0
DA:168,0
DA:169,0
DA:176,0
DA:179,0
DA:180,0
DA:183,0
DA:184,0
DA:187,0
DA:188,0
DA:189,0
DA:192,0
DA:198,0
DA:199,0
DA:200,0
DA:201,0
DA:203,0
DA:204,0
DA:205,0
DA:206,0
DA:209,0
DA:210,0
DA:212,0
DA:214,0
DA:215,0
DA:216,0
DA:217,0
DA:218,0
DA:219,0
DA:225,0
DA:226,0
DA:234,0
DA:237,0
DA:243,0
DA:244,0
DA:247,0
DA:248,0
DA:251,0
DA:252,0
DA:253,0
DA:255,0
DA:256,0
DA:258,0
DA:259,0
DA:260,0
DA:261,0
DA:272,0
DA:275,0
DA:276,0
DA:279,0
DA:301,0
DA:302,0
DA:305,0
DA:306,0
DA:313,0
DA:315,0
DA:316,0
DA:318,0
DA:319,0
DA:321,0
DA:322,0
DA:324,0
DA:325,0
DA:327,0
DA:328,0
DA:331,0
DA:332,0
DA:339,0
DA:340,0
DA:341,0
LF:131
LH:0
BRDA:32,0,0,0
BRDA:32,0,1,0
BRDA:45,1,0,0
BRDA:45,1,1,0
BRDA:46,2,0,0
BRDA:46,2,1,0
BRDA:188,3,0,0
BRDA:188,3,1,0
BRDA:204,4,0,0
BRDA:204,4,1,0
BRDA:215,5,0,0
BRDA:215,5,1,0
BRDA:218,6,0,0
BRDA:218,6,1,0
BRDA:252,7,0,0
BRDA:252,7,1,0
BRDA:256,8,0,0
BRDA:256,8,1,0
BRDA:259,9,0,0
BRDA:259,9,1,0
BRF:20
BRH:0
end_of_record
TN:
SF:js/core/examples/StateManagerUsageExample.js
FN:12,(anonymous_0)
FN:60,(anonymous_1)
FNF:2
FNH:0
FNDA:0,(anonymous_0)
FNDA:0,(anonymous_1)
DA:7,0
DA:8,0
DA:9,0
DA:12,0
DA:13,0
DA:17,0
DA:18,0
DA:19,0
DA:22,0
DA:23,0
DA:27,0
DA:28,0
DA:31,0
DA:34,0
DA:37,0
DA:42,0
DA:43,0
DA:44,0
DA:47,0
DA:48,0
DA:49,0
DA:50,0
DA:53,0
DA:54,0
DA:55,0
DA:58,0
DA:61,0
DA:65,0
DA:66,0
DA:68,0
LF:30
LH:0
BRF:0
BRH:0
end_of_record
TN:
SF:js/domain/entities/Bar.js
FN:2,(anonymous_0)
FN:9,(anonymous_1)
FN:13,(anonymous_2)
FN:14,(anonymous_3)
FN:17,(anonymous_4)
FN:18,(anonymous_5)
FNF:6
FNH:6
FNDA:22,(anonymous_0)
FNDA:22,(anonymous_1)
FNDA:6,(anonymous_2)
FNDA:9,(anonymous_3)
FNDA:9,(anonymous_4)
FNDA:12,(anonymous_5)
DA:3,22
DA:4,22
DA:5,22
DA:6,22
DA:10,22
DA:14,9
DA:18,12
LF:7
LH:7
BRDA:2,0,0,1
BRDA:2,1,0,1
BRF:2
BRH:2
end_of_record
TN:
SF:js/domain/entities/BeatUnit.js
FN:2,(anonymous_0)
FN:6,(anonymous_1)
FN:10,(anonymous_2)
FN:14,(anonymous_3)
FNF:4
FNH:4
FNDA:37,(anonymous_0)
FNDA:4,(anonymous_1)
FNDA:41,(anonymous_2)
FNDA:29,(anonymous_3)
DA:3,37
DA:7,4
DA:11,41
DA:16,29
LF:4
LH:4
BRDA:2,0,0,33
BRF:1
BRH:1
end_of_record
TN:
SF:js/domain/entities/Chord.js
FN:2,(anonymous_0)
FN:9,(anonymous_1)
FN:13,(anonymous_2)
FN:14,(anonymous_3)
FN:17,(anonymous_4)
FN:21,(anonymous_5)
FNF:6
FNH:6
FNDA:79,(anonymous_0)
FNDA:28,(anonymous_1)
FNDA:7,(anonymous_2)
FNDA:12,(anonymous_3)
FNDA:4,(anonymous_4)
FNDA:5,(anonymous_5)
DA:3,79
DA:4,79
DA:5,79
DA:6,79
DA:10,28
DA:14,12
DA:18,4
DA:22,5
LF:8
LH:8
BRDA:2,0,0,2
BRF:1
BRH:1
end_of_record
TN:
SF:js/domain/entities/PlayStatus.js
FN:2,(anonymous_0)
FN:9,(anonymous_1)
FN:13,(anonymous_2)
FN:17,(anonymous_3)
FN:23,(anonymous_4)
FN:27,(anonymous_5)
FN:31,(anonymous_6)
FN:35,(anonymous_7)
FN:39,(anonymous_8)
FNF:9
FNH:9
FNDA:45,(anonymous_0)
FNDA:17,(anonymous_1)
FNDA:11,(anonymous_2)
FNDA:9,(anonymous_3)
FNDA:12,(anonymous_4)
FNDA:12,(anonymous_5)
FNDA:16,(anonymous_6)
FNDA:7,(anonymous_7)
FNDA:11,(anonymous_8)
DA:3,45
DA:4,45
DA:5,45
DA:6,45
DA:10,17
DA:14,11
DA:18,9
DA:19,9
DA:20,9
DA:24,12
DA:28,12
DA:32,16
DA:36,7
DA:40,11
LF:14
LH:14
BRF:0
BRH:0
end_of_record
TN:
SF:js/domain/repositories/BarRepository.js
FN:2,(anonymous_0)
FN:10,(anonymous_1)
FN:14,(anonymous_2)
FN:18,(anonymous_3)
FN:22,(anonymous_4)
FN:31,(anonymous_5)
FN:35,(anonymous_6)
FN:37,(anonymous_7)
FN:40,(anonymous_8)
FN:43,(anonymous_9)
FNF:10
FNH:10
FNDA:30,(anonymous_0)
FNDA:14,(anonymous_1)
FNDA:7,(anonymous_2)
FNDA:4,(anonymous_3)
FNDA:4,(anonymous_4)
FNDA:3,(anonymous_5)
FNDA:5,(anonymous_6)
FNDA:7,(anonymous_7)
FNDA:6,(anonymous_8)
FNDA:9,(anonymous_9)
DA:3,30
DA:4,1
DA:6,29
DA:7,29
DA:11,14
DA:15,7
DA:19,4
DA:23,4
DA:24,3
DA:25,2
DA:26,2
DA:28,1
DA:32,3
DA:36,5
DA:37,7
DA:41,6
DA:42,5
DA:43,9
LF:18
LH:18
BRDA:3,0,0,1
BRDA:3,0,1,29
BRDA:24,1,0,2
BRDA:24,1,1,1
BRDA:42,2,0,1
BRDA:42,2,1,4
BRDA:43,3,0,9
BRDA:43,3,1,2
BRF:8
BRH:8
end_of_record
TN:
SF:js/domain/repositories/ChordRepository.js
FN:2,(anonymous_0)
FN:7,(anonymous_1)
FN:11,(anonymous_2)
FN:15,(anonymous_3)
FN:19,(anonymous_4)
FN:28,(anonymous_5)
FN:32,(anonymous_6)
FN:34,(anonymous_7)
FNF:8
FNH:8
FNDA:32,(anonymous_0)
FNDA:9,(anonymous_1)
FNDA:8,(anonymous_2)
FNDA:9,(anonymous_3)
FNDA:5,(anonymous_4)
FNDA:3,(anonymous_5)
FNDA:6,(anonymous_6)
FNDA:11,(anonymous_7)
DA:3,32
DA:4,32
DA:8,9
DA:12,8
DA:16,9
DA:20,5
DA:21,4
DA:22,3
DA:23,3
DA:25,1
DA:29,3
DA:33,6
DA:34,11
LF:13
LH:13
BRDA:21,0,0,3
BRDA:21,0,1,1
BRF:2
BRH:2
end_of_record
TN:
SF:js/domain/services/BarService.js
FN:2,(anonymous_0)
FN:6,(anonymous_1)
FN:10,(anonymous_2)
FN:14,(anonymous_3)
FN:23,(anonymous_4)
FN:27,(anonymous_5)
FN:31,(anonymous_6)
FN:40,(anonymous_7)
FN:43,(anonymous_8)
FN:49,(anonymous_9)
FNF:10
FNH:10
FNDA:32,(anonymous_0)
FNDA:3,(anonymous_1)
FNDA:14,(anonymous_2)
FNDA:6,(anonymous_3)
FNDA:10,(anonymous_4)
FNDA:3,(anonymous_5)
FNDA:7,(anonymous_6)
FNDA:4,(anonymous_7)
FNDA:3,(anonymous_8)
FNDA:19,(anonymous_9)
DA:3,32
DA:7,3
DA:11,14
DA:15,6
DA:20,6
DA:24,10
DA:28,3
DA:32,7
DA:33,6
DA:34,5
DA:35,5
DA:37,1
DA:41,4
DA:42,3
DA:43,3
DA:44,2
DA:46,1
DA:50,19
LF:18
LH:18
BRDA:33,0,0,5
BRDA:33,0,1,1
BRDA:42,1,0,2
BRDA:42,1,1,1
BRF:4
BRH:4
end_of_record
TN:
SF:js/domain/services/ChordService.js
FN:2,(anonymous_0)
FN:6,(anonymous_1)
FN:10,(anonymous_2)
FN:14,(anonymous_3)
FN:22,(anonymous_4)
FN:26,(anonymous_5)
FN:30,(anonymous_6)
FN:32,(anonymous_7)
FN:56,(anonymous_8)
FN:67,(anonymous_9)
FNF:10
FNH:8
FNDA:32,(anonymous_0)
FNDA:3,(anonymous_1)
FNDA:4,(anonymous_2)
FNDA:6,(anonymous_3)
FNDA:4,(anonymous_4)
FNDA:4,(anonymous_5)
FNDA:0,(anonymous_6)
FNDA:0,(anonymous_7)
FNDA:58,(anonymous_8)
FNDA:19,(anonymous_9)
DA:3,32
DA:7,3
DA:11,4
DA:15,6
DA:19,6
DA:23,4
DA:27,4
DA:32,0
DA:34,0
DA:35,0
DA:38,0
DA:39,0
DA:40,0
DA:45,0
DA:49,0
DA:58,58
DA:64,58
DA:68,19
LF:18
LH:10
BRDA:39,0,0,0
BRDA:39,0,1,0
BRF:2
BRH:0
end_of_record
TN:
SF:js/domain/services/PlaybackService.js
FN:2,(anonymous_0)
FN:18,(anonymous_1)
FN:33,(anonymous_2)
FN:37,(anonymous_3)
FN:41,(anonymous_4)
FN:47,(anonymous_5)
FN:51,(anonymous_6)
FN:55,(anonymous_7)
FN:59,(anonymous_8)
FN:63,(anonymous_9)
FNF:10
FNH:10
FNDA:52,(anonymous_0)
FNDA:15,(anonymous_1)
FNDA:2,(anonymous_2)
FNDA:9,(anonymous_3)
FNDA:14,(anonymous_4)
FNDA:15,(anonymous_5)
FNDA:9,(anonymous_6)
FNDA:9,(anonymous_7)
FNDA:10,(anonymous_8)
FNDA:15,(anonymous_9)
DA:3,52
DA:4,1
DA:6,51
DA:7,1
DA:10,50
DA:11,50
DA:12,50
DA:13,50
DA:14,50
DA:15,50
DA:19,15
DA:21,14
DA:22,14
DA:24,12
DA:25,3
DA:26,3
DA:34,2
DA:38,9
DA:42,14
DA:43,14
DA:44,14
DA:48,15
DA:52,9
DA:56,9
DA:60,10
DA:64,15
LF:26
LH:26
BRDA:3,0,0,1
BRDA:3,0,1,51
BRDA:6,1,0,1
BRDA:6,1,1,50
BRDA:19,2,0,1
BRDA:19,2,1,14
BRDA:24,3,0,3
BRDA:24,3,1,9
BRDA:24,4,0,12
BRDA:24,4,1,11
BRF:10
BRH:10
end_of_record
TN:
SF:js/domain/services/TemplateService.js
FN:2,(anonymous_0)
FN:9,(anonymous_1)
FN:13,(anonymous_2)
FN:17,(anonymous_3)
FN:28,(anonymous_4)
FN:35,(anonymous_5)
FN:39,(anonymous_6)
FN:48,(anonymous_7)
FNF:8
FNH:8
FNDA:31,(anonymous_0)
FNDA:3,(anonymous_1)
FNDA:12,(anonymous_2)
FNDA:10,(anonymous_3)
FNDA:4,(anonymous_4)
FNDA:4,(anonymous_5)
FNDA:8,(anonymous_6)
FNDA:23,(anonymous_7)
DA:3,31
DA:4,1
DA:6,30
DA:10,3
DA:14,12
DA:18,10
DA:25,10
DA:29,4
DA:36,4
DA:40,8
DA:41,7
DA:43,6
DA:45,1
DA:49,23
LF:14
LH:14
BRDA:3,0,0,1
BRDA:3,0,1,30
BRDA:21,1,0,10
BRDA:21,1,1,0
BRDA:41,2,0,6
BRDA:41,2,1,1
BRF:6
BRH:5
end_of_record
TN:
SF:js/infrastructure/audio/AudioEngine.js
FN:2,(anonymous_0)
FN:7,(anonymous_1)
FN:19,(anonymous_2)
FN:26,(anonymous_3)
FN:33,(anonymous_4)
FN:47,(anonymous_5)
FN:52,(anonymous_6)
FN:58,(anonymous_7)
FNF:8
FNH:0
FNDA:0,(anonymous_0)
FNDA:0,(anonymous_1)
FNDA:0,(anonymous_2)
FNDA:0,(anonymous_3)
FNDA:0,(anonymous_4)
FNDA:0,(anonymous_5)
FNDA:0,(anonymous_6)
FNDA:0,(anonymous_7)
DA:3,0
DA:4,0
DA:8,0
DA:10,0
DA:11,0
DA:12,0
DA:14,0
DA:15,0
DA:20,0
DA:21,0
DA:23,0
DA:27,0
DA:28,0
DA:29,0
DA:30,0
DA:34,0
DA:35,0
DA:37,0
DA:38,0
DA:39,0
DA:41,0
DA:42,0
DA:44,0
DA:49,0
DA:53,0
DA:54,0
DA:59,0
DA:60,0
LF:28
LH:0
BRDA:8,0,0,0
BRDA:8,0,1,0
BRDA:11,1,0,0
BRDA:11,1,1,0
BRDA:20,2,0,0
BRDA:20,2,1,0
BRDA:33,3,0,0
BRDA:33,4,0,0
BRDA:53,5,0,0
BRDA:53,5,1,0
BRDA:53,6,0,0
BRDA:53,6,1,0
BRDA:59,7,0,0
BRDA:59,7,1,0
BRDA:59,8,0,0
BRDA:59,8,1,0
BRF:16
BRH:0
end_of_record
TN:
SF:js/infrastructure/audio/AudioPlayer.js
FN:2,(anonymous_0)
FN:8,(anonymous_1)
FN:19,(anonymous_2)
FN:30,(anonymous_3)
FN:34,(anonymous_4)
FN:44,(anonymous_5)
FN:48,(anonymous_6)
FN:52,(anonymous_7)
FN:56,(anonymous_8)
FN:60,(anonymous_9)
FNF:10
FNH:0
FNDA:0,(anonymous_0)
FNDA:0,(anonymous_1)
FNDA:0,(anonymous_2)
FNDA:0,(anonymous_3)
FNDA:0,(anonymous_4)
FNDA:0,(anonymous_5)
FNDA:0,(anonymous_6)
FNDA:0,(anonymous_7)
FNDA:0,(anonymous_8)
FNDA:0,(anonymous_9)
DA:3,0
DA:4,0
DA:5,0
DA:9,0
DA:10,0
DA:11,0
DA:12,0
DA:14,0
DA:15,0
DA:20,0
DA:21,0
DA:22,0
DA:23,0
DA:26,0
DA:27,0
DA:31,0
DA:32,0
DA:34,0
DA:35,0
DA:36,0
DA:37,0
DA:41,0
DA:45,0
DA:49,0
DA:53,0
DA:57,0
DA:61,0
LF:27
LH:0
BRDA:19,0,0,0
BRDA:19,1,0,0
BRDA:21,2,0,0
BRDA:21,2,1,0
BRDA:26,3,0,0
BRDA:26,3,1,0
BRDA:30,4,0,0
BRDA:30,5,0,0
BRDA:32,6,0,0
BRDA:32,6,1,0
BRDA:36,7,0,0
BRDA:36,7,1,0
BRF:12
BRH:0
end_of_record
TN:
SF:js/infrastructure/audio/AudioRepository.js
FN:2,(anonymous_0)
FN:38,(anonymous_1)
FN:39,(anonymous_2)
FN:50,(anonymous_3)
FN:59,(anonymous_4)
FN:68,(anonymous_5)
FN:72,(anonymous_6)
FN:76,(anonymous_7)
FN:80,(anonymous_8)
FNF:9
FNH:0
FNDA:0,(anonymous_0)
FNDA:0,(anonymous_1)
FNDA:0,(anonymous_2)
FNDA:0,(anonymous_3)
FNDA:0,(anonymous_4)
FNDA:0,(anonymous_5)
FNDA:0,(anonymous_6)
FNDA:0,(anonymous_7)
FNDA:0,(anonymous_8)
DA:3,0
DA:4,0
DA:39,0
DA:40,0
DA:41,0
DA:42,0
DA:44,0
DA:45,0
DA:49,0
DA:50,0
DA:52,0
DA:53,0
DA:56,0
DA:60,0
DA:61,0
DA:62,0
DA:65,0
DA:69,0
DA:73,0
DA:77,0
DA:81,0
LF:21
LH:0
BRDA:52,0,0,0
BRDA:52,0,1,0
BRDA:61,1,0,0
BRDA:61,1,1,0
BRDA:68,2,0,0
BRDA:68,3,0,0
BRDA:72,4,0,0
BRDA:72,5,0,0
BRF:8
BRH:0
end_of_record
TN:
SF:js/infrastructure/storage/FileStorageAdapter.js
FN:2,(anonymous_0)
FN:6,(anonymous_1)
FN:19,(anonymous_2)
FN:34,(anonymous_3)
FN:47,(anonymous_4)
FN:62,(anonymous_5)
FN:72,(anonymous_6)
FN:82,(anonymous_7)
FN:107,(anonymous_8)
FNF:9
FNH:0
FNDA:0,(anonymous_0)
FNDA:0,(anonymous_1)
FNDA:0,(anonymous_2)
FNDA:0,(anonymous_3)
FNDA:0,(anonymous_4)
FNDA:0,(anonymous_5)
FNDA:0,(anonymous_6)
FNDA:0,(anonymous_7)
FNDA:0,(anonymous_8)
DA:3,0
DA:7,0
DA:8,0
DA:9,0
DA:10,0
DA:12,0
DA:14,0
DA:15,0
DA:20,0
DA:21,0
DA:22,0
DA:25,0
DA:26,0
DA:27,0
DA:29,0
DA:30,0
DA:35,0
DA:36,0
DA:37,0
DA:38,0
DA:40,0
DA:42,0
DA:43,0
DA:48,0
DA:49,0
DA:50,0
DA:51,0
DA:54,0
DA:55,0
DA:57,0
DA:58,0
DA:63,0
DA:64,0
DA:65,0
DA:67,0
DA:68,0
DA:73,0
DA:74,0
DA:75,0
DA:77,0
DA:78,0
DA:83,0
DA:84,0
DA:85,0
DA:86,0
DA:89,0
DA:90,0
DA:92,0
DA:93,0
DA:94,0
DA:95,0
DA:96,0
DA:97,0
DA:99,0
DA:100,0
DA:102,0
DA:103,0
DA:108,0
DA:109,0
DA:110,0
DA:112,0
DA:114,0
DA:115,0
DA:116,0
DA:117,0
DA:119,0
DA:122,0
DA:124,0
DA:125,0
LF:69
LH:0
BRDA:9,0,0,0
BRDA:9,0,1,0
BRDA:12,1,0,0
BRDA:12,1,1,0
BRDA:21,2,0,0
BRDA:21,2,1,0
BRDA:37,3,0,0
BRDA:37,3,1,0
BRDA:50,4,0,0
BRDA:50,4,1,0
BRF:10
BRH:0
end_of_record
TN:
SF:js/infrastructure/storage/LocalStorageAdapter.js
FN:2,(anonymous_0)
FN:6,(anonymous_1)
FN:13,(anonymous_2)
FN:24,(anonymous_3)
FN:36,(anonymous_4)
FN:58,(anonymous_5)
FN:69,(anonymous_6)
FN:81,(anonymous_7)
FN:89,(anonymous_8)
FN:100,(anonymous_9)
FN:108,(anonymous_10)
FN:118,(anonymous_11)
FNF:12
FNH:0
FNDA:0,(anonymous_0)
FNDA:0,(anonymous_1)
FNDA:0,(anonymous_2)
FNDA:0,(anonymous_3)
FNDA:0,(anonymous_4)
FNDA:0,(anonymous_5)
FNDA:0,(anonymous_6)
FNDA:0,(anonymous_7)
FNDA:0,(anonymous_8)
FNDA:0,(anonymous_9)
FNDA:0,(anonymous_10)
FNDA:0,(anonymous_11)
DA:3,0
DA:7,0
DA:8,0
DA:10,0
DA:14,0
DA:15,0
DA:16,0
DA:17,0
DA:19,0
DA:20,0
DA:25,0
DA:26,0
DA:27,0
DA:28,0
DA:29,0
DA:31,0
DA:32,0
DA:37,0
DA:38,0
DA:39,0
DA:41,0
DA:42,0
DA:43,0
DA:44,0
DA:45,0
DA:46,0
DA:51,0
DA:53,0
DA:54,0
DA:59,0
DA:60,0
DA:61,0
DA:62,0
DA:64,0
DA:65,0
DA:70,0
DA:71,0
DA:72,0
DA:74,0
DA:75,0
DA:76,0
DA:77,0
DA:81,0
DA:82,0
DA:84,0
DA:85,0
DA:90,0
DA:91,0
DA:93,0
DA:94,0
DA:95,0
DA:96,0
DA:100,0
DA:101,0
DA:103,0
DA:104,0
DA:109,0
DA:110,0
DA:111,0
DA:113,0
DA:114,0
DA:119,0
DA:120,0
DA:121,0
DA:122,0
DA:124,0
DA:125,0
LF:67
LH:0
BRDA:6,0,0,0
BRDA:7,1,0,0
BRDA:7,1,1,0
BRDA:17,2,0,0
BRDA:17,2,1,0
BRDA:43,3,0,0
BRDA:43,3,1,0
BRDA:43,4,0,0
BRDA:43,4,1,0
BRDA:45,5,0,0
BRDA:45,5,1,0
BRDA:76,6,0,0
BRDA:76,6,1,0
BRDA:76,7,0,0
BRDA:76,7,1,0
BRDA:95,8,0,0
BRDA:95,8,1,0
BRDA:95,9,0,0
BRDA:95,9,1,0
BRDA:111,10,0,0
BRDA:111,10,1,0
BRF:21
BRH:0
end_of_record
TN:
SF:js/infrastructure/templates/TemplateLoader.js
FN:2,(anonymous_0)
FN:55,(anonymous_1)
FN:56,(anonymous_2)
FN:62,(anonymous_3)
FN:66,(anonymous_4)
FN:70,(anonymous_5)
FN:75,(anonymous_6)
FN:79,(anonymous_7)
FN:96,(anonymous_8)
FN:116,(anonymous_9)
FN:117,(anonymous_10)
FNF:11
FNH:0
FNDA:0,(anonymous_0)
FNDA:0,(anonymous_1)
FNDA:0,(anonymous_2)
FNDA:0,(anonymous_3)
FNDA:0,(anonymous_4)
FNDA:0,(anonymous_5)
FNDA:0,(anonymous_6)
FNDA:0,(anonymous_7)
FNDA:0,(anonymous_8)
FNDA:0,(anonymous_9)
FNDA:0,(anonymous_10)
DA:3,0
DA:4,0
DA:56,0
DA:57,0
DA:59,0
DA:63,0
DA:67,0
DA:71,0
DA:72,0
DA:76,0
DA:80,0
DA:81,0
DA:82,0
DA:84,0
DA:85,0
DA:88,0
DA:89,0
DA:91,0
DA:92,0
DA:97,0
DA:98,0
DA:99,0
DA:102,0
DA:103,0
DA:105,0
DA:106,0
DA:107,0
DA:108,0
DA:109,0
DA:110,0
DA:112,0
DA:113,0
DA:117,0
LF:33
LH:0
BRDA:63,0,0,0
BRDA:63,0,1,0
BRDA:84,1,0,0
BRDA:84,1,1,0
BRDA:84,2,0,0
BRDA:84,2,1,0
BRDA:98,3,0,0
BRDA:98,3,1,0
BRF:8
BRH:0
end_of_record
TN:
SF:js/infrastructure/templates/TemplateRepository.js
FN:2,(anonymous_0)
FN:8,(anonymous_1)
FN:18,(anonymous_2)
FN:23,(anonymous_3)
FN:34,(anonymous_4)
FN:51,(anonymous_5)
FN:65,(anonymous_6)
FN:86,(anonymous_7)
FN:100,(anonymous_8)
FN:105,(anonymous_9)
FN:109,(anonymous_10)
FN:118,(anonymous_11)
FNF:12
FNH:0
FNDA:0,(anonymous_0)
FNDA:0,(anonymous_1)
FNDA:0,(anonymous_2)
FNDA:0,(anonymous_3)
FNDA:0,(anonymous_4)
FNDA:0,(anonymous_5)
FNDA:0,(anonymous_6)
FNDA:0,(anonymous_7)
FNDA:0,(anonymous_8)
FNDA:0,(anonymous_9)
FNDA:0,(anonymous_10)
FNDA:0,(anonymous_11)
DA:3,0
DA:4,0
DA:5,0
DA:9,0
DA:10,0
DA:11,0
DA:15,0
DA:18,0
DA:19,0
DA:23,0
DA:24,0
DA:27,0
DA:29,0
DA:30,0
DA:35,0
DA:37,0
DA:40,0
DA:41,0
DA:44,0
DA:46,0
DA:47,0
DA:52,0
DA:55,0
DA:56,0
DA:58,0
DA:60,0
DA:61,0
DA:66,0
DA:67,0
DA:68,0
DA:69,0
DA:72,0
DA:73,0
DA:74,0
DA:77,0
DA:79,0
DA:81,0
DA:82,0
DA:87,0
DA:89,0
DA:90,0
DA:93,0
DA:95,0
DA:96,0
DA:101,0
DA:102,0
DA:106,0
DA:110,0
DA:111,0
DA:113,0
DA:114,0
DA:119,0
DA:120,0
DA:123,0
DA:124,0
DA:125,0
DA:128,0
DA:130,0
DA:131,0
LF:59
LH:0
BRDA:40,0,0,0
BRDA:40,0,1,0
BRDA:55,1,0,0
BRDA:55,1,1,0
BRDA:68,2,0,0
BRDA:68,2,1,0
BRDA:72,3,0,0
BRDA:72,3,1,0
BRDA:89,4,0,0
BRDA:89,4,1,0
BRDA:123,5,0,0
BRDA:123,5,1,0
BRF:12
BRH:0
end_of_record
TN:
SF:js/presentation/components/ArrowDisplay.js
FN:2,(anonymous_0)
FN:10,(anonymous_1)
FN:20,(anonymous_2)
FN:36,(anonymous_3)
FN:37,(anonymous_4)
FN:41,(anonymous_5)
FN:47,(anonymous_6)
FN:52,(anonymous_7)
FN:58,(anonymous_8)
FN:59,(anonymous_9)
FN:68,(anonymous_10)
FN:73,(anonymous_11)
FN:78,(anonymous_12)
FN:84,(anonymous_13)
FNF:14
FNH:0
FNDA:0,(anonymous_0)
FNDA:0,(anonymous_1)
FNDA:0,(anonymous_2)
FNDA:0,(anonymous_3)
FNDA:0,(anonymous_4)
FNDA:0,(anonymous_5)
FNDA:0,(anonymous_6)
FNDA:0,(anonymous_7)
FNDA:0,(anonymous_8)
FNDA:0,(anonymous_9)
FNDA:0,(anonymous_10)
FNDA:0,(anonymous_11)
FNDA:0,(anonymous_12)
FNDA:0,(anonymous_13)
DA:3,0
DA:4,0
DA:5,0
DA:6,0
DA:7,0
DA:11,0
DA:12,0
DA:13,0
DA:16,0
DA:17,0
DA:21,0
DA:32,0
DA:33,0
DA:37,0
DA:38,0
DA:41,0
DA:42,0
DA:43,0
DA:44,0
DA:47,0
DA:48,0
DA:49,0
DA:52,0
DA:53,0
DA:54,0
DA:59,0
DA:60,0
DA:61,0
DA:63,0
DA:69,0
DA:70,0
DA:74,0
DA:75,0
DA:79,0
DA:80,0
DA:81,0
DA:85,0
DA:86,0
DA:87,0
DA:88,0
DA:89,0
LF:41
LH:0
BRDA:11,0,0,0
BRDA:11,0,1,0
BRDA:60,1,0,0
BRDA:60,1,1,0
BRDA:60,2,0,0
BRDA:60,2,1,0
BRF:6
BRH:0
end_of_record
TN:
SF:js/presentation/components/BarDisplay.js
FN:2,(anonymous_0)
FN:10,(anonymous_1)
FN:20,(anonymous_2)
FN:57,(anonymous_3)
FN:61,(anonymous_4)
FN:65,(anonymous_5)
FN:73,(anonymous_6)
FN:74,(anonymous_7)
FN:78,(anonymous_8)
FN:82,(anonymous_9)
FN:86,(anonymous_10)
FN:90,(anonymous_11)
FN:95,(anonymous_12)
FN:105,(anonymous_13)
FN:110,(anonymous_14)
FN:115,(anonymous_15)
FN:116,(anonymous_16)
FN:120,(anonymous_17)
FN:121,(anonymous_18)
FN:128,(anonymous_19)
FN:130,(anonymous_20)
FN:138,(anonymous_21)
FN:141,(anonymous_22)
FN:163,(anonymous_23)
FN:167,(anonymous_24)
FN:177,(anonymous_25)
FN:181,(anonymous_26)
FN:195,(anonymous_27)
FN:199,(anonymous_28)
FN:203,(anonymous_29)
FNF:30
FNH:0
FNDA:0,(anonymous_0)
FNDA:0,(anonymous_1)
FNDA:0,(anonymous_2)
FNDA:0,(anonymous_3)
FNDA:0,(anonymous_4)
FNDA:0,(anonymous_5)
FNDA:0,(anonymous_6)
FNDA:0,(anonymous_7)
FNDA:0,(anonymous_8)
FNDA:0,(anonymous_9)
FNDA:0,(anonymous_10)
FNDA:0,(anonymous_11)
FNDA:0,(anonymous_12)
FNDA:0,(anonymous_13)
FNDA:0,(anonymous_14)
FNDA:0,(anonymous_15)
FNDA:0,(anonymous_16)
FNDA:0,(anonymous_17)
FNDA:0,(anonymous_18)
FNDA:0,(anonymous_19)
FNDA:0,(anonymous_20)
FNDA:0,(anonymous_21)
FNDA:0,(anonymous_22)
FNDA:0,(anonymous_23)
FNDA:0,(anonymous_24)
FNDA:0,(anonymous_25)
FNDA:0,(anonymous_26)
FNDA:0,(anonymous_27)
FNDA:0,(anonymous_28)
FNDA:0,(anonymous_29)
DA:3,0
DA:4,0
DA:5,0
DA:6,0
DA:7,0
DA:11,0
DA:12,0
DA:13,0
DA:16,0
DA:17,0
DA:21,0
DA:52,0
DA:53,0
DA:54,0
DA:55,0
DA:57,0
DA:58,0
DA:61,0
DA:62,0
DA:65,0
DA:66,0
DA:74,0
DA:75,0
DA:78,0
DA:79,0
DA:82,0
DA:83,0
DA:86,0
DA:87,0
DA:90,0
DA:91,0
DA:96,0
DA:101,0
DA:102,0
DA:106,0
DA:107,0
DA:111,0
DA:112,0
DA:116,0
DA:117,0
DA:121,0
DA:122,0
DA:123,0
DA:124,0
DA:129,0
DA:130,0
DA:131,0
DA:132,0
DA:133,0
DA:139,0
DA:141,0
DA:142,0
DA:143,0
DA:144,0
DA:146,0
DA:147,0
DA:149,0
DA:162,0
DA:163,0
DA:164,0
DA:167,0
DA:168,0
DA:169,0
DA:173,0
DA:178,0
DA:180,0
DA:181,0
DA:182,0
DA:184,0
DA:192,0
DA:196,0
DA:200,0
DA:204,0
DA:205,0
DA:206,0
DA:207,0
DA:208,0
DA:209,0
LF:78
LH:0
BRDA:11,0,0,0
BRDA:11,0,1,0
BRDA:122,1,0,0
BRDA:122,1,1,0
BRDA:132,2,0,0
BRDA:132,2,1,0
BRDA:146,3,0,0
BRDA:146,3,1,0
BRDA:147,4,0,0
BRDA:147,4,1,0
BRDA:168,5,0,0
BRDA:168,5,1,0
BRDA:168,6,0,0
BRDA:168,6,1,0
BRDA:177,7,0,0
BRDA:182,8,0,0
BRDA:182,8,1,0
BRF:17
BRH:0
end_of_record
TN:
SF:js/presentation/components/ChordDisplay.js
FN:2,(anonymous_0)
FN:9,(anonymous_1)
FN:19,(anonymous_2)
FN:50,(anonymous_3)
FN:57,(anonymous_4)
FN:58,(anonymous_5)
FN:62,(anonymous_6)
FN:66,(anonymous_7)
FN:70,(anonymous_8)
FN:75,(anonymous_9)
FN:80,(anonymous_10)
FN:85,(anonymous_11)
FN:90,(anonymous_12)
FN:91,(anonymous_13)
FN:95,(anonymous_14)
FN:97,(anonymous_15)
FN:105,(anonymous_16)
FN:108,(anonymous_17)
FN:118,(anonymous_18)
FN:122,(anonymous_19)
FN:132,(anonymous_20)
FN:136,(anonymous_21)
FN:141,(anonymous_22)
FNF:23
FNH:0
FNDA:0,(anonymous_0)
FNDA:0,(anonymous_1)
FNDA:0,(anonymous_2)
FNDA:0,(anonymous_3)
FNDA:0,(anonymous_4)
FNDA:0,(anonymous_5)
FNDA:0,(anonymous_6)
FNDA:0,(anonymous_7)
FNDA:0,(anonymous_8)
FNDA:0,(anonymous_9)
FNDA:0,(anonymous_10)
FNDA:0,(anonymous_11)
FNDA:0,(anonymous_12)
FNDA:0,(anonymous_13)
FNDA:0,(anonymous_14)
FNDA:0,(anonymous_15)
FNDA:0,(anonymous_16)
FNDA:0,(anonymous_17)
FNDA:0,(anonymous_18)
FNDA:0,(anonymous_19)
FNDA:0,(anonymous_20)
FNDA:0,(anonymous_21)
FNDA:0,(anonymous_22)
DA:3,0
DA:4,0
DA:5,0
DA:6,0
DA:10,0
DA:11,0
DA:12,0
DA:15,0
DA:16,0
DA:20,0
DA:47,0
DA:48,0
DA:50,0
DA:51,0
DA:52,0
DA:58,0
DA:59,0
DA:62,0
DA:63,0
DA:66,0
DA:67,0
DA:70,0
DA:71,0
DA:76,0
DA:77,0
DA:81,0
DA:82,0
DA:86,0
DA:87,0
DA:91,0
DA:92,0
DA:96,0
DA:97,0
DA:98,0
DA:99,0
DA:100,0
DA:106,0
DA:108,0
DA:109,0
DA:110,0
DA:111,0
DA:112,0
DA:117,0
DA:118,0
DA:119,0
DA:122,0
DA:123,0
DA:124,0
DA:128,0
DA:133,0
DA:137,0
DA:138,0
DA:142,0
DA:143,0
DA:144,0
DA:145,0
DA:146,0
LF:57
LH:0
BRDA:10,0,0,0
BRDA:10,0,1,0
BRDA:51,1,0,0
BRDA:51,1,1,0
BRDA:99,2,0,0
BRDA:99,2,1,0
BRDA:123,3,0,0
BRDA:123,3,1,0
BRF:8
BRH:0
end_of_record
TN:
SF:js/presentation/components/Modal.js
FN:2,(anonymous_0)
FN:12,(anonymous_1)
FN:36,(anonymous_2)
FN:40,(anonymous_3)
FN:44,(anonymous_4)
FN:54,(anonymous_5)
FN:55,(anonymous_6)
FN:59,(anonymous_7)
FN:64,(anonymous_8)
FN:93,(anonymous_9)
FN:105,(anonymous_10)
FN:125,(anonymous_11)
FN:137,(anonymous_12)
FN:157,(anonymous_13)
FN:158,(anonymous_14)
FN:166,(anonymous_15)
FN:171,(anonymous_16)
FN:190,(anonymous_17)
FN:197,(anonymous_18)
FN:207,(anonymous_19)
FN:219,(anonymous_20)
FN:226,(anonymous_21)
FN:235,(anonymous_22)
FN:239,(anonymous_23)
FN:243,(anonymous_24)
FNF:25
FNH:0
FNDA:0,(anonymous_0)
FNDA:0,(anonymous_1)
FNDA:0,(anonymous_2)
FNDA:0,(anonymous_3)
FNDA:0,(anonymous_4)
FNDA:0,(anonymous_5)
FNDA:0,(anonymous_6)
FNDA:0,(anonymous_7)
FNDA:0,(anonymous_8)
FNDA:0,(anonymous_9)
FNDA:0,(anonymous_10)
FNDA:0,(anonymous_11)
FNDA:0,(anonymous_12)
FNDA:0,(anonymous_13)
FNDA:0,(anonymous_14)
FNDA:0,(anonymous_15)
FNDA:0,(anonymous_16)
FNDA:0,(anonymous_17)
FNDA:0,(anonymous_18)
FNDA:0,(anonymous_19)
FNDA:0,(anonymous_20)
FNDA:0,(anonymous_21)
FNDA:0,(anonymous_22)
FNDA:0,(anonymous_23)
FNDA:0,(anonymous_24)
DA:3,0
DA:4,0
DA:5,0
DA:6,0
DA:8,0
DA:9,0
DA:13,0
DA:29,0
DA:30,0
DA:31,0
DA:32,0
DA:33,0
DA:34,0
DA:36,0
DA:37,0
DA:40,0
DA:41,0
DA:44,0
DA:45,0
DA:46,0
DA:51,0
DA:55,0
DA:56,0
DA:59,0
DA:60,0
DA:65,0
DA:66,0
DA:68,0
DA:70,0
DA:71,0
DA:73,0
DA:74,0
DA:76,0
DA:77,0
DA:79,0
DA:80,0
DA:82,0
DA:83,0
DA:85,0
DA:86,0
DA:87,0
DA:90,0
DA:94,0
DA:95,0
DA:96,0
DA:99,0
DA:100,0
DA:102,0
DA:106,0
DA:107,0
DA:124,0
DA:125,0
DA:126,0
DA:132,0
DA:133,0
DA:138,0
DA:139,0
DA:156,0
DA:157,0
DA:158,0
DA:159,0
DA:160,0
DA:161,0
DA:165,0
DA:166,0
DA:167,0
DA:172,0
DA:173,0
DA:189,0
DA:190,0
DA:191,0
DA:192,0
DA:193,0
DA:198,0
DA:199,0
DA:206,0
DA:207,0
DA:208,0
DA:209,0
DA:210,0
DA:211,0
DA:212,0
DA:214,0
DA:220,0
DA:221,0
DA:225,0
DA:226,0
DA:227,0
DA:228,0
DA:230,0
DA:231,0
DA:236,0
DA:240,0
DA:244,0
DA:245,0
DA:246,0
LF:96
LH:0
BRDA:45,0,0,0
BRDA:45,0,1,0
BRDA:64,1,0,0
BRDA:68,2,0,0
BRDA:68,2,1,0
BRDA:68,2,2,0
BRDA:68,2,3,0
BRDA:68,2,4,0
BRDA:68,2,5,0
BRDA:111,3,0,0
BRDA:111,3,1,0
BRDA:115,4,0,0
BRDA:115,4,1,0
BRDA:119,5,0,0
BRDA:119,5,1,0
BRDA:209,6,0,0
BRDA:209,6,1,0
BRDA:220,7,0,0
BRDA:220,7,1,0
BRDA:222,8,0,0
BRDA:222,8,1,0
BRDA:227,9,0,0
BRDA:227,9,1,0
BRF:23
BRH:0
end_of_record
TN:
SF:js/presentation/controllers/ChordController.js
FN:2,(anonymous_0)
FN:9,(anonymous_1)
FN:13,(anonymous_2)
FN:17,(anonymous_3)
FN:18,(anonymous_4)
FN:22,(anonymous_5)
FN:26,(anonymous_6)
FN:30,(anonymous_7)
FN:34,(anonymous_8)
FN:38,(anonymous_9)
FN:43,(anonymous_10)
FN:48,(anonymous_11)
FN:53,(anonymous_12)
FN:79,(anonymous_13)
FN:103,(anonymous_14)
FN:119,(anonymous_15)
FN:133,(anonymous_16)
FN:140,(anonymous_17)
FN:173,(anonymous_18)
FN:179,(anonymous_19)
FN:200,(anonymous_20)
FN:204,(anonymous_21)
FN:208,(anonymous_22)
FN:212,(anonymous_23)
FN:216,(anonymous_24)
FNF:25
FNH:0
FNDA:0,(anonymous_0)
FNDA:0,(anonymous_1)
FNDA:0,(anonymous_2)
FNDA:0,(anonymous_3)
FNDA:0,(anonymous_4)
FNDA:0,(anonymous_5)
FNDA:0,(anonymous_6)
FNDA:0,(anonymous_7)
FNDA:0,(anonymous_8)
FNDA:0,(anonymous_9)
FNDA:0,(anonymous_10)
FNDA:0,(anonymous_11)
FNDA:0,(anonymous_12)
FNDA:0,(anonymous_13)
FNDA:0,(anonymous_14)
FNDA:0,(anonymous_15)
FNDA:0,(anonymous_16)
FNDA:0,(anonymous_17)
FNDA:0,(anonymous_18)
FNDA:0,(anonymous_19)
FNDA:0,(anonymous_20)
FNDA:0,(anonymous_21)
FNDA:0,(anonymous_22)
FNDA:0,(anonymous_23)
FNDA:0,(anonymous_24)
DA:3,0
DA:4,0
DA:5,0
DA:6,0
DA:10,0
DA:14,0
DA:18,0
DA:19,0
DA:22,0
DA:23,0
DA:26,0
DA:27,0
DA:30,0
DA:31,0
DA:34,0
DA:35,0
DA:38,0
DA:39,0
DA:44,0
DA:45,0
DA:49,0
DA:50,0
DA:54,0
DA:55,0
DA:56,0
DA:58,0
DA:63,0
DA:65,0
DA:66,0
DA:69,0
DA:71,0
DA:72,0
DA:80,0
DA:81,0
DA:82,0
DA:85,0
DA:86,0
DA:87,0
DA:91,0
DA:93,0
DA:95,0
DA:96,0
DA:104,0
DA:105,0
DA:107,0
DA:109,0
DA:111,0
DA:112,0
DA:120,0
DA:121,0
DA:122,0
DA:125,0
DA:126,0
DA:127,0
DA:130,0
DA:134,0
DA:135,0
DA:136,0
DA:139,0
DA:140,0
DA:142,0
DA:144,0
DA:145,0
DA:150,0
DA:155,0
DA:156,0
DA:158,0
DA:162,0
DA:163,0
DA:165,0
DA:166,0
DA:174,0
DA:175,0
DA:176,0
DA:178,0
DA:179,0
DA:181,0
DA:182,0
DA:183,0
DA:185,0
DA:188,0
DA:189,0
DA:192,0
DA:193,0
DA:201,0
DA:205,0
DA:209,0
DA:213,0
DA:217,0
DA:218,0
DA:219,0
DA:220,0
DA:221,0
DA:222,0
LF:94
LH:0
BRDA:60,0,0,0
BRDA:60,0,1,0
BRDA:65,1,0,0
BRDA:65,1,1,0
BRDA:120,2,0,0
BRDA:120,2,1,0
BRDA:125,3,0,0
BRDA:125,3,1,0
BRDA:142,4,0,0
BRDA:142,4,1,0
BRDA:181,5,0,0
BRDA:181,5,1,0
BRF:12
BRH:0
end_of_record
TN:
SF:js/presentation/controllers/MainController.js
FN:2,(anonymous_0)
FN:14,(anonymous_1)
FN:41,(anonymous_2)
FN:63,(anonymous_3)
FN:76,(anonymous_4)
FN:79,(anonymous_5)
FN:83,(anonymous_6)
FN:90,(anonymous_7)
FN:97,(anonymous_8)
FN:103,(anonymous_9)
FN:110,(anonymous_10)
FN:116,(anonymous_11)
FN:122,(anonymous_12)
FN:128,(anonymous_13)
FN:135,(anonymous_14)
FN:142,(anonymous_15)
FN:148,(anonymous_16)
FN:157,(anonymous_17)
FN:159,(anonymous_18)
FN:163,(anonymous_19)
FN:167,(anonymous_20)
FN:171,(anonymous_21)
FN:175,(anonymous_22)
FN:180,(anonymous_23)
FN:184,(anonymous_24)
FN:188,(anonymous_25)
FN:196,(anonymous_26)
FN:219,(anonymous_27)
FN:223,(anonymous_28)
FN:227,(anonymous_29)
FN:231,(anonymous_30)
FN:235,(anonymous_31)
FN:239,(anonymous_32)
FN:243,(anonymous_33)
FN:247,(anonymous_34)
FN:254,(anonymous_35)
FN:259,(anonymous_36)
FN:270,(anonymous_37)
FN:284,(anonymous_38)
FN:290,(anonymous_39)
FN:309,(anonymous_40)
FN:330,(anonymous_41)
FN:347,(anonymous_42)
FN:357,(anonymous_43)
FN:365,(anonymous_44)
FN:372,(anonymous_45)
FN:374,(anonymous_46)
FNF:47
FNH:0
FNDA:0,(anonymous_0)
FNDA:0,(anonymous_1)
FNDA:0,(anonymous_2)
FNDA:0,(anonymous_3)
FNDA:0,(anonymous_4)
FNDA:0,(anonymous_5)
FNDA:0,(anonymous_6)
FNDA:0,(anonymous_7)
FNDA:0,(anonymous_8)
FNDA:0,(anonymous_9)
FNDA:0,(anonymous_10)
FNDA:0,(anonymous_11)
FNDA:0,(anonymous_12)
FNDA:0,(anonymous_13)
FNDA:0,(anonymous_14)
FNDA:0,(anonymous_15)
FNDA:0,(anonymous_16)
FNDA:0,(anonymous_17)
FNDA:0,(anonymous_18)
FNDA:0,(anonymous_19)
FNDA:0,(anonymous_20)
FNDA:0,(anonymous_21)
FNDA:0,(anonymous_22)
FNDA:0,(anonymous_23)
FNDA:0,(anonymous_24)
FNDA:0,(anonymous_25)
FNDA:0,(anonymous_26)
FNDA:0,(anonymous_27)
FNDA:0,(anonymous_28)
FNDA:0,(anonymous_29)
FNDA:0,(anonymous_30)
FNDA:0,(anonymous_31)
FNDA:0,(anonymous_32)
FNDA:0,(anonymous_33)
FNDA:0,(anonymous_34)
FNDA:0,(anonymous_35)
FNDA:0,(anonymous_36)
FNDA:0,(anonymous_37)
FNDA:0,(anonymous_38)
FNDA:0,(anonymous_39)
FNDA:0,(anonymous_40)
FNDA:0,(anonymous_41)
FNDA:0,(anonymous_42)
FNDA:0,(anonymous_43)
FNDA:0,(anonymous_44)
FNDA:0,(anonymous_45)
FNDA:0,(anonymous_46)
DA:3,0
DA:4,0
DA:5,0
DA:6,0
DA:7,0
DA:8,0
DA:15,0
DA:16,0
DA:19,0
DA:22,0
DA:25,0
DA:28,0
DA:30,0
DA:31,0
DA:33,0
DA:34,0
DA:42,0
DA:61,0
DA:62,0
DA:63,0
DA:66,0
DA:67,0
DA:78,0
DA:79,0
DA:80,0
DA:83,0
DA:84,0
DA:89,0
DA:90,0
DA:91,0
DA:96,0
DA:97,0
DA:98,0
DA:102,0
DA:103,0
DA:104,0
DA:109,0
DA:110,0
DA:111,0
DA:115,0
DA:116,0
DA:117,0
DA:121,0
DA:122,0
DA:123,0
DA:127,0
DA:128,0
DA:129,0
DA:134,0
DA:135,0
DA:136,0
DA:141,0
DA:142,0
DA:143,0
DA:147,0
DA:148,0
DA:149,0
DA:159,0
DA:160,0
DA:163,0
DA:164,0
DA:167,0
DA:168,0
DA:171,0
DA:172,0
DA:175,0
DA:176,0
DA:180,0
DA:181,0
DA:184,0
DA:185,0
DA:188,0
DA:189,0
DA:198,0
DA:200,0
DA:201,0
DA:202,0
DA:203,0
DA:204,0
DA:207,0
DA:208,0
DA:211,0
DA:212,0
DA:220,0
DA:224,0
DA:228,0
DA:232,0
DA:236,0
DA:240,0
DA:244,0
DA:248,0
DA:249,0
DA:255,0
DA:256,0
DA:260,0
DA:261,0
DA:264,0
DA:271,0
DA:272,0
DA:275,0
DA:276,0
DA:279,0
DA:280,0
DA:285,0
DA:286,0
DA:291,0
DA:292,0
DA:293,0
DA:300,0
DA:310,0
DA:311,0
DA:312,0
DA:314,0
DA:315,0
DA:317,0
DA:318,0
DA:319,0
DA:321,0
DA:322,0
DA:332,0
DA:333,0
DA:335,0
DA:344,0
DA:347,0
DA:348,0
DA:349,0
DA:358,0
DA:359,0
DA:366,0
DA:374,0
DA:375,0
DA:381,0
DA:382,0
DA:383,0
LF:134
LH:0
BRDA:66,0,0,0
BRDA:66,0,1,0
BRDA:78,1,0,0
BRDA:78,1,1,0
BRDA:89,2,0,0
BRDA:89,2,1,0
BRDA:96,3,0,0
BRDA:96,3,1,0
BRDA:102,4,0,0
BRDA:102,4,1,0
BRDA:109,5,0,0
BRDA:109,5,1,0
BRDA:115,6,0,0
BRDA:115,6,1,0
BRDA:121,7,0,0
BRDA:121,7,1,0
BRDA:127,8,0,0
BRDA:127,8,1,0
BRDA:134,9,0,0
BRDA:134,9,1,0
BRDA:141,10,0,0
BRDA:141,10,1,0
BRDA:147,11,0,0
BRDA:147,11,1,0
BRDA:207,12,0,0
BRDA:207,12,1,0
BRDA:211,13,0,0
BRDA:211,13,1,0
BRDA:271,14,0,0
BRDA:271,14,1,0
BRDA:275,15,0,0
BRDA:275,15,1,0
BRDA:279,16,0,0
BRDA:279,16,1,0
BRDA:285,17,0,0
BRDA:285,17,1,0
BRDA:291,18,0,0
BRDA:291,18,1,0
BRDA:292,19,0,0
BRDA:292,19,1,0
BRDA:310,20,0,0
BRDA:310,20,1,0
BRDA:311,21,0,0
BRDA:311,21,1,0
BRDA:314,22,0,0
BRDA:314,22,1,0
BRDA:317,23,0,0
BRDA:317,23,1,0
BRDA:318,24,0,0
BRDA:318,24,1,0
BRDA:321,25,0,0
BRDA:321,25,1,0
BRDA:348,26,0,0
BRDA:348,26,1,0
BRDA:375,27,0,0
BRDA:375,27,1,0
BRDA:375,28,0,0
BRDA:375,28,1,0
BRF:58
BRH:0
end_of_record
TN:
SF:js/presentation/controllers/PlaybackController.js
FN:2,(anonymous_0)
FN:12,(anonymous_1)
FN:16,(anonymous_2)
FN:20,(anonymous_3)
FN:21,(anonymous_4)
FN:25,(anonymous_5)
FN:29,(anonymous_6)
FN:33,(anonymous_7)
FN:37,(anonymous_8)
FN:41,(anonymous_9)
FN:45,(anonymous_10)
FN:49,(anonymous_11)
FN:56,(anonymous_12)
FN:90,(anonymous_13)
FN:106,(anonymous_14)
FN:123,(anonymous_15)
FN:131,(anonymous_16)
FN:146,(anonymous_17)
FN:158,(anonymous_18)
FN:167,(anonymous_19)
FN:175,(anonymous_20)
FN:186,(anonymous_21)
FN:187,(anonymous_22)
FN:217,(anonymous_23)
FN:238,(anonymous_24)
FN:242,(anonymous_25)
FN:249,(anonymous_26)
FN:253,(anonymous_27)
FNF:28
FNH:0
FNDA:0,(anonymous_0)
FNDA:0,(anonymous_1)
FNDA:0,(anonymous_2)
FNDA:0,(anonymous_3)
FNDA:0,(anonymous_4)
FNDA:0,(anonymous_5)
FNDA:0,(anonymous_6)
FNDA:0,(anonymous_7)
FNDA:0,(anonymous_8)
FNDA:0,(anonymous_9)
FNDA:0,(anonymous_10)
FNDA:0,(anonymous_11)
FNDA:0,(anonymous_12)
FNDA:0,(anonymous_13)
FNDA:0,(anonymous_14)
FNDA:0,(anonymous_15)
FNDA:0,(anonymous_16)
FNDA:0,(anonymous_17)
FNDA:0,(anonymous_18)
FNDA:0,(anonymous_19)
FNDA:0,(anonymous_20)
FNDA:0,(anonymous_21)
FNDA:0,(anonymous_22)
FNDA:0,(anonymous_23)
FNDA:0,(anonymous_24)
FNDA:0,(anonymous_25)
FNDA:0,(anonymous_26)
FNDA:0,(anonymous_27)
DA:3,0
DA:4,0
DA:5,0
DA:6,0
DA:7,0
DA:8,0
DA:9,0
DA:13,0
DA:17,0
DA:21,0
DA:22,0
DA:25,0
DA:26,0
DA:29,0
DA:30,0
DA:33,0
DA:34,0
DA:37,0
DA:38,0
DA:41,0
DA:42,0
DA:45,0
DA:46,0
DA:49,0
DA:50,0
DA:51,0
DA:57,0
DA:59,0
DA:60,0
DA:61,0
DA:62,0
DA:65,0
DA:66,0
DA:69,0
DA:71,0
DA:72,0
DA:73,0
DA:74,0
DA:78,0
DA:80,0
DA:82,0
DA:83,0
DA:91,0
DA:93,0
DA:95,0
DA:96,0
DA:97,0
DA:100,0
DA:101,0
DA:103,0
DA:107,0
DA:108,0
DA:109,0
DA:111,0
DA:112,0
DA:113,0
DA:116,0
DA:117,0
DA:119,0
DA:120,0
DA:124,0
DA:125,0
DA:127,0
DA:132,0
DA:134,0
DA:135,0
DA:138,0
DA:139,0
DA:140,0
DA:143,0
DA:147,0
DA:148,0
DA:150,0
DA:151,0
DA:152,0
DA:154,0
DA:155,0
DA:159,0
DA:161,0
DA:162,0
DA:164,0
DA:169,0
DA:171,0
DA:172,0
DA:175,0
DA:176,0
DA:178,0
DA:179,0
DA:181,0
DA:182,0
DA:186,0
DA:187,0
DA:189,0
DA:190,0
DA:194,0
DA:200,0
DA:203,0
DA:204,0
DA:205,0
DA:207,0
DA:210,0
DA:211,0
DA:220,0
DA:235,0
DA:239,0
DA:243,0
DA:250,0
DA:254,0
DA:256,0
DA:257,0
DA:258,0
DA:259,0
DA:260,0
DA:261,0
DA:262,0
DA:263,0
LF:116
LH:0
BRDA:50,0,0,0
BRDA:50,0,1,0
BRDA:57,1,0,0
BRDA:57,1,1,0
BRDA:71,2,0,0
BRDA:71,2,1,0
BRDA:91,3,0,0
BRDA:91,3,1,0
BRDA:95,4,0,0
BRDA:95,4,1,0
BRDA:111,5,0,0
BRDA:111,5,1,0
BRDA:124,6,0,0
BRDA:124,6,1,0
BRDA:138,7,0,0
BRDA:138,7,1,0
BRDA:171,8,0,0
BRDA:171,8,1,0
BRDA:176,9,0,0
BRDA:176,9,1,0
BRDA:179,10,0,0
BRDA:179,10,1,0
BRDA:203,11,0,0
BRDA:203,11,1,0
BRDA:210,12,0,0
BRDA:210,12,1,0
BRDA:235,13,0,0
BRDA:235,13,1,0
BRF:28
BRH:0
end_of_record
TN:
SF:js/presentation/views/MainView.js
FN:2,(anonymous_0)
FN:11,(anonymous_1)
FN:17,(anonymous_2)
FN:23,(anonymous_3)
FN:28,(anonymous_4)
FN:37,(anonymous_5)
FN:47,(anonymous_6)
FN:53,(anonymous_7)
FN:63,(anonymous_8)
FN:74,(anonymous_9)
FN:83,(anonymous_10)
FN:84,(anonymous_11)
FN:96,(anonymous_12)
FN:107,(anonymous_13)
FN:118,(anonymous_14)
FN:128,(anonymous_15)
FN:133,(anonymous_16)
FN:142,(anonymous_17)
FN:147,(anonymous_18)
FN:149,(anonymous_19)
FN:157,(anonymous_20)
FN:161,(anonymous_21)
FN:181,(anonymous_22)
FN:191,(anonymous_23)
FN:193,(anonymous_24)
FNF:25
FNH:0
FNDA:0,(anonymous_0)
FNDA:0,(anonymous_1)
FNDA:0,(anonymous_2)
FNDA:0,(anonymous_3)
FNDA:0,(anonymous_4)
FNDA:0,(anonymous_5)
FNDA:0,(anonymous_6)
FNDA:0,(anonymous_7)
FNDA:0,(anonymous_8)
FNDA:0,(anonymous_9)
FNDA:0,(anonymous_10)
FNDA:0,(anonymous_11)
FNDA:0,(anonymous_12)
FNDA:0,(anonymous_13)
FNDA:0,(anonymous_14)
FNDA:0,(anonymous_15)
FNDA:0,(anonymous_16)
FNDA:0,(anonymous_17)
FNDA:0,(anonymous_18)
FNDA:0,(anonymous_19)
FNDA:0,(anonymous_20)
FNDA:0,(anonymous_21)
FNDA:0,(anonymous_22)
FNDA:0,(anonymous_23)
FNDA:0,(anonymous_24)
DA:3,0
DA:4,0
DA:5,0
DA:6,0
DA:8,0
DA:13,0
DA:14,0
DA:20,0
DA:25,0
DA:27,0
DA:28,0
DA:29,0
DA:34,0
DA:36,0
DA:37,0
DA:38,0
DA:43,0
DA:44,0
DA:46,0
DA:47,0
DA:48,0
DA:52,0
DA:53,0
DA:54,0
DA:59,0
DA:60,0
DA:62,0
DA:63,0
DA:64,0
DA:65,0
DA:66,0
DA:71,0
DA:73,0
DA:74,0
DA:75,0
DA:80,0
DA:84,0
DA:85,0
DA:86,0
DA:87,0
DA:96,0
DA:97,0
DA:98,0
DA:99,0
DA:107,0
DA:108,0
DA:109,0
DA:110,0
DA:118,0
DA:119,0
DA:120,0
DA:122,0
DA:123,0
DA:124,0
DA:128,0
DA:129,0
DA:135,0
DA:136,0
DA:137,0
DA:139,0
DA:142,0
DA:143,0
DA:147,0
DA:148,0
DA:149,0
DA:150,0
DA:151,0
DA:158,0
DA:162,0
DA:163,0
DA:164,0
DA:165,0
DA:172,0
DA:182,0
DA:183,0
DA:185,0
DA:186,0
DA:187,0
DA:193,0
DA:194,0
DA:195,0
DA:200,0
DA:201,0
DA:202,0
DA:203,0
DA:204,0
DA:207,0
LF:87
LH:0
BRDA:27,0,0,0
BRDA:27,0,1,0
BRDA:36,1,0,0
BRDA:36,1,1,0
BRDA:46,2,0,0
BRDA:46,2,1,0
BRDA:52,3,0,0
BRDA:52,3,1,0
BRDA:62,4,0,0
BRDA:62,4,1,0
BRDA:62,5,0,0
BRDA:62,5,1,0
BRDA:73,6,0,0
BRDA:73,6,1,0
BRDA:86,7,0,0
BRDA:86,7,1,0
BRDA:98,8,0,0
BRDA:98,8,1,0
BRDA:109,9,0,0
BRDA:109,9,1,0
BRDA:122,10,0,0
BRDA:122,10,1,0
BRDA:122,11,0,0
BRDA:122,11,1,0
BRDA:150,12,0,0
BRDA:150,12,1,0
BRDA:163,13,0,0
BRDA:163,13,1,0
BRDA:164,14,0,0
BRDA:164,14,1,0
BRDA:185,15,0,0
BRDA:185,15,1,0
BRDA:185,16,0,0
BRDA:185,16,1,0
BRDA:194,17,0,0
BRDA:194,17,1,0
BRF:36
BRH:0
end_of_record
TN:
SF:js/presentation/views/SettingsView.js
FN:2,(anonymous_0)
FN:11,(anonymous_1)
FN:17,(anonymous_2)
FN:35,(anonymous_3)
FN:100,(anonymous_4)
FN:103,(anonymous_5)
FN:111,(anonymous_6)
FN:118,(anonymous_7)
FN:124,(anonymous_8)
FN:129,(anonymous_9)
FN:174,(anonymous_10)
FN:186,(anonymous_11)
FN:191,(anonymous_12)
FN:195,(anonymous_13)
FN:201,(anonymous_14)
FNF:15
FNH:0
FNDA:0,(anonymous_0)
FNDA:0,(anonymous_1)
FNDA:0,(anonymous_2)
FNDA:0,(anonymous_3)
FNDA:0,(anonymous_4)
FNDA:0,(anonymous_5)
FNDA:0,(anonymous_6)
FNDA:0,(anonymous_7)
FNDA:0,(anonymous_8)
FNDA:0,(anonymous_9)
FNDA:0,(anonymous_10)
FNDA:0,(anonymous_11)
FNDA:0,(anonymous_12)
FNDA:0,(anonymous_13)
FNDA:0,(anonymous_14)
DA:3,0
DA:4,0
DA:5,0
DA:6,0
DA:8,0
DA:12,0
DA:13,0
DA:14,0
DA:18,0
DA:19,0
DA:20,0
DA:26,0
DA:27,0
DA:36,0
DA:102,0
DA:103,0
DA:104,0
DA:108,0
DA:109,0
DA:111,0
DA:112,0
DA:113,0
DA:117,0
DA:118,0
DA:119,0
DA:123,0
DA:124,0
DA:125,0
DA:130,0
DA:131,0
DA:132,0
DA:133,0
DA:134,0
DA:135,0
DA:136,0
DA:138,0
DA:153,0
DA:154,0
DA:155,0
DA:156,0
DA:158,0
DA:161,0
DA:162,0
DA:164,0
DA:166,0
DA:167,0
DA:175,0
DA:181,0
DA:182,0
DA:183,0
DA:187,0
DA:188,0
DA:192,0
DA:196,0
DA:197,0
DA:198,0
DA:202,0
LF:57
LH:0
BRDA:21,0,0,0
BRDA:21,0,1,0
BRDA:22,1,0,0
BRDA:22,1,1,0
BRDA:23,2,0,0
BRDA:23,2,1,0
BRDA:48,3,0,0
BRDA:48,3,1,0
BRDA:49,4,0,0
BRDA:49,4,1,0
BRDA:53,5,0,0
BRDA:53,5,1,0
BRDA:62,6,0,0
BRDA:62,6,1,0
BRDA:63,7,0,0
BRDA:63,7,1,0
BRDA:69,8,0,0
BRDA:69,8,1,0
BRDA:70,9,0,0
BRDA:70,9,1,0
BRDA:79,10,0,0
BRDA:79,10,1,0
BRDA:85,11,0,0
BRDA:85,11,1,0
BRF:24
BRH:0
end_of_record
TN:
SF:js/shared/constants/Config.js
FNF:0
FNH:0
DA:2,0
DA:109,0
DA:141,0
DA:188,0
DA:213,0
DA:237,0
LF:6
LH:0
BRF:0
BRH:0
end_of_record
TN:
SF:js/shared/constants/Events.js
FNF:0
FNH:0
DA:2,0
DA:78,0
DA:89,0
DA:98,0
DA:105,0
DA:114,0
DA:121,0
DA:128,0
DA:141,0
DA:147,0
DA:158,0
DA:164,0
DA:170,0
DA:176,0
DA:182,0
LF:15
LH:0
BRF:0
BRH:0
end_of_record
TN:
SF:js/shared/types/index.js
FNF:0
FNH:0
DA:4,0
DA:17,0
DA:24,0
DA:36,0
DA:45,0
DA:53,0
DA:60,0
DA:67,0
DA:74,0
DA:82,0
DA:90,0
DA:99,0
DA:106,0
DA:118,0
DA:126,0
DA:136,0
DA:145,0
DA:154,0
DA:163,0
DA:171,0
DA:183,0
DA:193,0
DA:203,0
DA:211,0
DA:221,0
DA:229,0
DA:239,0
DA:245,0
DA:253,0
LF:29
LH:0
BRF:0
BRH:0
end_of_record
TN:
SF:js/shared/utils/MusicUtils.js
FN:22,(anonymous_0)
FN:50,(anonymous_1)
FN:59,(anonymous_2)
FN:93,(anonymous_3)
FN:98,(anonymous_4)
FN:103,(anonymous_5)
FN:112,(anonymous_6)
FN:133,(anonymous_7)
FN:142,(anonymous_8)
FN:152,(anonymous_9)
FN:160,(anonymous_10)
FN:173,(anonymous_11)
FN:182,(anonymous_12)
FN:187,(anonymous_13)
FN:192,(anonymous_14)
FN:195,(anonymous_15)
FN:209,(anonymous_16)
FN:224,(anonymous_17)
FNF:18
FNH:0
FNDA:0,(anonymous_0)
FNDA:0,(anonymous_1)
FNDA:0,(anonymous_2)
FNDA:0,(anonymous_3)
FNDA:0,(anonymous_4)
FNDA:0,(anonymous_5)
FNDA:0,(anonymous_6)
FNDA:0,(anonymous_7)
FNDA:0,(anonymous_8)
FNDA:0,(anonymous_9)
FNDA:0,(anonymous_10)
FNDA:0,(anonymous_11)
FNDA:0,(anonymous_12)
FNDA:0,(anonymous_13)
FNDA:0,(anonymous_14)
FNDA:0,(anonymous_15)
FNDA:0,(anonymous_16)
FNDA:0,(anonymous_17)
DA:3,0
DA:6,0
DA:23,0
DA:36,0
DA:38,0
DA:39,0
DA:42,0
DA:43,0
DA:45,0
DA:46,0
DA:50,0
DA:51,0
DA:52,0
DA:55,0
DA:60,0
DA:61,0
DA:65,0
DA:68,0
DA:69,0
DA:70,0
DA:71,0
DA:72,0
DA:73,0
DA:74,0
DA:75,0
DA:76,0
DA:77,0
DA:78,0
DA:79,0
DA:80,0
DA:81,0
DA:82,0
DA:86,0
DA:87,0
DA:89,0
DA:94,0
DA:99,0
DA:104,0
DA:105,0
DA:107,0
DA:108,0
DA:113,0
DA:114,0
DA:116,0
DA:119,0
DA:120,0
DA:121,0
DA:122,0
DA:123,0
DA:124,0
DA:125,0
DA:126,0
DA:127,0
DA:129,0
DA:134,0
DA:135,0
DA:137,0
DA:138,0
DA:140,0
DA:142,0
DA:143,0
DA:144,0
DA:148,0
DA:152,0
DA:153,0
DA:154,0
DA:155,0
DA:161,0
DA:162,0
DA:164,0
DA:166,0
DA:167,0
DA:169,0
DA:174,0
DA:177,0
DA:178,0
DA:183,0
DA:188,0
DA:193,0
DA:195,0
DA:197,0
DA:200,0
DA:201,0
DA:204,0
DA:210,0
DA:225,0
LF:86
LH:0
BRDA:38,0,0,0
BRDA:38,0,1,0
BRDA:38,1,0,0
BRDA:38,1,1,0
BRDA:42,2,0,0
BRDA:42,2,1,0
BRDA:45,3,0,0
BRDA:45,3,1,0
BRDA:60,4,0,0
BRDA:60,4,1,0
BRDA:60,5,0,0
BRDA:60,5,1,0
BRDA:69,6,0,0
BRDA:69,6,1,0
BRDA:69,7,0,0
BRDA:69,7,1,0
BRDA:71,8,0,0
BRDA:71,8,1,0
BRDA:73,9,0,0
BRDA:73,9,1,0
BRDA:75,10,0,0
BRDA:75,10,1,0
BRDA:77,11,0,0
BRDA:77,11,1,0
BRDA:77,12,0,0
BRDA:77,12,1,0
BRDA:79,13,0,0
BRDA:79,13,1,0
BRDA:81,14,0,0
BRDA:81,14,1,0
BRDA:82,15,0,0
BRDA:82,15,1,0
BRDA:87,16,0,0
BRDA:87,16,1,0
BRDA:105,17,0,0
BRDA:105,17,1,0
BRDA:114,18,0,0
BRDA:114,18,1,0
BRDA:120,19,0,0
BRDA:120,19,1,0
BRDA:121,20,0,0
BRDA:121,20,1,0
BRDA:122,21,0,0
BRDA:122,21,1,0
BRDA:123,22,0,0
BRDA:123,22,1,0
BRDA:124,23,0,0
BRDA:124,23,1,0
BRDA:125,24,0,0
BRDA:125,24,1,0
BRDA:126,25,0,0
BRDA:126,25,1,0
BRDA:127,26,0,0
BRDA:127,26,1,0
BRDA:133,27,0,0
BRDA:137,28,0,0
BRDA:137,28,1,0
BRDA:140,29,0,0
BRDA:140,29,1,0
BRDA:148,30,0,0
BRDA:148,30,1,0
BRDA:154,31,0,0
BRDA:154,31,1,0
BRDA:154,32,0,0
BRDA:154,32,1,0
BRDA:164,33,0,0
BRDA:164,33,1,0
BRDA:164,34,0,0
BRDA:164,34,1,0
BRDA:167,35,0,0
BRDA:167,35,1,0
BRDA:192,36,0,0
BRDA:200,37,0,0
BRDA:200,37,1,0
BRDA:200,38,0,0
BRDA:200,38,1,0
BRDA:200,38,2,0
BRDA:200,38,3,0
BRDA:200,38,4,0
BRF:79
BRH:0
end_of_record
TN:
SF:js/shared/utils/Utils.js
FN:3,(anonymous_0)
FN:8,(anonymous_1)
FN:18,(anonymous_2)
FN:33,(anonymous_3)
FN:42,(anonymous_4)
FN:47,(anonymous_5)
FN:52,(anonymous_6)
FN:57,(anonymous_7)
FN:62,(anonymous_8)
FN:68,(anonymous_9)
FN:69,(anonymous_10)
FN:75,(anonymous_11)
FN:80,(anonymous_12)
FN:81,(anonymous_13)
FN:85,(anonymous_14)
FN:90,(anonymous_15)
FN:102,(anonymous_16)
FN:107,(anonymous_17)
FN:130,(anonymous_18)
FN:135,(anonymous_19)
FN:136,(anonymous_20)
FN:147,(anonymous_21)
FN:148,(anonymous_22)
FN:159,(anonymous_23)
FN:170,(anonymous_24)
FN:193,(anonymous_25)
FN:200,(anonymous_26)
FN:207,(anonymous_27)
FN:214,(anonymous_28)
FNF:29
FNH:0
FNDA:0,(anonymous_0)
FNDA:0,(anonymous_1)
FNDA:0,(anonymous_2)
FNDA:0,(anonymous_3)
FNDA:0,(anonymous_4)
FNDA:0,(anonymous_5)
FNDA:0,(anonymous_6)
FNDA:0,(anonymous_7)
FNDA:0,(anonymous_8)
FNDA:0,(anonymous_9)
FNDA:0,(anonymous_10)
FNDA:0,(anonymous_11)
FNDA:0,(anonymous_12)
FNDA:0,(anonymous_13)
FNDA:0,(anonymous_14)
FNDA:0,(anonymous_15)
FNDA:0,(anonymous_16)
FNDA:0,(anonymous_17)
FNDA:0,(anonymous_18)
FNDA:0,(anonymous_19)
FNDA:0,(anonymous_20)
FNDA:0,(anonymous_21)
FNDA:0,(anonymous_22)
FNDA:0,(anonymous_23)
FNDA:0,(anonymous_24)
FNDA:0,(anonymous_25)
FNDA:0,(anonymous_26)
FNDA:0,(anonymous_27)
FNDA:0,(anonymous_28)
DA:4,0
DA:9,0
DA:10,0
DA:13,0
DA:14,0
DA:17,0
DA:18,0
DA:21,0
DA:22,0
DA:23,0
DA:24,0
DA:25,0
DA:28,0
DA:34,0
DA:35,0
DA:36,0
DA:38,0
DA:43,0
DA:48,0
DA:53,0
DA:58,0
DA:63,0
DA:64,0
DA:69,0
DA:70,0
DA:76,0
DA:81,0
DA:86,0
DA:91,0
DA:92,0
DA:93,0
DA:94,0
DA:95,0
DA:97,0
DA:103,0
DA:108,0
DA:110,0
DA:112,0
DA:114,0
DA:116,0
DA:117,0
DA:119,0
DA:121,0
DA:122,0
DA:123,0
DA:126,0
DA:131,0
DA:136,0
DA:137,0
DA:138,0
DA:140,0
DA:141,0
DA:142,0
DA:148,0
DA:149,0
DA:150,0
DA:151,0
DA:153,0
DA:154,0
DA:160,0
DA:162,0
DA:163,0
DA:164,0
DA:166,0
DA:171,0
DA:173,0
DA:174,0
DA:175,0
DA:176,0
DA:177,0
DA:178,0
DA:179,0
DA:181,0
DA:185,0
DA:186,0
DA:189,0
DA:194,0
DA:195,0
DA:201,0
DA:202,0
DA:208,0
DA:209,0
DA:215,0
LF:83
LH:0
BRDA:9,0,0,0
BRDA:9,0,1,0
BRDA:9,1,0,0
BRDA:9,1,1,0
BRDA:13,2,0,0
BRDA:13,2,1,0
BRDA:17,3,0,0
BRDA:17,3,1,0
BRDA:21,4,0,0
BRDA:21,4,1,0
BRDA:24,5,0,0
BRDA:24,5,1,0
BRDA:48,6,0,0
BRDA:48,6,1,0
BRDA:58,7,0,0
BRDA:58,7,1,0
BRDA:63,8,0,0
BRDA:63,8,1,0
BRDA:70,9,0,0
BRDA:70,9,1,0
BRDA:86,10,0,0
BRDA:86,10,1,0
BRDA:108,11,0,0
BRDA:108,11,1,0
BRDA:110,12,0,0
BRDA:110,12,1,0
BRDA:110,13,0,0
BRDA:110,13,1,0
BRDA:112,14,0,0
BRDA:112,14,1,0
BRDA:114,15,0,0
BRDA:114,15,1,0
BRDA:119,16,0,0
BRDA:119,16,1,0
BRDA:122,17,0,0
BRDA:122,17,1,0
BRDA:123,18,0,0
BRDA:123,18,1,0
BRDA:135,19,0,0
BRDA:140,20,0,0
BRDA:140,20,1,0
BRDA:140,21,0,0
BRDA:140,21,1,0
BRDA:141,22,0,0
BRDA:141,22,1,0
BRDA:141,23,0,0
BRDA:141,23,1,0
BRDA:150,24,0,0
BRDA:150,24,1,0
BRDA:160,25,0,0
BRDA:160,25,1,0
BRDA:170,26,0,0
BRDA:170,27,0,0
BRDA:174,28,0,0
BRDA:174,28,1,0
BRDA:176,29,0,0
BRDA:176,29,1,0
BRDA:178,30,0,0
BRDA:178,30,1,0
BRDA:185,31,0,0
BRDA:185,31,1,0
BRDA:194,32,0,0
BRDA:194,32,1,0
BRDA:194,33,0,0
BRDA:194,33,1,0
BRDA:201,34,0,0
BRDA:201,34,1,0
BRDA:201,35,0,0
BRDA:201,35,1,0
BRDA:208,36,0,0
BRDA:208,36,1,0
BRDA:208,37,0,0
BRDA:208,37,1,0
BRDA:215,38,0,0
BRDA:215,38,1,0
BRDA:215,39,0,0
BRDA:215,39,1,0
BRF:77
BRH:0
end_of_record
