TN:
SF:js/application/commands/LoadChordsCommand.js
FN:2,(anonymous_0)
FN:7,(anonymous_1)
FN:27,(anonymous_2)
FN:51,(anonymous_3)
FN:71,(anonymous_4)
FN:84,(anonymous_5)
FN:94,(anonymous_6)
FNF:7
FNH:0
FNDA:0,(anonymous_0)
FNDA:0,(anonymous_1)
FNDA:0,(anonymous_2)
FNDA:0,(anonymous_3)
FNDA:0,(anonymous_4)
FNDA:0,(anonymous_5)
FNDA:0,(anonymous_6)
DA:3,0
DA:4,0
DA:8,0
DA:9,0
DA:10,0
DA:12,0
DA:14,0
DA:16,0
DA:17,0
DA:23,0
DA:28,0
DA:29,0
DA:30,0
DA:32,0
DA:33,0
DA:35,0
DA:38,0
DA:40,0
DA:41,0
DA:47,0
DA:52,0
DA:53,0
DA:54,0
DA:56,0
DA:58,0
DA:60,0
DA:61,0
DA:67,0
DA:73,0
DA:74,0
DA:77,0
DA:78,0
DA:81,0
DA:85,0
DA:86,0
DA:87,0
DA:89,0
DA:90,0
DA:95,0
LF:39
LH:0
BRDA:7,0,0,0
BRDA:32,1,0,0
BRDA:32,1,1,0
BRDA:73,2,0,0
BRDA:73,2,1,0
BRDA:73,3,0,0
BRDA:73,3,1,0
BRDA:77,4,0,0
BRDA:77,4,1,0
BRDA:77,5,0,0
BRDA:77,5,1,0
BRF:11
BRH:0
end_of_record
TN:
SF:js/application/commands/PlayCommand.js
FN:2,(anonymous_0)
FN:7,(anonymous_1)
FN:61,(anonymous_2)
FN:84,(anonymous_3)
FN:107,(anonymous_4)
FN:128,(anonymous_5)
FN:138,(anonymous_6)
FN:147,(anonymous_7)
FN:148,(anonymous_8)
FN:183,(anonymous_9)
FN:190,(anonymous_10)
FN:210,(anonymous_11)
FN:232,(anonymous_12)
FN:242,(anonymous_13)
FNF:14
FNH:0
FNDA:0,(anonymous_0)
FNDA:0,(anonymous_1)
FNDA:0,(anonymous_2)
FNDA:0,(anonymous_3)
FNDA:0,(anonymous_4)
FNDA:0,(anonymous_5)
FNDA:0,(anonymous_6)
FNDA:0,(anonymous_7)
FNDA:0,(anonymous_8)
FNDA:0,(anonymous_9)
FNDA:0,(anonymous_10)
FNDA:0,(anonymous_11)
FNDA:0,(anonymous_12)
FNDA:0,(anonymous_13)
DA:3,0
DA:4,0
DA:8,0
DA:9,0
DA:11,0
DA:12,0
DA:13,0
DA:16,0
DA:18,0
DA:19,0
DA:20,0
DA:24,0
DA:25,0
DA:29,0
DA:30,0
DA:33,0
DA:34,0
DA:38,0
DA:41,0
DA:43,0
DA:48,0
DA:50,0
DA:51,0
DA:57,0
DA:62,0
DA:63,0
DA:65,0
DA:67,0
DA:69,0
DA:71,0
DA:73,0
DA:74,0
DA:80,0
DA:85,0
DA:86,0
DA:88,0
DA:90,0
DA:92,0
DA:94,0
DA:96,0
DA:97,0
DA:103,0
DA:108,0
DA:109,0
DA:111,0
DA:112,0
DA:114,0
DA:117,0
DA:118,0
DA:124,0
DA:130,0
DA:132,0
DA:133,0
DA:135,0
DA:136,0
DA:138,0
DA:139,0
DA:140,0
DA:142,0
DA:143,0
DA:147,0
DA:148,0
DA:150,0
DA:151,0
DA:155,0
DA:161,0
DA:164,0
DA:165,0
DA:166,0
DA:168,0
DA:171,0
DA:172,0
DA:173,0
DA:178,0
DA:179,0
DA:184,0
DA:185,0
DA:186,0
DA:192,0
DA:207,0
DA:211,0
DA:212,0
DA:213,0
DA:217,0
DA:218,0
DA:219,0
DA:223,0
DA:224,0
DA:225,0
DA:229,0
DA:233,0
DA:234,0
DA:235,0
DA:237,0
DA:238,0
DA:243,0
LF:96
LH:0
BRDA:7,0,0,0
BRDA:18,1,0,0
BRDA:18,1,1,0
BRDA:24,2,0,0
BRDA:24,2,1,0
BRDA:29,3,0,0
BRDA:29,3,1,0
BRDA:33,4,0,0
BRDA:33,4,1,0
BRDA:111,5,0,0
BRDA:111,5,1,0
BRDA:135,6,0,0
BRDA:135,6,1,0
BRDA:136,7,0,0
BRDA:136,7,1,0
BRDA:140,8,0,0
BRDA:140,8,1,0
BRDA:164,9,0,0
BRDA:164,9,1,0
BRDA:171,10,0,0
BRDA:171,10,1,0
BRDA:184,11,0,0
BRDA:184,11,1,0
BRDA:207,12,0,0
BRDA:207,12,1,0
BRDA:211,13,0,0
BRDA:211,13,1,0
BRDA:212,14,0,0
BRDA:212,14,1,0
BRDA:212,15,0,0
BRDA:212,15,1,0
BRDA:212,15,2,0
BRDA:217,16,0,0
BRDA:217,16,1,0
BRDA:218,17,0,0
BRDA:218,17,1,0
BRDA:218,18,0,0
BRDA:218,18,1,0
BRDA:223,19,0,0
BRDA:223,19,1,0
BRDA:224,20,0,0
BRDA:224,20,1,0
BRDA:224,21,0,0
BRDA:224,21,1,0
BRF:44
BRH:0
end_of_record
TN:
SF:js/application/commands/UpdateBarCommand.js
FN:2,(anonymous_0)
FN:7,(anonymous_1)
FN:35,(anonymous_2)
FN:70,(anonymous_3)
FN:100,(anonymous_4)
FN:128,(anonymous_5)
FN:140,(anonymous_6)
FN:160,(anonymous_7)
FN:170,(anonymous_8)
FN:180,(anonymous_9)
FNF:10
FNH:0
FNDA:0,(anonymous_0)
FNDA:0,(anonymous_1)
FNDA:0,(anonymous_2)
FNDA:0,(anonymous_3)
FNDA:0,(anonymous_4)
FNDA:0,(anonymous_5)
FNDA:0,(anonymous_6)
FNDA:0,(anonymous_7)
FNDA:0,(anonymous_8)
FNDA:0,(anonymous_9)
DA:3,0
DA:4,0
DA:8,0
DA:9,0
DA:11,0
DA:12,0
DA:14,0
DA:16,0
DA:17,0
DA:18,0
DA:20,0
DA:21,0
DA:24,0
DA:25,0
DA:31,0
DA:36,0
DA:37,0
DA:39,0
DA:40,0
DA:41,0
DA:44,0
DA:49,0
DA:52,0
DA:54,0
DA:55,0
DA:57,0
DA:59,0
DA:60,0
DA:66,0
DA:71,0
DA:72,0
DA:74,0
DA:75,0
DA:76,0
DA:79,0
DA:82,0
DA:84,0
DA:85,0
DA:87,0
DA:89,0
DA:90,0
DA:96,0
DA:101,0
DA:102,0
DA:104,0
DA:105,0
DA:107,0
DA:109,0
DA:110,0
DA:111,0
DA:113,0
DA:114,0
DA:117,0
DA:118,0
DA:124,0
DA:129,0
DA:130,0
DA:133,0
DA:134,0
DA:137,0
DA:141,0
DA:142,0
DA:145,0
DA:146,0
DA:149,0
DA:150,0
DA:153,0
DA:154,0
DA:157,0
DA:161,0
DA:162,0
DA:163,0
DA:165,0
DA:166,0
DA:171,0
DA:172,0
DA:173,0
DA:175,0
DA:176,0
DA:181,0
LF:80
LH:0
BRDA:16,0,0,0
BRDA:16,0,1,0
BRDA:46,1,0,0
BRDA:46,1,1,0
BRDA:109,2,0,0
BRDA:109,2,1,0
BRDA:129,3,0,0
BRDA:129,3,1,0
BRDA:129,4,0,0
BRDA:129,4,1,0
BRDA:133,5,0,0
BRDA:133,5,1,0
BRDA:133,6,0,0
BRDA:133,6,1,0
BRDA:141,7,0,0
BRDA:141,7,1,0
BRDA:141,8,0,0
BRDA:141,8,1,0
BRDA:145,9,0,0
BRDA:145,9,1,0
BRDA:145,10,0,0
BRDA:145,10,1,0
BRDA:149,11,0,0
BRDA:149,11,1,0
BRDA:149,12,0,0
BRDA:149,12,1,0
BRDA:153,13,0,0
BRDA:153,13,1,0
BRDA:153,14,0,0
BRDA:153,14,1,0
BRDA:153,14,2,0
BRF:31
BRH:0
end_of_record
TN:
SF:js/application/queries/GetBarsQuery.js
FN:2,(anonymous_0)
FN:7,(anonymous_1)
FN:39,(anonymous_2)
FN:44,(anonymous_3)
FN:58,(anonymous_4)
FN:75,(anonymous_5)
FN:85,(anonymous_6)
FN:100,(anonymous_7)
FN:123,(anonymous_8)
FN:139,(anonymous_9)
FN:167,(anonymous_10)
FN:179,(anonymous_11)
FN:189,(anonymous_12)
FNF:13
FNH:0
FNDA:0,(anonymous_0)
FNDA:0,(anonymous_1)
FNDA:0,(anonymous_2)
FNDA:0,(anonymous_3)
FNDA:0,(anonymous_4)
FNDA:0,(anonymous_5)
FNDA:0,(anonymous_6)
FNDA:0,(anonymous_7)
FNDA:0,(anonymous_8)
FNDA:0,(anonymous_9)
FNDA:0,(anonymous_10)
FNDA:0,(anonymous_11)
FNDA:0,(anonymous_12)
DA:3,0
DA:4,0
DA:8,0
DA:9,0
DA:11,0
DA:15,0
DA:17,0
DA:18,0
DA:20,0
DA:23,0
DA:26,0
DA:28,0
DA:29,0
DA:35,0
DA:40,0
DA:41,0
DA:45,0
DA:46,0
DA:47,0
DA:50,0
DA:51,0
DA:54,0
DA:55,0
DA:58,0
DA:59,0
DA:62,0
DA:64,0
DA:65,0
DA:71,0
DA:76,0
DA:77,0
DA:78,0
DA:81,0
DA:82,0
DA:85,0
DA:87,0
DA:89,0
DA:90,0
DA:96,0
DA:101,0
DA:102,0
DA:104,0
DA:105,0
DA:106,0
DA:107,0
DA:109,0
DA:112,0
DA:113,0
DA:119,0
DA:124,0
DA:125,0
DA:126,0
DA:128,0
DA:129,0
DA:135,0
DA:140,0
DA:141,0
DA:143,0
DA:144,0
DA:148,0
DA:150,0
DA:151,0
DA:154,0
DA:156,0
DA:157,0
DA:163,0
DA:168,0
DA:169,0
DA:172,0
DA:173,0
DA:176,0
DA:180,0
DA:181,0
DA:182,0
DA:184,0
DA:185,0
DA:190,0
LF:77
LH:0
BRDA:7,0,0,0
BRDA:15,1,0,0
BRDA:15,1,1,0
BRDA:18,2,0,0
BRDA:18,2,1,0
BRDA:46,3,0,0
BRDA:46,3,1,0
BRDA:46,4,0,0
BRDA:46,4,1,0
BRDA:46,4,2,0
BRDA:50,5,0,0
BRDA:50,5,1,0
BRDA:50,6,0,0
BRDA:50,6,1,0
BRDA:50,6,2,0
BRDA:59,7,0,0
BRDA:59,7,1,0
BRDA:77,8,0,0
BRDA:77,8,1,0
BRDA:77,9,0,0
BRDA:77,9,1,0
BRDA:77,9,2,0
BRDA:87,10,0,0
BRDA:87,10,1,0
BRDA:100,11,0,0
BRDA:104,12,0,0
BRDA:104,12,1,0
BRDA:106,13,0,0
BRDA:106,13,1,0
BRDA:139,14,0,0
BRDA:143,15,0,0
BRDA:143,15,1,0
BRDA:144,16,0,0
BRDA:144,16,1,0
BRDA:168,17,0,0
BRDA:168,17,1,0
BRDA:168,18,0,0
BRDA:168,18,1,0
BRDA:172,19,0,0
BRDA:172,19,1,0
BRDA:172,20,0,0
BRDA:172,20,1,0
BRF:42
BRH:0
end_of_record
TN:
SF:js/application/queries/GetChordsQuery.js
FN:2,(anonymous_0)
FN:7,(anonymous_1)
FN:39,(anonymous_2)
FN:44,(anonymous_3)
FN:54,(anonymous_4)
FN:69,(anonymous_5)
FN:82,(anonymous_6)
FN:97,(anonymous_7)
FN:120,(anonymous_8)
FN:132,(anonymous_9)
FN:142,(anonymous_10)
FNF:11
FNH:0
FNDA:0,(anonymous_0)
FNDA:0,(anonymous_1)
FNDA:0,(anonymous_2)
FNDA:0,(anonymous_3)
FNDA:0,(anonymous_4)
FNDA:0,(anonymous_5)
FNDA:0,(anonymous_6)
FNDA:0,(anonymous_7)
FNDA:0,(anonymous_8)
FNDA:0,(anonymous_9)
FNDA:0,(anonymous_10)
DA:3,0
DA:4,0
DA:8,0
DA:9,0
DA:11,0
DA:15,0
DA:17,0
DA:18,0
DA:20,0
DA:23,0
DA:26,0
DA:28,0
DA:29,0
DA:35,0
DA:40,0
DA:41,0
DA:45,0
DA:46,0
DA:47,0
DA:50,0
DA:51,0
DA:54,0
DA:56,0
DA:58,0
DA:59,0
DA:65,0
DA:70,0
DA:71,0
DA:72,0
DA:75,0
DA:76,0
DA:79,0
DA:82,0
DA:84,0
DA:86,0
DA:87,0
DA:93,0
DA:98,0
DA:99,0
DA:101,0
DA:102,0
DA:103,0
DA:104,0
DA:106,0
DA:109,0
DA:110,0
DA:116,0
DA:121,0
DA:122,0
DA:125,0
DA:126,0
DA:129,0
DA:133,0
DA:134,0
DA:135,0
DA:137,0
DA:138,0
DA:143,0
LF:58
LH:0
BRDA:7,0,0,0
BRDA:15,1,0,0
BRDA:15,1,1,0
BRDA:18,2,0,0
BRDA:18,2,1,0
BRDA:46,3,0,0
BRDA:46,3,1,0
BRDA:46,4,0,0
BRDA:46,4,1,0
BRDA:71,5,0,0
BRDA:71,5,1,0
BRDA:71,6,0,0
BRDA:71,6,1,0
BRDA:75,7,0,0
BRDA:75,7,1,0
BRDA:75,8,0,0
BRDA:75,8,1,0
BRDA:75,8,2,0
BRDA:84,9,0,0
BRDA:84,9,1,0
BRDA:97,10,0,0
BRDA:101,11,0,0
BRDA:101,11,1,0
BRDA:103,12,0,0
BRDA:103,12,1,0
BRDA:121,13,0,0
BRDA:121,13,1,0
BRDA:121,14,0,0
BRDA:121,14,1,0
BRDA:125,15,0,0
BRDA:125,15,1,0
BRDA:125,16,0,0
BRDA:125,16,1,0
BRF:33
BRH:0
end_of_record
TN:
SF:js/application/services/ApplicationService.js
FN:2,(anonymous_0)
FN:8,(anonymous_1)
FN:38,(anonymous_2)
FN:52,(anonymous_3)
FN:74,(anonymous_4)
FN:81,(anonymous_5)
FN:88,(anonymous_6)
FN:119,(anonymous_7)
FN:147,(anonymous_8)
FN:157,(anonymous_9)
FN:161,(anonymous_10)
FN:165,(anonymous_11)
FN:169,(anonymous_12)
FNF:13
FNH:0
FNDA:0,(anonymous_0)
FNDA:0,(anonymous_1)
FNDA:0,(anonymous_2)
FNDA:0,(anonymous_3)
FNDA:0,(anonymous_4)
FNDA:0,(anonymous_5)
FNDA:0,(anonymous_6)
FNDA:0,(anonymous_7)
FNDA:0,(anonymous_8)
FNDA:0,(anonymous_9)
FNDA:0,(anonymous_10)
FNDA:0,(anonymous_11)
FNDA:0,(anonymous_12)
DA:3,0
DA:4,0
DA:5,0
DA:9,0
DA:10,0
DA:13,0
DA:16,0
DA:19,0
DA:22,0
DA:25,0
DA:27,0
DA:28,0
DA:30,0
DA:32,0
DA:33,0
DA:34,0
DA:39,0
DA:42,0
DA:43,0
DA:44,0
DA:45,0
DA:47,0
DA:48,0
DA:53,0
DA:56,0
DA:57,0
DA:60,0
DA:63,0
DA:64,0
DA:67,0
DA:70,0
DA:71,0
DA:75,0
DA:82,0
DA:89,0
DA:91,0
DA:93,0
DA:94,0
DA:95,0
DA:96,0
DA:100,0
DA:101,0
DA:102,0
DA:103,0
DA:107,0
DA:108,0
DA:112,0
DA:114,0
DA:120,0
DA:121,0
DA:124,0
DA:125,0
DA:128,0
DA:129,0
DA:130,0
DA:134,0
DA:135,0
DA:137,0
DA:138,0
DA:140,0
DA:142,0
DA:143,0
DA:148,0
DA:149,0
DA:150,0
DA:152,0
DA:153,0
DA:158,0
DA:162,0
DA:166,0
DA:170,0
LF:71
LH:0
BRDA:47,0,0,0
BRDA:47,0,1,0
BRDA:47,1,0,0
BRDA:47,1,1,0
BRDA:47,1,2,0
BRDA:47,1,3,0
BRDA:95,2,0,0
BRDA:95,2,1,0
BRDA:102,3,0,0
BRDA:102,3,1,0
BRDA:129,4,0,0
BRDA:129,4,1,0
BRF:12
BRH:0
end_of_record
TN:
SF:js/application/services/ErrorHandlingService.js
FN:2,(anonymous_0)
FN:11,(anonymous_1)
FN:16,(anonymous_2)
FN:25,(anonymous_3)
FN:26,(anonymous_4)
FN:31,(anonymous_5)
FN:39,(anonymous_6)
FN:44,(anonymous_7)
FN:48,(anonymous_8)
FN:52,(anonymous_9)
FN:86,(anonymous_10)
FN:96,(anonymous_11)
FN:104,(anonymous_12)
FN:119,(anonymous_13)
FN:126,(anonymous_14)
FN:133,(anonymous_15)
FN:140,(anonymous_16)
FN:153,(anonymous_17)
FN:162,(anonymous_18)
FN:167,(anonymous_19)
FN:169,(anonymous_20)
FN:177,(anonymous_21)
FN:181,(anonymous_22)
FN:185,(anonymous_23)
FN:186,(anonymous_24)
FN:189,(anonymous_25)
FN:193,(anonymous_26)
FN:212,(anonymous_27)
FNF:28
FNH:0
FNDA:0,(anonymous_0)
FNDA:0,(anonymous_1)
FNDA:0,(anonymous_2)
FNDA:0,(anonymous_3)
FNDA:0,(anonymous_4)
FNDA:0,(anonymous_5)
FNDA:0,(anonymous_6)
FNDA:0,(anonymous_7)
FNDA:0,(anonymous_8)
FNDA:0,(anonymous_9)
FNDA:0,(anonymous_10)
FNDA:0,(anonymous_11)
FNDA:0,(anonymous_12)
FNDA:0,(anonymous_13)
FNDA:0,(anonymous_14)
FNDA:0,(anonymous_15)
FNDA:0,(anonymous_16)
FNDA:0,(anonymous_17)
FNDA:0,(anonymous_18)
FNDA:0,(anonymous_19)
FNDA:0,(anonymous_20)
FNDA:0,(anonymous_21)
FNDA:0,(anonymous_22)
FNDA:0,(anonymous_23)
FNDA:0,(anonymous_24)
FNDA:0,(anonymous_25)
FNDA:0,(anonymous_26)
FNDA:0,(anonymous_27)
DA:3,0
DA:4,0
DA:5,0
DA:6,0
DA:8,0
DA:12,0
DA:13,0
DA:18,0
DA:19,0
DA:20,0
DA:21,0
DA:22,0
DA:26,0
DA:27,0
DA:31,0
DA:32,0
DA:39,0
DA:40,0
DA:45,0
DA:49,0
DA:53,0
DA:62,0
DA:65,0
DA:66,0
DA:70,0
DA:73,0
DA:74,0
DA:75,0
DA:76,0
DA:78,0
DA:83,0
DA:87,0
DA:90,0
DA:93,0
DA:94,0
DA:95,0
DA:96,0
DA:97,0
DA:100,0
DA:105,0
DA:108,0
DA:111,0
DA:112,0
DA:115,0
DA:120,0
DA:123,0
DA:127,0
DA:130,0
DA:134,0
DA:137,0
DA:141,0
DA:143,0
DA:144,0
DA:145,0
DA:146,0
DA:147,0
DA:149,0
DA:155,0
DA:156,0
DA:157,0
DA:159,0
DA:162,0
DA:163,0
DA:167,0
DA:168,0
DA:169,0
DA:170,0
DA:171,0
DA:178,0
DA:182,0
DA:186,0
DA:190,0
DA:194,0
DA:199,0
DA:200,0
DA:202,0
DA:203,0
DA:204,0
DA:205,0
DA:206,0
DA:207,0
DA:209,0
DA:213,0
DA:214,0
DA:215,0
LF:85
LH:0
BRDA:52,0,0,0
BRDA:52,1,0,0
BRDA:65,2,0,0
BRDA:65,2,1,0
BRDA:73,3,0,0
BRDA:73,3,1,0
BRDA:74,4,0,0
BRDA:74,4,1,0
BRDA:141,5,0,0
BRDA:141,5,1,0
BRDA:143,6,0,0
BRDA:143,6,1,0
BRDA:170,7,0,0
BRDA:170,7,1,0
BRF:14
BRH:0
end_of_record
TN:
SF:js/application/services/InitializationService.js
FN:2,(anonymous_0)
FN:9,(anonymous_1)
FN:53,(anonymous_2)
FN:57,(anonymous_3)
FN:63,(anonymous_4)
FN:69,(anonymous_5)
FN:75,(anonymous_6)
FN:81,(anonymous_7)
FN:87,(anonymous_8)
FN:94,(anonymous_9)
FN:111,(anonymous_10)
FN:119,(anonymous_11)
FN:125,(anonymous_12)
FN:130,(anonymous_13)
FN:135,(anonymous_14)
FN:151,(anonymous_15)
FN:155,(anonymous_16)
FN:159,(anonymous_17)
FN:166,(anonymous_18)
FN:173,(anonymous_19)
FN:179,(anonymous_20)
FN:184,(anonymous_21)
FNF:22
FNH:0
FNDA:0,(anonymous_0)
FNDA:0,(anonymous_1)
FNDA:0,(anonymous_2)
FNDA:0,(anonymous_3)
FNDA:0,(anonymous_4)
FNDA:0,(anonymous_5)
FNDA:0,(anonymous_6)
FNDA:0,(anonymous_7)
FNDA:0,(anonymous_8)
FNDA:0,(anonymous_9)
FNDA:0,(anonymous_10)
FNDA:0,(anonymous_11)
FNDA:0,(anonymous_12)
FNDA:0,(anonymous_13)
FNDA:0,(anonymous_14)
FNDA:0,(anonymous_15)
FNDA:0,(anonymous_16)
FNDA:0,(anonymous_17)
FNDA:0,(anonymous_18)
FNDA:0,(anonymous_19)
FNDA:0,(anonymous_20)
FNDA:0,(anonymous_21)
DA:3,0
DA:4,0
DA:5,0
DA:6,0
DA:10,0
DA:11,0
DA:14,0
DA:17,0
DA:18,0
DA:19,0
DA:21,0
DA:22,0
DA:28,0
DA:30,0
DA:37,0
DA:38,0
DA:40,0
DA:42,0
DA:43,0
DA:49,0
DA:54,0
DA:58,0
DA:64,0
DA:70,0
DA:76,0
DA:82,0
DA:88,0
DA:96,0
DA:103,0
DA:104,0
DA:105,0
DA:106,0
DA:112,0
DA:113,0
DA:115,0
DA:116,0
DA:120,0
DA:122,0
DA:126,0
DA:127,0
DA:137,0
DA:138,0
DA:139,0
DA:140,0
DA:144,0
DA:145,0
DA:146,0
DA:147,0
DA:152,0
DA:156,0
DA:160,0
DA:161,0
DA:163,0
DA:167,0
DA:174,0
DA:175,0
DA:180,0
DA:181,0
DA:185,0
LF:59
LH:0
BRDA:105,0,0,0
BRDA:105,0,1,0
BRDA:139,1,0,0
BRDA:139,1,1,0
BRDA:146,2,0,0
BRDA:146,2,1,0
BRDA:160,3,0,0
BRDA:160,3,1,0
BRDA:160,4,0,0
BRDA:160,4,1,0
BRDA:174,5,0,0
BRDA:174,5,1,0
BRDA:174,6,0,0
BRDA:174,6,1,0
BRF:14
BRH:0
end_of_record
TN:
SF:js/core/ConfigManager.js
FN:2,(anonymous_0)
FN:19,(anonymous_1)
FN:20,(anonymous_2)
FN:25,(anonymous_3)
FN:28,(anonymous_4)
FN:37,(anonymous_5)
FN:41,(anonymous_6)
FNF:7
FNH:0
FNDA:0,(anonymous_0)
FNDA:0,(anonymous_1)
FNDA:0,(anonymous_2)
FNDA:0,(anonymous_3)
FNDA:0,(anonymous_4)
FNDA:0,(anonymous_5)
FNDA:0,(anonymous_6)
DA:3,0
DA:20,0
DA:21,0
DA:26,0
DA:27,0
DA:28,0
DA:29,0
DA:30,0
DA:32,0
DA:34,0
DA:38,0
DA:43,0
LF:12
LH:0
BRDA:21,0,0,0
BRDA:21,0,1,0
BRDA:29,1,0,0
BRDA:29,1,1,0
BRF:4
BRH:0
end_of_record
TN:
SF:js/core/EventAggregator.js
FN:2,(anonymous_0)
FN:14,(anonymous_1)
FN:15,(anonymous_2)
FN:28,(anonymous_3)
FN:45,(anonymous_4)
FN:46,(anonymous_5)
FN:67,(anonymous_6)
FN:68,(anonymous_7)
FN:87,(anonymous_8)
FN:96,(anonymous_9)
FNF:10
FNH:10
FNDA:5,(anonymous_0)
FNDA:4,(anonymous_1)
FNDA:5,(anonymous_2)
FNDA:1,(anonymous_3)
FNDA:1,(anonymous_4)
FNDA:3,(anonymous_5)
FNDA:1,(anonymous_6)
FNDA:3,(anonymous_7)
FNDA:7,(anonymous_8)
FNDA:3,(anonymous_9)
DA:3,5
DA:4,5
DA:5,5
DA:15,4
DA:16,5
DA:17,4
DA:20,5
DA:23,5
DA:24,1
DA:28,5
DA:29,1
DA:30,1
DA:31,1
DA:32,1
DA:35,5
DA:46,1
DA:47,3
DA:48,1
DA:51,3
DA:52,3
DA:54,3
DA:55,1
DA:56,1
DA:68,1
DA:69,3
DA:70,1
DA:73,3
DA:74,3
DA:76,3
DA:77,0
DA:78,0
DA:88,7
DA:89,1
DA:90,1
DA:91,0
DA:92,0
DA:95,6
DA:96,6
DA:97,6
LF:39
LH:35
BRDA:16,0,0,4
BRDA:16,0,1,1
BRDA:23,1,0,1
BRDA:23,1,1,4
BRDA:29,2,0,1
BRDA:29,2,1,0
BRDA:47,3,0,1
BRDA:47,3,1,2
BRDA:54,4,0,1
BRDA:54,4,1,2
BRDA:69,5,0,1
BRDA:69,5,1,2
BRDA:76,6,0,0
BRDA:76,6,1,3
BRDA:87,7,0,6
BRDA:88,8,0,1
BRDA:88,8,1,6
BRDA:90,9,0,0
BRDA:90,9,1,1
BRF:19
BRH:16
end_of_record
TN:
SF:js/core/EventBus.js
FN:2,(anonymous_0)
FN:25,(anonymous_1)
FN:46,(anonymous_2)
FN:52,(anonymous_3)
FN:62,(anonymous_4)
FN:71,(anonymous_5)
FN:92,(anonymous_6)
FN:118,(anonymous_7)
FN:158,(anonymous_8)
FN:194,(anonymous_9)
FN:206,(anonymous_10)
FN:215,(anonymous_11)
FN:224,(anonymous_12)
FN:231,(anonymous_13)
FN:239,(anonymous_14)
FN:244,(anonymous_15)
FN:254,(anonymous_16)
FN:269,(anonymous_17)
FN:308,(anonymous_18)
FN:347,(anonymous_19)
FN:365,(anonymous_20)
FN:389,(anonymous_21)
FN:399,(anonymous_22)
FNF:23
FNH:23
FNDA:41,(anonymous_0)
FNDA:40,(anonymous_1)
FNDA:8,(anonymous_2)
FNDA:2,(anonymous_3)
FNDA:2,(anonymous_4)
FNDA:4,(anonymous_5)
FNDA:2,(anonymous_6)
FNDA:45,(anonymous_7)
FNDA:2,(anonymous_8)
FNDA:9,(anonymous_9)
FNDA:3,(anonymous_10)
FNDA:3,(anonymous_11)
FNDA:4,(anonymous_12)
FNDA:1,(anonymous_13)
FNDA:2,(anonymous_14)
FNDA:2,(anonymous_15)
FNDA:32,(anonymous_16)
FNDA:42,(anonymous_17)
FNDA:2,(anonymous_18)
FNDA:42,(anonymous_19)
FNDA:4,(anonymous_20)
FNDA:92,(anonymous_21)
FNDA:40,(anonymous_22)
DA:3,41
DA:4,41
DA:5,41
DA:6,41
DA:7,41
DA:8,41
DA:11,41
DA:26,40
DA:27,0
DA:30,40
DA:31,35
DA:34,40
DA:42,40
DA:45,40
DA:46,40
DA:47,40
DA:49,40
DA:52,40
DA:63,2
DA:72,4
DA:73,4
DA:74,4
DA:75,4
DA:76,4
DA:77,4
DA:78,4
DA:82,4
DA:83,4
DA:93,2
DA:95,1
DA:96,2
DA:97,2
DA:98,2
DA:101,2
DA:102,2
DA:107,1
DA:108,1
DA:119,45
DA:129,45
DA:130,11
DA:131,11
DA:132,11
DA:133,9
DA:134,3
DA:137,2
DA:143,42
DA:146,42
DA:148,42
DA:149,42
DA:159,2
DA:169,2
DA:170,0
DA:171,0
DA:172,0
DA:173,0
DA:176,0
DA:181,2
DA:183,2
DA:184,2
DA:195,9
DA:196,0
DA:198,9
DA:207,3
DA:208,3
DA:216,3
DA:225,4
DA:232,1
DA:240,2
DA:244,2
DA:255,32
DA:256,32
DA:257,32
DA:258,32
DA:270,42
DA:272,42
DA:273,13
DA:276,29
DA:277,29
DA:279,29
DA:280,33
DA:281,33
DA:282,0
DA:285,33
DA:286,33
DA:288,32
DA:289,2
DA:292,32
DA:294,1
DA:299,29
DA:300,2
DA:309,2
DA:311,2
DA:312,0
DA:315,2
DA:316,2
DA:318,2
DA:319,2
DA:320,2
DA:321,0
DA:324,2
DA:325,2
DA:327,1
DA:328,0
DA:331,1
DA:333,1
DA:338,2
DA:339,0
DA:348,42
DA:356,42
DA:357,1
DA:366,4
DA:368,4
DA:377,4
DA:380,4
DA:381,3
DA:390,92
DA:391,0
DA:400,40
LF:118
LH:105
BRDA:2,0,0,1
BRDA:7,1,0,41
BRDA:7,1,1,39
BRDA:8,2,0,41
BRDA:8,2,1,40
BRDA:25,3,0,33
BRDA:26,4,0,0
BRDA:26,4,1,40
BRDA:30,5,0,35
BRDA:30,5,1,5
BRDA:36,6,0,40
BRDA:36,6,1,36
BRDA:37,7,0,40
BRDA:37,7,1,39
BRDA:38,8,0,40
BRDA:38,8,1,38
BRDA:62,9,0,2
BRDA:72,10,0,4
BRDA:72,10,1,0
BRDA:75,11,0,4
BRDA:75,11,1,0
BRDA:82,12,0,4
BRDA:82,12,1,0
BRDA:92,13,0,1
BRDA:93,14,0,1
BRDA:93,14,1,1
BRDA:97,15,0,2
BRDA:97,15,1,0
BRDA:101,16,0,2
BRDA:101,16,1,0
BRDA:118,17,0,18
BRDA:118,18,0,42
BRDA:123,19,0,45
BRDA:123,19,1,42
BRDA:129,20,0,11
BRDA:129,20,1,34
BRDA:133,21,0,3
BRDA:133,21,1,6
BRDA:158,22,0,1
BRDA:158,23,0,2
BRDA:163,24,0,2
BRDA:163,24,1,2
BRDA:172,25,0,0
BRDA:172,25,1,0
BRDA:195,26,0,0
BRDA:195,26,1,9
BRDA:208,27,0,1
BRDA:208,27,1,2
BRDA:224,28,0,4
BRDA:272,29,0,13
BRDA:272,29,1,29
BRDA:272,30,0,42
BRDA:272,30,1,29
BRDA:281,31,0,0
BRDA:281,31,1,33
BRDA:285,32,0,33
BRDA:285,32,1,32
BRDA:288,33,0,2
BRDA:288,33,1,30
BRDA:311,34,0,0
BRDA:311,34,1,2
BRDA:311,35,0,2
BRDA:311,35,1,2
BRDA:320,36,0,0
BRDA:320,36,1,2
BRDA:324,37,0,2
BRDA:324,37,1,2
BRDA:327,38,0,0
BRDA:327,38,1,1
BRDA:356,39,0,1
BRDA:356,39,1,41
BRDA:365,40,0,2
BRDA:373,41,0,2
BRDA:373,41,1,2
BRDA:380,42,0,3
BRDA:380,42,1,1
BRDA:389,43,0,0
BRDA:390,44,0,0
BRDA:390,44,1,92
BRF:79
BRH:64
end_of_record
TN:
SF:js/core/EventMiddleware.js
FN:5,(anonymous_0)
FN:12,(anonymous_1)
FN:43,(anonymous_2)
FN:49,(anonymous_3)
FN:53,(anonymous_4)
FN:66,(anonymous_5)
FN:67,(anonymous_6)
FN:87,(anonymous_7)
FN:88,(anonymous_8)
FN:96,(anonymous_9)
FN:97,(anonymous_10)
FN:108,(anonymous_11)
FN:111,(anonymous_12)
FN:118,(anonymous_13)
FN:134,(anonymous_14)
FN:137,(anonymous_15)
FNF:16
FNH:8
FNDA:2,(anonymous_0)
FNDA:2,(anonymous_1)
FNDA:0,(anonymous_2)
FNDA:0,(anonymous_3)
FNDA:0,(anonymous_4)
FNDA:2,(anonymous_5)
FNDA:2,(anonymous_6)
FNDA:1,(anonymous_7)
FNDA:2,(anonymous_8)
FNDA:1,(anonymous_9)
FNDA:1,(anonymous_10)
FNDA:0,(anonymous_11)
FNDA:0,(anonymous_12)
FNDA:0,(anonymous_13)
FNDA:0,(anonymous_14)
FNDA:0,(anonymous_15)
DA:10,2
DA:12,2
DA:13,2
DA:14,1
DA:17,1
DA:19,1
DA:21,0
DA:22,0
DA:24,1
DA:25,1
DA:27,0
DA:28,0
DA:30,0
DA:31,0
DA:33,0
DA:36,1
DA:47,0
DA:49,0
DA:50,0
DA:53,0
DA:54,0
DA:56,0
DA:57,0
DA:67,2
DA:68,2
DA:69,2
DA:70,2
DA:71,2
DA:72,1
DA:76,1
DA:80,1
DA:88,1
DA:89,2
DA:97,1
DA:98,1
DA:99,1
DA:100,1
DA:109,0
DA:111,0
DA:112,0
DA:114,0
DA:115,0
DA:118,0
DA:119,0
DA:121,0
DA:124,0
DA:127,0
DA:135,0
DA:137,0
DA:138,0
DA:139,0
DA:141,0
DA:142,0
DA:143,0
DA:144,0
DA:148,0
DA:149,0
LF:57
LH:23
BRDA:5,0,0,1
BRDA:7,1,0,2
BRDA:8,2,0,1
BRDA:9,3,0,2
BRDA:13,4,0,1
BRDA:13,4,1,1
BRDA:17,5,0,1
BRDA:17,5,1,0
BRDA:19,6,0,0
BRDA:19,6,1,1
BRDA:19,6,2,0
BRDA:19,6,3,0
BRDA:19,6,4,0
BRDA:43,7,0,0
BRDA:45,8,0,0
BRDA:46,9,0,0
BRDA:56,10,0,0
BRDA:56,10,1,0
BRDA:56,11,0,0
BRDA:56,11,1,0
BRDA:69,12,0,2
BRDA:69,12,1,0
BRDA:69,13,0,2
BRDA:69,13,1,2
BRDA:71,14,0,1
BRDA:71,14,1,1
BRDA:99,15,0,1
BRDA:99,15,1,0
BRDA:99,16,0,1
BRDA:99,16,1,1
BRDA:108,17,0,0
BRDA:114,18,0,0
BRDA:114,18,1,0
BRDA:134,19,0,0
BRDA:141,20,0,0
BRDA:141,20,1,0
BRDA:143,21,0,0
BRDA:143,21,1,0
BRF:38
BRH:16
end_of_record
TN:
SF:js/core/EventTypes.js
FNF:0
FNH:0
DA:1,0
LF:1
LH:0
BRF:0
BRH:0
end_of_record
TN:
SF:js/core/ServiceContainer.js
FN:2,(anonymous_0)
FN:7,(anonymous_1)
FN:11,(anonymous_2)
FNF:3
FNH:0
FNDA:0,(anonymous_0)
FNDA:0,(anonymous_1)
FNDA:0,(anonymous_2)
DA:3,0
DA:4,0
DA:8,0
DA:12,0
DA:13,0
DA:14,0
DA:17,0
DA:18,0
DA:19,0
DA:21,0
DA:24,0
LF:11
LH:0
BRDA:7,0,0,0
BRDA:13,1,0,0
BRDA:13,1,1,0
BRDA:17,2,0,0
BRDA:17,2,1,0
BRDA:18,3,0,0
BRDA:18,3,1,0
BRF:7
BRH:0
end_of_record
TN:
SF:js/core/StateActions.js
FN:2,(anonymous_0)
FN:10,(anonymous_1)
FN:18,(anonymous_2)
FN:27,(anonymous_3)
FN:35,(anonymous_4)
FN:36,(anonymous_5)
FN:46,(anonymous_6)
FN:47,(anonymous_7)
FN:56,(anonymous_8)
FN:66,(anonymous_9)
FN:77,(anonymous_10)
FN:88,(anonymous_11)
FN:89,(anonymous_12)
FN:102,(anonymous_13)
FN:111,(anonymous_14)
FN:122,(anonymous_15)
FN:131,(anonymous_16)
FN:139,(anonymous_17)
FN:147,(anonymous_18)
FN:148,(anonymous_19)
FN:157,(anonymous_20)
FNF:21
FNH:0
FNDA:0,(anonymous_0)
FNDA:0,(anonymous_1)
FNDA:0,(anonymous_2)
FNDA:0,(anonymous_3)
FNDA:0,(anonymous_4)
FNDA:0,(anonymous_5)
FNDA:0,(anonymous_6)
FNDA:0,(anonymous_7)
FNDA:0,(anonymous_8)
FNDA:0,(anonymous_9)
FNDA:0,(anonymous_10)
FNDA:0,(anonymous_11)
FNDA:0,(anonymous_12)
FNDA:0,(anonymous_13)
FNDA:0,(anonymous_14)
FNDA:0,(anonymous_15)
FNDA:0,(anonymous_16)
FNDA:0,(anonymous_17)
FNDA:0,(anonymous_18)
FNDA:0,(anonymous_19)
FNDA:0,(anonymous_20)
DA:3,0
DA:4,0
DA:11,0
DA:12,0
DA:19,0
DA:20,0
DA:21,0
DA:28,0
DA:29,0
DA:36,0
DA:37,0
DA:38,0
DA:40,0
DA:47,0
DA:48,0
DA:50,0
DA:57,0
DA:58,0
DA:59,0
DA:60,0
DA:67,0
DA:68,0
DA:69,0
DA:70,0
DA:78,0
DA:79,0
DA:80,0
DA:81,0
DA:89,0
DA:90,0
DA:94,0
DA:103,0
DA:104,0
DA:105,0
DA:112,0
DA:113,0
DA:114,0
DA:115,0
DA:116,0
DA:123,0
DA:124,0
DA:125,0
DA:132,0
DA:133,0
DA:140,0
DA:141,0
DA:148,0
DA:149,0
DA:158,0
DA:159,0
LF:50
LH:0
BRDA:67,0,0,0
BRDA:67,0,1,0
BRDA:78,1,0,0
BRDA:78,1,1,0
BRF:4
BRH:0
end_of_record
TN:
SF:js/core/StateHooks.js
FN:8,(anonymous_0)
FN:18,(anonymous_1)
FN:21,(anonymous_2)
FN:25,(anonymous_3)
FN:40,(anonymous_4)
FN:46,(anonymous_5)
FN:50,(anonymous_6)
FN:54,(anonymous_7)
FN:55,(anonymous_8)
FN:60,(anonymous_9)
FN:64,(anonymous_10)
FN:68,(anonymous_11)
FN:72,(anonymous_12)
FN:100,(anonymous_13)
FN:101,(anonymous_14)
FN:105,(anonymous_15)
FN:118,(anonymous_16)
FN:128,(anonymous_17)
FN:138,(anonymous_18)
FN:154,(anonymous_19)
FN:173,(anonymous_20)
FN:174,(anonymous_21)
FN:178,(anonymous_22)
FN:182,(anonymous_23)
FN:186,(anonymous_24)
FN:190,(anonymous_25)
FN:194,(anonymous_26)
FN:198,(anonymous_27)
FN:202,(anonymous_28)
FN:220,(anonymous_29)
FN:245,(anonymous_30)
FN:253,(anonymous_31)
FN:260,(anonymous_32)
FN:263,(anonymous_33)
FN:272,(anonymous_34)
FN:276,(anonymous_35)
FN:293,(anonymous_36)
FN:295,(anonymous_37)
FN:296,(anonymous_38)
FN:297,(anonymous_39)
FN:298,(anonymous_40)
FN:299,(anonymous_41)
FN:300,(anonymous_42)
FN:311,(anonymous_43)
FN:315,(anonymous_44)
FN:328,(anonymous_45)
FN:342,(anonymous_46)
FN:346,(anonymous_47)
FN:352,(anonymous_48)
FNF:49
FNH:0
FNDA:0,(anonymous_0)
FNDA:0,(anonymous_1)
FNDA:0,(anonymous_2)
FNDA:0,(anonymous_3)
FNDA:0,(anonymous_4)
FNDA:0,(anonymous_5)
FNDA:0,(anonymous_6)
FNDA:0,(anonymous_7)
FNDA:0,(anonymous_8)
FNDA:0,(anonymous_9)
FNDA:0,(anonymous_10)
FNDA:0,(anonymous_11)
FNDA:0,(anonymous_12)
FNDA:0,(anonymous_13)
FNDA:0,(anonymous_14)
FNDA:0,(anonymous_15)
FNDA:0,(anonymous_16)
FNDA:0,(anonymous_17)
FNDA:0,(anonymous_18)
FNDA:0,(anonymous_19)
FNDA:0,(anonymous_20)
FNDA:0,(anonymous_21)
FNDA:0,(anonymous_22)
FNDA:0,(anonymous_23)
FNDA:0,(anonymous_24)
FNDA:0,(anonymous_25)
FNDA:0,(anonymous_26)
FNDA:0,(anonymous_27)
FNDA:0,(anonymous_28)
FNDA:0,(anonymous_29)
FNDA:0,(anonymous_30)
FNDA:0,(anonymous_31)
FNDA:0,(anonymous_32)
FNDA:0,(anonymous_33)
FNDA:0,(anonymous_34)
FNDA:0,(anonymous_35)
FNDA:0,(anonymous_36)
FNDA:0,(anonymous_37)
FNDA:0,(anonymous_38)
FNDA:0,(anonymous_39)
FNDA:0,(anonymous_40)
FNDA:0,(anonymous_41)
FNDA:0,(anonymous_42)
FNDA:0,(anonymous_43)
FNDA:0,(anonymous_44)
FNDA:0,(anonymous_45)
FNDA:0,(anonymous_46)
FNDA:0,(anonymous_47)
FNDA:0,(anonymous_48)
DA:9,0
DA:19,0
DA:21,0
DA:22,0
DA:25,0
DA:26,0
DA:27,0
DA:31,0
DA:42,0
DA:43,0
DA:46,0
DA:47,0
DA:50,0
DA:51,0
DA:54,0
DA:55,0
DA:56,0
DA:60,0
DA:61,0
DA:64,0
DA:65,0
DA:68,0
DA:69,0
DA:70,0
DA:72,0
DA:73,0
DA:74,0
DA:75,0
DA:76,0
DA:81,0
DA:82,0
DA:85,0
DA:101,0
DA:102,0
DA:105,0
DA:106,0
DA:107,0
DA:109,0
DA:110,0
DA:112,0
DA:115,0
DA:118,0
DA:119,0
DA:120,0
DA:121,0
DA:122,0
DA:123,0
DA:125,0
DA:128,0
DA:129,0
DA:130,0
DA:131,0
DA:132,0
DA:133,0
DA:135,0
DA:138,0
DA:139,0
DA:140,0
DA:146,0
DA:147,0
DA:148,0
DA:149,0
DA:151,0
DA:154,0
DA:155,0
DA:158,0
DA:174,0
DA:175,0
DA:178,0
DA:179,0
DA:182,0
DA:183,0
DA:186,0
DA:187,0
DA:190,0
DA:191,0
DA:194,0
DA:195,0
DA:198,0
DA:199,0
DA:202,0
DA:203,0
DA:204,0
DA:205,0
DA:207,0
DA:209,0
DA:210,0
DA:212,0
DA:214,0
DA:215,0
DA:216,0
DA:220,0
DA:221,0
DA:222,0
DA:223,0
DA:226,0
DA:246,0
DA:249,0
DA:250,0
DA:253,0
DA:254,0
DA:255,0
DA:257,0
DA:260,0
DA:261,0
DA:263,0
DA:264,0
DA:268,0
DA:272,0
DA:273,0
DA:276,0
DA:277,0
DA:278,0
DA:281,0
DA:294,0
DA:295,0
DA:296,0
DA:297,0
DA:298,0
DA:299,0
DA:300,0
DA:312,0
DA:315,0
DA:316,0
DA:317,0
DA:318,0
DA:319,0
DA:320,0
DA:323,0
DA:328,0
DA:329,0
DA:330,0
DA:332,0
DA:337,0
DA:340,0
DA:342,0
DA:343,0
DA:346,0
DA:347,0
DA:350,0
DA:352,0
LF:141
LH:0
BRDA:21,0,0,0
BRDA:26,1,0,0
BRDA:26,1,1,0
BRDA:40,2,0,0
BRDA:42,3,0,0
BRDA:42,3,1,0
BRDA:65,4,0,0
BRDA:65,4,1,0
BRDA:73,5,0,0
BRDA:73,5,1,0
BRDA:75,6,0,0
BRDA:75,6,1,0
BRDA:102,7,0,0
BRDA:102,7,1,0
BRDA:105,8,0,0
BRDA:109,9,0,0
BRDA:109,9,1,0
BRDA:109,10,0,0
BRDA:109,10,1,0
BRDA:109,10,2,0
BRDA:120,11,0,0
BRDA:120,11,1,0
BRDA:120,12,0,0
BRDA:120,12,1,0
BRDA:130,13,0,0
BRDA:130,13,1,0
BRDA:130,14,0,0
BRDA:130,14,1,0
BRDA:140,15,0,0
BRDA:140,15,1,0
BRDA:141,16,0,0
BRDA:141,16,1,0
BRDA:141,16,2,0
BRDA:141,16,3,0
BRDA:175,17,0,0
BRDA:175,17,1,0
BRDA:214,18,0,0
BRDA:214,18,1,0
BRDA:245,19,0,0
BRDA:249,20,0,0
BRDA:249,20,1,0
BRDA:254,21,0,0
BRDA:254,21,1,0
BRDA:261,22,0,0
BRDA:261,22,1,0
BRDA:277,23,0,0
BRDA:277,23,1,0
BRDA:311,24,0,0
BRDA:312,25,0,0
BRDA:312,26,0,0
BRDA:318,27,0,0
BRDA:318,27,1,0
BRDA:342,28,0,0
BRF:53
BRH:0
end_of_record
TN:
SF:js/core/StateManager.js
FN:4,(anonymous_0)
FN:79,(anonymous_1)
FN:92,(anonymous_2)
FN:112,(anonymous_3)
FN:142,(anonymous_4)
FN:155,(anonymous_5)
FN:169,(anonymous_6)
FN:187,(anonymous_7)
FN:188,(anonymous_8)
FN:191,(anonymous_9)
FN:198,(anonymous_10)
FN:198,(anonymous_11)
FN:206,(anonymous_12)
FN:232,(anonymous_13)
FN:245,(anonymous_14)
FN:259,(anonymous_15)
FN:275,(anonymous_16)
FN:283,(anonymous_17)
FN:294,(anonymous_18)
FN:296,(anonymous_19)
FN:298,(anonymous_20)
FN:300,(anonymous_21)
FN:302,(anonymous_22)
FN:304,(anonymous_23)
FN:305,(anonymous_24)
FN:306,(anonymous_25)
FN:307,(anonymous_26)
FN:308,(anonymous_27)
FN:310,(anonymous_28)
FN:322,(anonymous_29)
FN:323,(anonymous_30)
FN:332,(anonymous_31)
FN:335,(anonymous_32)
FN:350,(anonymous_33)
FN:353,(anonymous_34)
FN:365,(anonymous_35)
FN:376,(anonymous_36)
FN:384,(anonymous_37)
FN:432,(anonymous_38)
FN:466,(anonymous_39)
FN:474,(anonymous_40)
FN:481,(anonymous_41)
FN:488,(anonymous_42)
FNF:43
FNH:0
FNDA:0,(anonymous_0)
FNDA:0,(anonymous_1)
FNDA:0,(anonymous_2)
FNDA:0,(anonymous_3)
FNDA:0,(anonymous_4)
FNDA:0,(anonymous_5)
FNDA:0,(anonymous_6)
FNDA:0,(anonymous_7)
FNDA:0,(anonymous_8)
FNDA:0,(anonymous_9)
FNDA:0,(anonymous_10)
FNDA:0,(anonymous_11)
FNDA:0,(anonymous_12)
FNDA:0,(anonymous_13)
FNDA:0,(anonymous_14)
FNDA:0,(anonymous_15)
FNDA:0,(anonymous_16)
FNDA:0,(anonymous_17)
FNDA:0,(anonymous_18)
FNDA:0,(anonymous_19)
FNDA:0,(anonymous_20)
FNDA:0,(anonymous_21)
FNDA:0,(anonymous_22)
FNDA:0,(anonymous_23)
FNDA:0,(anonymous_24)
FNDA:0,(anonymous_25)
FNDA:0,(anonymous_26)
FNDA:0,(anonymous_27)
FNDA:0,(anonymous_28)
FNDA:0,(anonymous_29)
FNDA:0,(anonymous_30)
FNDA:0,(anonymous_31)
FNDA:0,(anonymous_32)
FNDA:0,(anonymous_33)
FNDA:0,(anonymous_34)
FNDA:0,(anonymous_35)
FNDA:0,(anonymous_36)
FNDA:0,(anonymous_37)
FNDA:0,(anonymous_38)
FNDA:0,(anonymous_39)
FNDA:0,(anonymous_40)
FNDA:0,(anonymous_41)
FNDA:0,(anonymous_42)
DA:5,0
DA:6,0
DA:7,0
DA:66,0
DA:67,0
DA:68,0
DA:71,0
DA:80,0
DA:81,0
DA:83,0
DA:93,0
DA:96,0
DA:97,0
DA:98,0
DA:102,0
DA:112,0
DA:114,0
DA:115,0
DA:119,0
DA:122,0
DA:125,0
DA:132,0
DA:143,0
DA:144,0
DA:145,0
DA:156,0
DA:158,0
DA:159,0
DA:162,0
DA:169,0
DA:170,0
DA:171,0
DA:172,0
DA:173,0
DA:174,0
DA:188,0
DA:189,0
DA:192,0
DA:198,0
DA:207,0
DA:215,0
DA:216,0
DA:219,0
DA:222,0
DA:223,0
DA:225,0
DA:233,0
DA:234,0
DA:235,0
DA:236,0
DA:237,0
DA:239,0
DA:246,0
DA:247,0
DA:248,0
DA:249,0
DA:250,0
DA:252,0
DA:260,0
DA:262,0
DA:263,0
DA:266,0
DA:267,0
DA:276,0
DA:284,0
DA:285,0
DA:295,0
DA:297,0
DA:299,0
DA:301,0
DA:303,0
DA:304,0
DA:305,0
DA:306,0
DA:307,0
DA:309,0
DA:311,0
DA:314,0
DA:315,0
DA:323,0
DA:324,0
DA:333,0
DA:334,0
DA:335,0
DA:336,0
DA:337,0
DA:339,0
DA:342,0
DA:343,0
DA:352,0
DA:353,0
DA:354,0
DA:355,0
DA:361,0
DA:362,0
DA:363,0
DA:364,0
DA:365,0
DA:366,0
DA:377,0
DA:385,0
DA:433,0
DA:460,0
DA:467,0
DA:468,0
DA:475,0
DA:482,0
DA:489,0
LF:108
LH:0
BRDA:4,0,0,0
BRDA:79,1,0,0
BRDA:80,2,0,0
BRDA:80,2,1,0
BRDA:92,3,0,0
BRDA:96,4,0,0
BRDA:96,4,1,0
BRDA:114,5,0,0
BRDA:114,5,1,0
BRDA:142,6,0,0
BRDA:155,7,0,0
BRDA:158,8,0,0
BRDA:158,8,1,0
BRDA:171,9,0,0
BRDA:171,9,1,0
BRDA:173,10,0,0
BRDA:173,10,1,0
BRDA:187,11,0,0
BRDA:215,12,0,0
BRDA:215,12,1,0
BRDA:222,13,0,0
BRDA:222,13,1,0
BRDA:233,14,0,0
BRDA:233,14,1,0
BRDA:246,15,0,0
BRDA:246,15,1,0
BRDA:259,16,0,0
BRDA:260,17,0,0
BRDA:260,17,1,0
BRDA:297,18,0,0
BRDA:297,18,1,0
BRDA:297,18,2,0
BRDA:299,19,0,0
BRDA:299,19,1,0
BRDA:299,19,2,0
BRDA:301,20,0,0
BRDA:301,20,1,0
BRDA:301,20,2,0
BRDA:303,21,0,0
BRDA:303,21,1,0
BRDA:303,21,2,0
BRDA:305,22,0,0
BRDA:305,22,1,0
BRDA:306,23,0,0
BRDA:306,23,1,0
BRDA:307,24,0,0
BRDA:307,24,1,0
BRDA:309,25,0,0
BRDA:309,25,1,0
BRDA:309,25,2,0
BRDA:311,26,0,0
BRDA:311,26,1,0
BRDA:311,26,2,0
BRDA:315,27,0,0
BRDA:315,27,1,0
BRDA:324,28,0,0
BRDA:324,28,1,0
BRDA:324,29,0,0
BRDA:324,29,1,0
BRDA:336,30,0,0
BRDA:336,30,1,0
BRDA:336,31,0,0
BRDA:336,31,1,0
BRDA:352,32,0,0
BRDA:352,32,1,0
BRDA:354,33,0,0
BRDA:354,33,1,0
BRDA:354,34,0,0
BRDA:354,34,1,0
BRDA:364,35,0,0
BRDA:364,35,1,0
BRDA:460,36,0,0
BRDA:460,36,1,0
BRF:73
BRH:0
end_of_record
TN:
SF:js/core/StateMiddleware.js
FN:6,(anonymous_0)
FN:16,(anonymous_1)
FN:27,(anonymous_2)
FN:28,(anonymous_3)
FN:40,(anonymous_4)
FN:41,(anonymous_5)
FN:55,(anonymous_6)
FN:56,(anonymous_7)
FN:69,(anonymous_8)
FN:72,(anonymous_9)
FN:92,(anonymous_10)
FN:112,(anonymous_11)
FN:120,(anonymous_12)
FN:121,(anonymous_13)
FN:132,(anonymous_14)
FN:146,(anonymous_15)
FN:154,(anonymous_16)
FN:198,(anonymous_17)
FN:209,(anonymous_18)
FN:217,(anonymous_19)
FN:231,(anonymous_20)
FN:250,(anonymous_21)
FN:253,(anonymous_22)
FN:287,(anonymous_23)
FN:290,(anonymous_24)
FN:292,(anonymous_25)
FN:295,(anonymous_26)
FN:304,(anonymous_27)
FN:308,(anonymous_28)
FN:327,(anonymous_29)
FN:335,(anonymous_30)
FN:365,(anonymous_31)
FN:377,(anonymous_32)
FN:390,(anonymous_33)
FN:395,(anonymous_34)
FN:408,(anonymous_35)
FNF:36
FNH:0
FNDA:0,(anonymous_0)
FNDA:0,(anonymous_1)
FNDA:0,(anonymous_2)
FNDA:0,(anonymous_3)
FNDA:0,(anonymous_4)
FNDA:0,(anonymous_5)
FNDA:0,(anonymous_6)
FNDA:0,(anonymous_7)
FNDA:0,(anonymous_8)
FNDA:0,(anonymous_9)
FNDA:0,(anonymous_10)
FNDA:0,(anonymous_11)
FNDA:0,(anonymous_12)
FNDA:0,(anonymous_13)
FNDA:0,(anonymous_14)
FNDA:0,(anonymous_15)
FNDA:0,(anonymous_16)
FNDA:0,(anonymous_17)
FNDA:0,(anonymous_18)
FNDA:0,(anonymous_19)
FNDA:0,(anonymous_20)
FNDA:0,(anonymous_21)
FNDA:0,(anonymous_22)
FNDA:0,(anonymous_23)
FNDA:0,(anonymous_24)
FNDA:0,(anonymous_25)
FNDA:0,(anonymous_26)
FNDA:0,(anonymous_27)
FNDA:0,(anonymous_28)
FNDA:0,(anonymous_29)
FNDA:0,(anonymous_30)
FNDA:0,(anonymous_31)
FNDA:0,(anonymous_32)
FNDA:0,(anonymous_33)
FNDA:0,(anonymous_34)
FNDA:0,(anonymous_35)
DA:7,0
DA:17,0
DA:24,0
DA:27,0
DA:28,0
DA:29,0
DA:30,0
DA:41,0
DA:42,0
DA:43,0
DA:44,0
DA:46,0
DA:56,0
DA:57,0
DA:58,0
DA:59,0
DA:61,0
DA:70,0
DA:72,0
DA:73,0
DA:74,0
DA:77,0
DA:79,0
DA:80,0
DA:83,0
DA:85,0
DA:86,0
DA:89,0
DA:91,0
DA:92,0
DA:94,0
DA:97,0
DA:98,0
DA:102,0
DA:106,0
DA:113,0
DA:121,0
DA:133,0
DA:140,0
DA:152,0
DA:154,0
DA:155,0
DA:158,0
DA:159,0
DA:162,0
DA:167,0
DA:168,0
DA:171,0
DA:172,0
DA:175,0
DA:177,0
DA:178,0
DA:180,0
DA:181,0
DA:183,0
DA:184,0
DA:186,0
DA:189,0
DA:205,0
DA:207,0
DA:209,0
DA:210,0
DA:211,0
DA:213,0
DA:217,0
DA:218,0
DA:221,0
DA:222,0
DA:226,0
DA:227,0
DA:228,0
DA:231,0
DA:234,0
DA:238,0
DA:241,0
DA:251,0
DA:253,0
DA:254,0
DA:257,0
DA:258,0
DA:260,0
DA:261,0
DA:263,0
DA:264,0
DA:265,0
DA:266,0
DA:268,0
DA:269,0
DA:271,0
DA:272,0
DA:278,0
DA:288,0
DA:290,0
DA:292,0
DA:293,0
DA:295,0
DA:296,0
DA:297,0
DA:301,0
DA:304,0
DA:305,0
DA:308,0
DA:310,0
DA:311,0
DA:312,0
DA:314,0
DA:318,0
DA:333,0
DA:335,0
DA:336,0
DA:339,0
DA:340,0
DA:344,0
DA:345,0
DA:346,0
DA:350,0
DA:351,0
DA:353,0
DA:356,0
DA:372,0
DA:374,0
DA:375,0
DA:377,0
DA:378,0
DA:379,0
DA:380,0
DA:382,0
DA:384,0
DA:386,0
DA:389,0
DA:390,0
DA:395,0
DA:396,0
DA:399,0
DA:400,0
DA:404,0
DA:405,0
DA:408,0
DA:411,0
DA:414,0
LF:140
LH:0
BRDA:16,0,0,0
BRDA:29,1,0,0
BRDA:29,1,1,0
BRDA:42,2,0,0
BRDA:42,2,1,0
BRDA:57,3,0,0
BRDA:57,3,1,0
BRDA:73,4,0,0
BRDA:73,4,1,0
BRDA:79,5,0,0
BRDA:79,5,1,0
BRDA:85,6,0,0
BRDA:85,6,1,0
BRDA:97,7,0,0
BRDA:97,7,1,0
BRDA:146,8,0,0
BRDA:148,9,0,0
BRDA:149,10,0,0
BRDA:150,11,0,0
BRDA:151,12,0,0
BRDA:158,13,0,0
BRDA:158,13,1,0
BRDA:158,14,0,0
BRDA:158,14,1,0
BRDA:167,15,0,0
BRDA:167,15,1,0
BRDA:171,16,0,0
BRDA:171,16,1,0
BRDA:175,17,0,0
BRDA:175,17,1,0
BRDA:175,17,2,0
BRDA:175,17,3,0
BRDA:198,18,0,0
BRDA:200,19,0,0
BRDA:201,20,0,0
BRDA:202,21,0,0
BRDA:203,22,0,0
BRDA:204,23,0,0
BRDA:221,24,0,0
BRDA:221,24,1,0
BRDA:221,25,0,0
BRDA:221,25,1,0
BRDA:226,26,0,0
BRDA:226,26,1,0
BRDA:227,27,0,0
BRDA:227,27,1,0
BRDA:250,28,0,0
BRDA:251,29,0,0
BRDA:251,30,0,0
BRDA:257,31,0,0
BRDA:257,31,1,0
BRDA:260,32,0,0
BRDA:260,32,1,0
BRDA:263,33,0,0
BRDA:263,33,1,0
BRDA:268,34,0,0
BRDA:268,34,1,0
BRDA:287,35,0,0
BRDA:288,36,0,0
BRDA:288,37,0,0
BRDA:290,38,0,0
BRDA:290,38,1,0
BRDA:293,39,0,0
BRDA:293,39,1,0
BRDA:296,40,0,0
BRDA:296,40,1,0
BRDA:296,41,0,0
BRDA:296,41,1,0
BRDA:308,42,0,0
BRDA:308,42,1,0
BRDA:310,43,0,0
BRDA:310,43,1,0
BRDA:310,44,0,0
BRDA:310,44,1,0
BRDA:311,45,0,0
BRDA:311,45,1,0
BRDA:327,46,0,0
BRDA:329,47,0,0
BRDA:330,48,0,0
BRDA:331,49,0,0
BRDA:332,50,0,0
BRDA:339,51,0,0
BRDA:339,51,1,0
BRDA:339,52,0,0
BRDA:339,52,1,0
BRDA:345,53,0,0
BRDA:345,53,1,0
BRDA:350,54,0,0
BRDA:350,54,1,0
BRDA:350,55,0,0
BRDA:350,55,1,0
BRDA:365,56,0,0
BRDA:367,57,0,0
BRDA:368,58,0,0
BRDA:369,59,0,0
BRDA:370,60,0,0
BRDA:371,61,0,0
BRDA:379,62,0,0
BRDA:379,62,1,0
BRDA:389,63,0,0
BRDA:389,63,1,0
BRDA:399,64,0,0
BRDA:399,64,1,0
BRDA:399,65,0,0
BRDA:399,65,1,0
BRDA:404,66,0,0
BRDA:404,66,1,0
BRF:107
BRH:0
end_of_record
TN:
SF:js/core/StateSelectors.js
FN:5,(anonymous_0)
FN:12,(anonymous_1)
FN:19,(anonymous_2)
FN:30,(anonymous_3)
FN:42,(anonymous_4)
FN:53,(anonymous_5)
FNF:6
FNH:0
FNDA:0,(anonymous_0)
FNDA:0,(anonymous_1)
FNDA:0,(anonymous_2)
FNDA:0,(anonymous_3)
FNDA:0,(anonymous_4)
FNDA:0,(anonymous_5)
DA:6,0
DA:13,0
DA:20,0
DA:31,0
DA:43,0
DA:54,0
LF:6
LH:0
BRDA:13,0,0,0
BRDA:13,0,1,0
BRF:2
BRH:0
end_of_record
TN:
SF:js/core/examples/EventBusExample.js
FN:7,runEventBusExample
FN:22,(anonymous_1)
FN:26,(anonymous_2)
FN:31,(anonymous_3)
FN:35,(anonymous_4)
FN:40,(anonymous_5)
FN:51,(anonymous_6)
FN:57,(anonymous_7)
FN:63,(anonymous_8)
FN:69,(anonymous_9)
FN:75,(anonymous_10)
FN:85,runEventTypesExample
FN:91,(anonymous_12)
FN:95,(anonymous_13)
FN:106,runMiddlewareExample
FN:113,(anonymous_15)
FN:124,(anonymous_16)
FN:132,(anonymous_17)
FN:145,runAggregatorExample
FN:152,(anonymous_19)
FN:154,(anonymous_20)
FN:158,(anonymous_21)
FN:160,(anonymous_22)
FN:162,(anonymous_23)
FN:164,(anonymous_24)
FN:181,runAllExamples
FNF:26
FNH:0
FNDA:0,runEventBusExample
FNDA:0,(anonymous_1)
FNDA:0,(anonymous_2)
FNDA:0,(anonymous_3)
FNDA:0,(anonymous_4)
FNDA:0,(anonymous_5)
FNDA:0,(anonymous_6)
FNDA:0,(anonymous_7)
FNDA:0,(anonymous_8)
FNDA:0,(anonymous_9)
FNDA:0,(anonymous_10)
FNDA:0,runEventTypesExample
FNDA:0,(anonymous_12)
FNDA:0,(anonymous_13)
FNDA:0,runMiddlewareExample
FNDA:0,(anonymous_15)
FNDA:0,(anonymous_16)
FNDA:0,(anonymous_17)
FNDA:0,runAggregatorExample
FNDA:0,(anonymous_19)
FNDA:0,(anonymous_20)
FNDA:0,(anonymous_21)
FNDA:0,(anonymous_22)
FNDA:0,(anonymous_23)
FNDA:0,(anonymous_24)
FNDA:0,runAllExamples
DA:8,0
DA:11,0
DA:14,0
DA:19,0
DA:21,0
DA:22,0
DA:26,0
DA:27,0
DA:31,0
DA:32,0
DA:35,0
DA:36,0
DA:40,0
DA:41,0
DA:45,0
DA:46,0
DA:47,0
DA:50,0
DA:51,0
DA:52,0
DA:56,0
DA:57,0
DA:58,0
DA:63,0
DA:64,0
DA:65,0
DA:69,0
DA:70,0
DA:71,0
DA:75,0
DA:76,0
DA:79,0
DA:81,0
DA:86,0
DA:88,0
DA:91,0
DA:92,0
DA:95,0
DA:96,0
DA:99,0
DA:100,0
DA:102,0
DA:107,0
DA:109,0
DA:112,0
DA:115,0
DA:124,0
DA:126,0
DA:130,0
DA:132,0
DA:133,0
DA:137,0
DA:138,0
DA:139,0
DA:141,0
DA:146,0
DA:148,0
DA:149,0
DA:152,0
DA:153,0
DA:154,0
DA:158,0
DA:160,0
DA:161,0
DA:163,0
DA:164,0
DA:169,0
DA:170,0
DA:171,0
DA:173,0
DA:174,0
DA:175,0
DA:177,0
DA:182,0
DA:183,0
DA:184,0
DA:185,0
DA:187,0
LF:78
LH:0
BRDA:22,0,0,0
BRDA:22,0,1,0
BRDA:126,1,0,0
BRDA:126,1,1,0
BRF:4
BRH:0
end_of_record
TN:
SF:js/core/examples/StateManagerExample.js
FN:9,(anonymous_0)
FN:13,(anonymous_1)
FN:14,(anonymous_2)
FN:27,(anonymous_3)
FN:32,(anonymous_4)
FN:39,(anonymous_5)
FN:45,(anonymous_6)
FN:46,(anonymous_7)
FN:47,(anonymous_8)
FN:56,(anonymous_9)
FN:68,(anonymous_10)
FN:72,(anonymous_11)
FN:86,(anonymous_12)
FN:92,(anonymous_13)
FN:131,(anonymous_14)
FN:139,(anonymous_15)
FN:142,(anonymous_16)
FN:145,(anonymous_17)
FN:175,(anonymous_18)
FN:187,(anonymous_19)
FN:203,(anonymous_20)
FN:225,(anonymous_21)
FN:233,(anonymous_22)
FN:251,(anonymous_23)
FN:255,(anonymous_24)
FN:259,(anonymous_25)
FN:271,(anonymous_26)
FN:312,(anonymous_27)
FN:331,(anonymous_28)
FN:338,runStateManagerExamples
FNF:30
FNH:0
FNDA:0,(anonymous_0)
FNDA:0,(anonymous_1)
FNDA:0,(anonymous_2)
FNDA:0,(anonymous_3)
FNDA:0,(anonymous_4)
FNDA:0,(anonymous_5)
FNDA:0,(anonymous_6)
FNDA:0,(anonymous_7)
FNDA:0,(anonymous_8)
FNDA:0,(anonymous_9)
FNDA:0,(anonymous_10)
FNDA:0,(anonymous_11)
FNDA:0,(anonymous_12)
FNDA:0,(anonymous_13)
FNDA:0,(anonymous_14)
FNDA:0,(anonymous_15)
FNDA:0,(anonymous_16)
FNDA:0,(anonymous_17)
FNDA:0,(anonymous_18)
FNDA:0,(anonymous_19)
FNDA:0,(anonymous_20)
FNDA:0,(anonymous_21)
FNDA:0,(anonymous_22)
FNDA:0,(anonymous_23)
FNDA:0,(anonymous_24)
FNDA:0,(anonymous_25)
FNDA:0,(anonymous_26)
FNDA:0,(anonymous_27)
FNDA:0,(anonymous_28)
FNDA:0,runStateManagerExamples
DA:11,0
DA:13,0
DA:14,0
DA:18,0
DA:21,0
DA:29,0
DA:32,0
DA:36,0
DA:39,0
DA:43,0
DA:45,0
DA:46,0
DA:47,0
DA:57,0
DA:60,0
DA:61,0
DA:64,0
DA:65,0
DA:68,0
DA:69,0
DA:72,0
DA:73,0
DA:77,0
DA:80,0
DA:87,0
DA:90,0
DA:92,0
DA:95,0
DA:96,0
DA:99,0
DA:104,0
DA:105,0
DA:106,0
DA:109,0
DA:110,0
DA:111,0
DA:112,0
DA:115,0
DA:116,0
DA:117,0
DA:120,0
DA:121,0
DA:124,0
DA:125,0
DA:132,0
DA:135,0
DA:138,0
DA:139,0
DA:142,0
DA:143,0
DA:145,0
DA:146,0
DA:149,0
DA:150,0
DA:151,0
DA:153,0
DA:154,0
DA:155,0
DA:158,0
DA:159,0
DA:161,0
DA:162,0
DA:168,0
DA:169,0
DA:176,0
DA:179,0
DA:180,0
DA:183,0
DA:184,0
DA:187,0
DA:188,0
DA:189,0
DA:192,0
DA:198,0
DA:199,0
DA:200,0
DA:201,0
DA:203,0
DA:204,0
DA:205,0
DA:206,0
DA:209,0
DA:210,0
DA:212,0
DA:214,0
DA:215,0
DA:216,0
DA:217,0
DA:218,0
DA:219,0
DA:225,0
DA:226,0
DA:234,0
DA:237,0
DA:243,0
DA:244,0
DA:247,0
DA:248,0
DA:251,0
DA:252,0
DA:253,0
DA:255,0
DA:256,0
DA:258,0
DA:259,0
DA:260,0
DA:261,0
DA:272,0
DA:275,0
DA:276,0
DA:279,0
DA:301,0
DA:302,0
DA:305,0
DA:306,0
DA:313,0
DA:315,0
DA:316,0
DA:318,0
DA:319,0
DA:321,0
DA:322,0
DA:324,0
DA:325,0
DA:327,0
DA:328,0
DA:331,0
DA:332,0
DA:339,0
DA:340,0
DA:341,0
LF:131
LH:0
BRDA:32,0,0,0
BRDA:32,0,1,0
BRDA:45,1,0,0
BRDA:45,1,1,0
BRDA:46,2,0,0
BRDA:46,2,1,0
BRDA:188,3,0,0
BRDA:188,3,1,0
BRDA:204,4,0,0
BRDA:204,4,1,0
BRDA:215,5,0,0
BRDA:215,5,1,0
BRDA:218,6,0,0
BRDA:218,6,1,0
BRDA:252,7,0,0
BRDA:252,7,1,0
BRDA:256,8,0,0
BRDA:256,8,1,0
BRDA:259,9,0,0
BRDA:259,9,1,0
BRF:20
BRH:0
end_of_record
TN:
SF:js/core/examples/StateManagerUsageExample.js
FN:12,(anonymous_0)
FN:60,(anonymous_1)
FNF:2
FNH:0
FNDA:0,(anonymous_0)
FNDA:0,(anonymous_1)
DA:7,0
DA:8,0
DA:9,0
DA:12,0
DA:13,0
DA:17,0
DA:18,0
DA:19,0
DA:22,0
DA:23,0
DA:27,0
DA:28,0
DA:31,0
DA:34,0
DA:37,0
DA:42,0
DA:43,0
DA:44,0
DA:47,0
DA:48,0
DA:49,0
DA:50,0
DA:53,0
DA:54,0
DA:55,0
DA:58,0
DA:61,0
DA:65,0
DA:66,0
DA:68,0
LF:30
LH:0
BRF:0
BRH:0
end_of_record
TN:
SF:js/domain/entities/Bar.js
FN:2,(anonymous_0)
FN:9,(anonymous_1)
FN:13,(anonymous_2)
FN:14,(anonymous_3)
FN:17,(anonymous_4)
FN:18,(anonymous_5)
FNF:6
FNH:0
FNDA:0,(anonymous_0)
FNDA:0,(anonymous_1)
FNDA:0,(anonymous_2)
FNDA:0,(anonymous_3)
FNDA:0,(anonymous_4)
FNDA:0,(anonymous_5)
DA:3,0
DA:4,0
DA:5,0
DA:6,0
DA:10,0
DA:14,0
DA:18,0
LF:7
LH:0
BRDA:2,0,0,0
BRDA:2,1,0,0
BRF:2
BRH:0
end_of_record
TN:
SF:js/domain/entities/BeatUnit.js
FN:2,(anonymous_0)
FN:6,(anonymous_1)
FN:10,(anonymous_2)
FN:14,(anonymous_3)
FNF:4
FNH:0
FNDA:0,(anonymous_0)
FNDA:0,(anonymous_1)
FNDA:0,(anonymous_2)
FNDA:0,(anonymous_3)
DA:3,0
DA:7,0
DA:11,0
DA:16,0
LF:4
LH:0
BRDA:2,0,0,0
BRF:1
BRH:0
end_of_record
TN:
SF:js/domain/entities/Chord.js
FN:2,(anonymous_0)
FN:9,(anonymous_1)
FN:13,(anonymous_2)
FN:14,(anonymous_3)
FN:17,(anonymous_4)
FN:21,(anonymous_5)
FNF:6
FNH:0
FNDA:0,(anonymous_0)
FNDA:0,(anonymous_1)
FNDA:0,(anonymous_2)
FNDA:0,(anonymous_3)
FNDA:0,(anonymous_4)
FNDA:0,(anonymous_5)
DA:3,0
DA:4,0
DA:5,0
DA:6,0
DA:10,0
DA:14,0
DA:18,0
DA:22,0
LF:8
LH:0
BRDA:2,0,0,0
BRF:1
BRH:0
end_of_record
TN:
SF:js/domain/entities/PlayStatus.js
FN:2,(anonymous_0)
FN:9,(anonymous_1)
FN:13,(anonymous_2)
FN:17,(anonymous_3)
FN:23,(anonymous_4)
FN:27,(anonymous_5)
FN:31,(anonymous_6)
FN:35,(anonymous_7)
FN:39,(anonymous_8)
FNF:9
FNH:0
FNDA:0,(anonymous_0)
FNDA:0,(anonymous_1)
FNDA:0,(anonymous_2)
FNDA:0,(anonymous_3)
FNDA:0,(anonymous_4)
FNDA:0,(anonymous_5)
FNDA:0,(anonymous_6)
FNDA:0,(anonymous_7)
FNDA:0,(anonymous_8)
DA:3,0
DA:4,0
DA:5,0
DA:6,0
DA:10,0
DA:14,0
DA:18,0
DA:19,0
DA:20,0
DA:24,0
DA:28,0
DA:32,0
DA:36,0
DA:40,0
LF:14
LH:0
BRF:0
BRH:0
end_of_record
TN:
SF:js/domain/repositories/BarRepository.js
FN:2,(anonymous_0)
FN:7,(anonymous_1)
FN:11,(anonymous_2)
FN:15,(anonymous_3)
FN:19,(anonymous_4)
FN:28,(anonymous_5)
FN:32,(anonymous_6)
FN:34,(anonymous_7)
FN:37,(anonymous_8)
FN:40,(anonymous_9)
FNF:10
FNH:0
FNDA:0,(anonymous_0)
FNDA:0,(anonymous_1)
FNDA:0,(anonymous_2)
FNDA:0,(anonymous_3)
FNDA:0,(anonymous_4)
FNDA:0,(anonymous_5)
FNDA:0,(anonymous_6)
FNDA:0,(anonymous_7)
FNDA:0,(anonymous_8)
FNDA:0,(anonymous_9)
DA:3,0
DA:4,0
DA:8,0
DA:12,0
DA:16,0
DA:20,0
DA:21,0
DA:22,0
DA:23,0
DA:25,0
DA:29,0
DA:33,0
DA:34,0
DA:38,0
DA:39,0
DA:40,0
LF:16
LH:0
BRDA:21,0,0,0
BRDA:21,0,1,0
BRDA:39,1,0,0
BRDA:39,1,1,0
BRDA:40,2,0,0
BRDA:40,2,1,0
BRF:6
BRH:0
end_of_record
TN:
SF:js/domain/repositories/ChordRepository.js
FN:2,(anonymous_0)
FN:7,(anonymous_1)
FN:11,(anonymous_2)
FN:15,(anonymous_3)
FN:19,(anonymous_4)
FN:28,(anonymous_5)
FN:32,(anonymous_6)
FN:34,(anonymous_7)
FNF:8
FNH:0
FNDA:0,(anonymous_0)
FNDA:0,(anonymous_1)
FNDA:0,(anonymous_2)
FNDA:0,(anonymous_3)
FNDA:0,(anonymous_4)
FNDA:0,(anonymous_5)
FNDA:0,(anonymous_6)
FNDA:0,(anonymous_7)
DA:3,0
DA:4,0
DA:8,0
DA:12,0
DA:16,0
DA:20,0
DA:21,0
DA:22,0
DA:23,0
DA:25,0
DA:29,0
DA:33,0
DA:34,0
LF:13
LH:0
BRDA:21,0,0,0
BRDA:21,0,1,0
BRF:2
BRH:0
end_of_record
TN:
SF:js/domain/services/BarService.js
FN:2,(anonymous_0)
FN:6,(anonymous_1)
FN:10,(anonymous_2)
FN:14,(anonymous_3)
FN:23,(anonymous_4)
FN:27,(anonymous_5)
FN:31,(anonymous_6)
FN:40,(anonymous_7)
FN:43,(anonymous_8)
FN:49,(anonymous_9)
FNF:10
FNH:0
FNDA:0,(anonymous_0)
FNDA:0,(anonymous_1)
FNDA:0,(anonymous_2)
FNDA:0,(anonymous_3)
FNDA:0,(anonymous_4)
FNDA:0,(anonymous_5)
FNDA:0,(anonymous_6)
FNDA:0,(anonymous_7)
FNDA:0,(anonymous_8)
FNDA:0,(anonymous_9)
DA:3,0
DA:7,0
DA:11,0
DA:15,0
DA:20,0
DA:24,0
DA:28,0
DA:32,0
DA:33,0
DA:34,0
DA:35,0
DA:37,0
DA:41,0
DA:42,0
DA:43,0
DA:44,0
DA:46,0
DA:50,0
LF:18
LH:0
BRDA:33,0,0,0
BRDA:33,0,1,0
BRDA:42,1,0,0
BRDA:42,1,1,0
BRF:4
BRH:0
end_of_record
TN:
SF:js/domain/services/ChordService.js
FN:2,(anonymous_0)
FN:6,(anonymous_1)
FN:10,(anonymous_2)
FN:14,(anonymous_3)
FN:22,(anonymous_4)
FN:26,(anonymous_5)
FN:30,(anonymous_6)
FNF:7
FNH:0
FNDA:0,(anonymous_0)
FNDA:0,(anonymous_1)
FNDA:0,(anonymous_2)
FNDA:0,(anonymous_3)
FNDA:0,(anonymous_4)
FNDA:0,(anonymous_5)
FNDA:0,(anonymous_6)
DA:3,0
DA:7,0
DA:11,0
DA:15,0
DA:19,0
DA:23,0
DA:27,0
DA:31,0
LF:8
LH:0
BRF:0
BRH:0
end_of_record
TN:
SF:js/domain/services/PlaybackService.js
FN:2,(anonymous_0)
FN:11,(anonymous_1)
FN:26,(anonymous_2)
FN:30,(anonymous_3)
FN:36,(anonymous_4)
FN:40,(anonymous_5)
FN:44,(anonymous_6)
FN:48,(anonymous_7)
FN:52,(anonymous_8)
FNF:9
FNH:0
FNDA:0,(anonymous_0)
FNDA:0,(anonymous_1)
FNDA:0,(anonymous_2)
FNDA:0,(anonymous_3)
FNDA:0,(anonymous_4)
FNDA:0,(anonymous_5)
FNDA:0,(anonymous_6)
FNDA:0,(anonymous_7)
FNDA:0,(anonymous_8)
DA:3,0
DA:4,0
DA:5,0
DA:6,0
DA:7,0
DA:8,0
DA:12,0
DA:14,0
DA:15,0
DA:17,0
DA:18,0
DA:19,0
DA:27,0
DA:31,0
DA:32,0
DA:33,0
DA:37,0
DA:41,0
DA:45,0
DA:49,0
DA:53,0
LF:21
LH:0
BRDA:12,0,0,0
BRDA:12,0,1,0
BRDA:17,1,0,0
BRDA:17,1,1,0
BRF:4
BRH:0
end_of_record
TN:
SF:js/domain/services/TemplateService.js
FN:2,(anonymous_0)
FN:6,(anonymous_1)
FN:10,(anonymous_2)
FN:14,(anonymous_3)
FN:25,(anonymous_4)
FN:32,(anonymous_5)
FN:36,(anonymous_6)
FN:45,(anonymous_7)
FNF:8
FNH:0
FNDA:0,(anonymous_0)
FNDA:0,(anonymous_1)
FNDA:0,(anonymous_2)
FNDA:0,(anonymous_3)
FNDA:0,(anonymous_4)
FNDA:0,(anonymous_5)
FNDA:0,(anonymous_6)
FNDA:0,(anonymous_7)
DA:3,0
DA:7,0
DA:11,0
DA:15,0
DA:22,0
DA:26,0
DA:33,0
DA:37,0
DA:38,0
DA:40,0
DA:42,0
DA:46,0
LF:12
LH:0
BRDA:18,0,0,0
BRDA:18,0,1,0
BRDA:38,1,0,0
BRDA:38,1,1,0
BRF:4
BRH:0
end_of_record
TN:
SF:js/infrastructure/audio/AudioEngine.js
FN:2,(anonymous_0)
FN:7,(anonymous_1)
FN:19,(anonymous_2)
FN:26,(anonymous_3)
FN:33,(anonymous_4)
FN:47,(anonymous_5)
FN:52,(anonymous_6)
FN:58,(anonymous_7)
FNF:8
FNH:0
FNDA:0,(anonymous_0)
FNDA:0,(anonymous_1)
FNDA:0,(anonymous_2)
FNDA:0,(anonymous_3)
FNDA:0,(anonymous_4)
FNDA:0,(anonymous_5)
FNDA:0,(anonymous_6)
FNDA:0,(anonymous_7)
DA:3,0
DA:4,0
DA:8,0
DA:10,0
DA:11,0
DA:12,0
DA:14,0
DA:15,0
DA:20,0
DA:21,0
DA:23,0
DA:27,0
DA:28,0
DA:29,0
DA:30,0
DA:34,0
DA:35,0
DA:37,0
DA:38,0
DA:39,0
DA:41,0
DA:42,0
DA:44,0
DA:49,0
DA:53,0
DA:54,0
DA:59,0
DA:60,0
LF:28
LH:0
BRDA:8,0,0,0
BRDA:8,0,1,0
BRDA:11,1,0,0
BRDA:11,1,1,0
BRDA:20,2,0,0
BRDA:20,2,1,0
BRDA:33,3,0,0
BRDA:33,4,0,0
BRDA:53,5,0,0
BRDA:53,5,1,0
BRDA:53,6,0,0
BRDA:53,6,1,0
BRDA:59,7,0,0
BRDA:59,7,1,0
BRDA:59,8,0,0
BRDA:59,8,1,0
BRF:16
BRH:0
end_of_record
TN:
SF:js/infrastructure/audio/AudioPlayer.js
FN:2,(anonymous_0)
FN:8,(anonymous_1)
FN:19,(anonymous_2)
FN:30,(anonymous_3)
FN:34,(anonymous_4)
FN:44,(anonymous_5)
FN:48,(anonymous_6)
FN:52,(anonymous_7)
FN:56,(anonymous_8)
FN:60,(anonymous_9)
FNF:10
FNH:0
FNDA:0,(anonymous_0)
FNDA:0,(anonymous_1)
FNDA:0,(anonymous_2)
FNDA:0,(anonymous_3)
FNDA:0,(anonymous_4)
FNDA:0,(anonymous_5)
FNDA:0,(anonymous_6)
FNDA:0,(anonymous_7)
FNDA:0,(anonymous_8)
FNDA:0,(anonymous_9)
DA:3,0
DA:4,0
DA:5,0
DA:9,0
DA:10,0
DA:11,0
DA:12,0
DA:14,0
DA:15,0
DA:20,0
DA:21,0
DA:22,0
DA:23,0
DA:26,0
DA:27,0
DA:31,0
DA:32,0
DA:34,0
DA:35,0
DA:36,0
DA:37,0
DA:41,0
DA:45,0
DA:49,0
DA:53,0
DA:57,0
DA:61,0
LF:27
LH:0
BRDA:19,0,0,0
BRDA:19,1,0,0
BRDA:21,2,0,0
BRDA:21,2,1,0
BRDA:26,3,0,0
BRDA:26,3,1,0
BRDA:30,4,0,0
BRDA:30,5,0,0
BRDA:32,6,0,0
BRDA:32,6,1,0
BRDA:36,7,0,0
BRDA:36,7,1,0
BRF:12
BRH:0
end_of_record
TN:
SF:js/infrastructure/audio/AudioRepository.js
FN:2,(anonymous_0)
FN:38,(anonymous_1)
FN:39,(anonymous_2)
FN:50,(anonymous_3)
FN:59,(anonymous_4)
FN:68,(anonymous_5)
FN:72,(anonymous_6)
FN:76,(anonymous_7)
FN:80,(anonymous_8)
FNF:9
FNH:0
FNDA:0,(anonymous_0)
FNDA:0,(anonymous_1)
FNDA:0,(anonymous_2)
FNDA:0,(anonymous_3)
FNDA:0,(anonymous_4)
FNDA:0,(anonymous_5)
FNDA:0,(anonymous_6)
FNDA:0,(anonymous_7)
FNDA:0,(anonymous_8)
DA:3,0
DA:4,0
DA:39,0
DA:40,0
DA:41,0
DA:42,0
DA:44,0
DA:45,0
DA:49,0
DA:50,0
DA:52,0
DA:53,0
DA:56,0
DA:60,0
DA:61,0
DA:62,0
DA:65,0
DA:69,0
DA:73,0
DA:77,0
DA:81,0
LF:21
LH:0
BRDA:52,0,0,0
BRDA:52,0,1,0
BRDA:61,1,0,0
BRDA:61,1,1,0
BRDA:68,2,0,0
BRDA:68,3,0,0
BRDA:72,4,0,0
BRDA:72,5,0,0
BRF:8
BRH:0
end_of_record
TN:
SF:js/infrastructure/storage/FileStorageAdapter.js
FN:2,(anonymous_0)
FN:6,(anonymous_1)
FN:19,(anonymous_2)
FN:34,(anonymous_3)
FN:47,(anonymous_4)
FN:62,(anonymous_5)
FN:72,(anonymous_6)
FN:82,(anonymous_7)
FN:107,(anonymous_8)
FNF:9
FNH:0
FNDA:0,(anonymous_0)
FNDA:0,(anonymous_1)
FNDA:0,(anonymous_2)
FNDA:0,(anonymous_3)
FNDA:0,(anonymous_4)
FNDA:0,(anonymous_5)
FNDA:0,(anonymous_6)
FNDA:0,(anonymous_7)
FNDA:0,(anonymous_8)
DA:3,0
DA:7,0
DA:8,0
DA:9,0
DA:10,0
DA:12,0
DA:14,0
DA:15,0
DA:20,0
DA:21,0
DA:22,0
DA:25,0
DA:26,0
DA:27,0
DA:29,0
DA:30,0
DA:35,0
DA:36,0
DA:37,0
DA:38,0
DA:40,0
DA:42,0
DA:43,0
DA:48,0
DA:49,0
DA:50,0
DA:51,0
DA:54,0
DA:55,0
DA:57,0
DA:58,0
DA:63,0
DA:64,0
DA:65,0
DA:67,0
DA:68,0
DA:73,0
DA:74,0
DA:75,0
DA:77,0
DA:78,0
DA:83,0
DA:84,0
DA:85,0
DA:86,0
DA:89,0
DA:90,0
DA:92,0
DA:93,0
DA:94,0
DA:95,0
DA:96,0
DA:97,0
DA:99,0
DA:100,0
DA:102,0
DA:103,0
DA:108,0
DA:109,0
DA:110,0
DA:112,0
DA:114,0
DA:115,0
DA:116,0
DA:117,0
DA:119,0
DA:122,0
DA:124,0
DA:125,0
LF:69
LH:0
BRDA:9,0,0,0
BRDA:9,0,1,0
BRDA:12,1,0,0
BRDA:12,1,1,0
BRDA:21,2,0,0
BRDA:21,2,1,0
BRDA:37,3,0,0
BRDA:37,3,1,0
BRDA:50,4,0,0
BRDA:50,4,1,0
BRF:10
BRH:0
end_of_record
TN:
SF:js/infrastructure/storage/LocalStorageAdapter.js
FN:2,(anonymous_0)
FN:6,(anonymous_1)
FN:13,(anonymous_2)
FN:24,(anonymous_3)
FN:36,(anonymous_4)
FN:58,(anonymous_5)
FN:69,(anonymous_6)
FN:81,(anonymous_7)
FN:89,(anonymous_8)
FN:100,(anonymous_9)
FNF:10
FNH:0
FNDA:0,(anonymous_0)
FNDA:0,(anonymous_1)
FNDA:0,(anonymous_2)
FNDA:0,(anonymous_3)
FNDA:0,(anonymous_4)
FNDA:0,(anonymous_5)
FNDA:0,(anonymous_6)
FNDA:0,(anonymous_7)
FNDA:0,(anonymous_8)
FNDA:0,(anonymous_9)
DA:3,0
DA:7,0
DA:8,0
DA:10,0
DA:14,0
DA:15,0
DA:16,0
DA:17,0
DA:19,0
DA:20,0
DA:25,0
DA:26,0
DA:27,0
DA:28,0
DA:29,0
DA:31,0
DA:32,0
DA:37,0
DA:38,0
DA:39,0
DA:41,0
DA:42,0
DA:43,0
DA:44,0
DA:45,0
DA:46,0
DA:51,0
DA:53,0
DA:54,0
DA:59,0
DA:60,0
DA:61,0
DA:62,0
DA:64,0
DA:65,0
DA:70,0
DA:71,0
DA:72,0
DA:74,0
DA:75,0
DA:76,0
DA:77,0
DA:81,0
DA:82,0
DA:84,0
DA:85,0
DA:90,0
DA:91,0
DA:93,0
DA:94,0
DA:95,0
DA:96,0
DA:100,0
DA:101,0
DA:103,0
DA:104,0
LF:56
LH:0
BRDA:6,0,0,0
BRDA:7,1,0,0
BRDA:7,1,1,0
BRDA:17,2,0,0
BRDA:17,2,1,0
BRDA:43,3,0,0
BRDA:43,3,1,0
BRDA:43,4,0,0
BRDA:43,4,1,0
BRDA:45,5,0,0
BRDA:45,5,1,0
BRDA:76,6,0,0
BRDA:76,6,1,0
BRDA:76,7,0,0
BRDA:76,7,1,0
BRDA:95,8,0,0
BRDA:95,8,1,0
BRDA:95,9,0,0
BRDA:95,9,1,0
BRF:19
BRH:0
end_of_record
TN:
SF:js/infrastructure/templates/TemplateLoader.js
FN:2,(anonymous_0)
FN:55,(anonymous_1)
FN:56,(anonymous_2)
FN:62,(anonymous_3)
FN:66,(anonymous_4)
FN:70,(anonymous_5)
FN:75,(anonymous_6)
FN:79,(anonymous_7)
FN:96,(anonymous_8)
FN:116,(anonymous_9)
FN:117,(anonymous_10)
FNF:11
FNH:0
FNDA:0,(anonymous_0)
FNDA:0,(anonymous_1)
FNDA:0,(anonymous_2)
FNDA:0,(anonymous_3)
FNDA:0,(anonymous_4)
FNDA:0,(anonymous_5)
FNDA:0,(anonymous_6)
FNDA:0,(anonymous_7)
FNDA:0,(anonymous_8)
FNDA:0,(anonymous_9)
FNDA:0,(anonymous_10)
DA:3,0
DA:4,0
DA:56,0
DA:57,0
DA:59,0
DA:63,0
DA:67,0
DA:71,0
DA:72,0
DA:76,0
DA:80,0
DA:81,0
DA:82,0
DA:84,0
DA:85,0
DA:88,0
DA:89,0
DA:91,0
DA:92,0
DA:97,0
DA:98,0
DA:99,0
DA:102,0
DA:103,0
DA:105,0
DA:106,0
DA:107,0
DA:108,0
DA:109,0
DA:110,0
DA:112,0
DA:113,0
DA:117,0
LF:33
LH:0
BRDA:63,0,0,0
BRDA:63,0,1,0
BRDA:84,1,0,0
BRDA:84,1,1,0
BRDA:84,2,0,0
BRDA:84,2,1,0
BRDA:98,3,0,0
BRDA:98,3,1,0
BRF:8
BRH:0
end_of_record
TN:
SF:js/infrastructure/templates/TemplateRepository.js
FN:2,(anonymous_0)
FN:8,(anonymous_1)
FN:18,(anonymous_2)
FN:23,(anonymous_3)
FN:34,(anonymous_4)
FN:51,(anonymous_5)
FN:65,(anonymous_6)
FN:86,(anonymous_7)
FN:100,(anonymous_8)
FN:105,(anonymous_9)
FN:109,(anonymous_10)
FN:118,(anonymous_11)
FNF:12
FNH:0
FNDA:0,(anonymous_0)
FNDA:0,(anonymous_1)
FNDA:0,(anonymous_2)
FNDA:0,(anonymous_3)
FNDA:0,(anonymous_4)
FNDA:0,(anonymous_5)
FNDA:0,(anonymous_6)
FNDA:0,(anonymous_7)
FNDA:0,(anonymous_8)
FNDA:0,(anonymous_9)
FNDA:0,(anonymous_10)
FNDA:0,(anonymous_11)
DA:3,0
DA:4,0
DA:5,0
DA:9,0
DA:10,0
DA:11,0
DA:15,0
DA:18,0
DA:19,0
DA:23,0
DA:24,0
DA:27,0
DA:29,0
DA:30,0
DA:35,0
DA:37,0
DA:40,0
DA:41,0
DA:44,0
DA:46,0
DA:47,0
DA:52,0
DA:55,0
DA:56,0
DA:58,0
DA:60,0
DA:61,0
DA:66,0
DA:67,0
DA:68,0
DA:69,0
DA:72,0
DA:73,0
DA:74,0
DA:77,0
DA:79,0
DA:81,0
DA:82,0
DA:87,0
DA:89,0
DA:90,0
DA:93,0
DA:95,0
DA:96,0
DA:101,0
DA:102,0
DA:106,0
DA:110,0
DA:111,0
DA:113,0
DA:114,0
DA:119,0
DA:120,0
DA:123,0
DA:124,0
DA:125,0
DA:128,0
DA:130,0
DA:131,0
LF:59
LH:0
BRDA:40,0,0,0
BRDA:40,0,1,0
BRDA:55,1,0,0
BRDA:55,1,1,0
BRDA:68,2,0,0
BRDA:68,2,1,0
BRDA:72,3,0,0
BRDA:72,3,1,0
BRDA:89,4,0,0
BRDA:89,4,1,0
BRDA:123,5,0,0
BRDA:123,5,1,0
BRF:12
BRH:0
end_of_record
TN:
SF:js/presentation/components/ArrowDisplay.js
FN:2,(anonymous_0)
FN:13,(anonymous_1)
FN:29,(anonymous_2)
FN:30,(anonymous_3)
FN:34,(anonymous_4)
FN:40,(anonymous_5)
FN:45,(anonymous_6)
FN:51,(anonymous_7)
FN:52,(anonymous_8)
FN:61,(anonymous_9)
FN:66,(anonymous_10)
FN:71,(anonymous_11)
FN:77,(anonymous_12)
FNF:13
FNH:0
FNDA:0,(anonymous_0)
FNDA:0,(anonymous_1)
FNDA:0,(anonymous_2)
FNDA:0,(anonymous_3)
FNDA:0,(anonymous_4)
FNDA:0,(anonymous_5)
FNDA:0,(anonymous_6)
FNDA:0,(anonymous_7)
FNDA:0,(anonymous_8)
FNDA:0,(anonymous_9)
FNDA:0,(anonymous_10)
FNDA:0,(anonymous_11)
FNDA:0,(anonymous_12)
DA:3,0
DA:4,0
DA:5,0
DA:6,0
DA:7,0
DA:9,0
DA:10,0
DA:14,0
DA:25,0
DA:26,0
DA:30,0
DA:31,0
DA:34,0
DA:35,0
DA:36,0
DA:37,0
DA:40,0
DA:41,0
DA:42,0
DA:45,0
DA:46,0
DA:47,0
DA:52,0
DA:53,0
DA:54,0
DA:56,0
DA:62,0
DA:63,0
DA:67,0
DA:68,0
DA:72,0
DA:73,0
DA:74,0
DA:78,0
DA:79,0
DA:80,0
DA:81,0
DA:82,0
LF:38
LH:0
BRDA:53,0,0,0
BRDA:53,0,1,0
BRDA:53,1,0,0
BRDA:53,1,1,0
BRF:4
BRH:0
end_of_record
TN:
SF:js/presentation/components/BarDisplay.js
FN:2,(anonymous_0)
FN:13,(anonymous_1)
FN:50,(anonymous_2)
FN:54,(anonymous_3)
FN:58,(anonymous_4)
FN:66,(anonymous_5)
FN:67,(anonymous_6)
FN:71,(anonymous_7)
FN:75,(anonymous_8)
FN:79,(anonymous_9)
FN:83,(anonymous_10)
FN:88,(anonymous_11)
FN:98,(anonymous_12)
FN:103,(anonymous_13)
FN:108,(anonymous_14)
FN:109,(anonymous_15)
FN:113,(anonymous_16)
FN:114,(anonymous_17)
FN:121,(anonymous_18)
FN:123,(anonymous_19)
FN:131,(anonymous_20)
FN:134,(anonymous_21)
FN:156,(anonymous_22)
FN:160,(anonymous_23)
FN:170,(anonymous_24)
FN:174,(anonymous_25)
FN:188,(anonymous_26)
FN:192,(anonymous_27)
FN:196,(anonymous_28)
FNF:29
FNH:0
FNDA:0,(anonymous_0)
FNDA:0,(anonymous_1)
FNDA:0,(anonymous_2)
FNDA:0,(anonymous_3)
FNDA:0,(anonymous_4)
FNDA:0,(anonymous_5)
FNDA:0,(anonymous_6)
FNDA:0,(anonymous_7)
FNDA:0,(anonymous_8)
FNDA:0,(anonymous_9)
FNDA:0,(anonymous_10)
FNDA:0,(anonymous_11)
FNDA:0,(anonymous_12)
FNDA:0,(anonymous_13)
FNDA:0,(anonymous_14)
FNDA:0,(anonymous_15)
FNDA:0,(anonymous_16)
FNDA:0,(anonymous_17)
FNDA:0,(anonymous_18)
FNDA:0,(anonymous_19)
FNDA:0,(anonymous_20)
FNDA:0,(anonymous_21)
FNDA:0,(anonymous_22)
FNDA:0,(anonymous_23)
FNDA:0,(anonymous_24)
FNDA:0,(anonymous_25)
FNDA:0,(anonymous_26)
FNDA:0,(anonymous_27)
FNDA:0,(anonymous_28)
DA:3,0
DA:4,0
DA:5,0
DA:6,0
DA:7,0
DA:9,0
DA:10,0
DA:14,0
DA:45,0
DA:46,0
DA:47,0
DA:48,0
DA:50,0
DA:51,0
DA:54,0
DA:55,0
DA:58,0
DA:59,0
DA:67,0
DA:68,0
DA:71,0
DA:72,0
DA:75,0
DA:76,0
DA:79,0
DA:80,0
DA:83,0
DA:84,0
DA:89,0
DA:94,0
DA:95,0
DA:99,0
DA:100,0
DA:104,0
DA:105,0
DA:109,0
DA:110,0
DA:114,0
DA:115,0
DA:116,0
DA:117,0
DA:122,0
DA:123,0
DA:124,0
DA:125,0
DA:126,0
DA:132,0
DA:134,0
DA:135,0
DA:136,0
DA:137,0
DA:139,0
DA:140,0
DA:142,0
DA:155,0
DA:156,0
DA:157,0
DA:160,0
DA:161,0
DA:162,0
DA:166,0
DA:171,0
DA:173,0
DA:174,0
DA:175,0
DA:177,0
DA:185,0
DA:189,0
DA:193,0
DA:197,0
DA:198,0
DA:199,0
DA:200,0
DA:201,0
DA:202,0
LF:75
LH:0
BRDA:115,0,0,0
BRDA:115,0,1,0
BRDA:125,1,0,0
BRDA:125,1,1,0
BRDA:139,2,0,0
BRDA:139,2,1,0
BRDA:140,3,0,0
BRDA:140,3,1,0
BRDA:161,4,0,0
BRDA:161,4,1,0
BRDA:161,5,0,0
BRDA:161,5,1,0
BRDA:170,6,0,0
BRDA:175,7,0,0
BRDA:175,7,1,0
BRF:15
BRH:0
end_of_record
TN:
SF:js/presentation/components/ChordDisplay.js
FN:2,(anonymous_0)
FN:12,(anonymous_1)
FN:43,(anonymous_2)
FN:50,(anonymous_3)
FN:51,(anonymous_4)
FN:55,(anonymous_5)
FN:59,(anonymous_6)
FN:63,(anonymous_7)
FN:68,(anonymous_8)
FN:73,(anonymous_9)
FN:78,(anonymous_10)
FN:83,(anonymous_11)
FN:84,(anonymous_12)
FN:88,(anonymous_13)
FN:90,(anonymous_14)
FN:98,(anonymous_15)
FN:101,(anonymous_16)
FN:111,(anonymous_17)
FN:115,(anonymous_18)
FN:125,(anonymous_19)
FN:129,(anonymous_20)
FN:134,(anonymous_21)
FNF:22
FNH:0
FNDA:0,(anonymous_0)
FNDA:0,(anonymous_1)
FNDA:0,(anonymous_2)
FNDA:0,(anonymous_3)
FNDA:0,(anonymous_4)
FNDA:0,(anonymous_5)
FNDA:0,(anonymous_6)
FNDA:0,(anonymous_7)
FNDA:0,(anonymous_8)
FNDA:0,(anonymous_9)
FNDA:0,(anonymous_10)
FNDA:0,(anonymous_11)
FNDA:0,(anonymous_12)
FNDA:0,(anonymous_13)
FNDA:0,(anonymous_14)
FNDA:0,(anonymous_15)
FNDA:0,(anonymous_16)
FNDA:0,(anonymous_17)
FNDA:0,(anonymous_18)
FNDA:0,(anonymous_19)
FNDA:0,(anonymous_20)
FNDA:0,(anonymous_21)
DA:3,0
DA:4,0
DA:5,0
DA:6,0
DA:8,0
DA:9,0
DA:13,0
DA:40,0
DA:41,0
DA:43,0
DA:44,0
DA:45,0
DA:51,0
DA:52,0
DA:55,0
DA:56,0
DA:59,0
DA:60,0
DA:63,0
DA:64,0
DA:69,0
DA:70,0
DA:74,0
DA:75,0
DA:79,0
DA:80,0
DA:84,0
DA:85,0
DA:89,0
DA:90,0
DA:91,0
DA:92,0
DA:93,0
DA:99,0
DA:101,0
DA:102,0
DA:103,0
DA:104,0
DA:105,0
DA:110,0
DA:111,0
DA:112,0
DA:115,0
DA:116,0
DA:117,0
DA:121,0
DA:126,0
DA:130,0
DA:131,0
DA:135,0
DA:136,0
DA:137,0
DA:138,0
DA:139,0
LF:54
LH:0
BRDA:44,0,0,0
BRDA:44,0,1,0
BRDA:92,1,0,0
BRDA:92,1,1,0
BRDA:116,2,0,0
BRDA:116,2,1,0
BRF:6
BRH:0
end_of_record
TN:
SF:js/presentation/components/Modal.js
FN:2,(anonymous_0)
FN:12,(anonymous_1)
FN:36,(anonymous_2)
FN:40,(anonymous_3)
FN:44,(anonymous_4)
FN:54,(anonymous_5)
FN:55,(anonymous_6)
FN:59,(anonymous_7)
FN:64,(anonymous_8)
FN:93,(anonymous_9)
FN:105,(anonymous_10)
FN:125,(anonymous_11)
FN:137,(anonymous_12)
FN:157,(anonymous_13)
FN:158,(anonymous_14)
FN:166,(anonymous_15)
FN:171,(anonymous_16)
FN:190,(anonymous_17)
FN:197,(anonymous_18)
FN:207,(anonymous_19)
FN:219,(anonymous_20)
FN:226,(anonymous_21)
FN:235,(anonymous_22)
FN:239,(anonymous_23)
FN:243,(anonymous_24)
FNF:25
FNH:0
FNDA:0,(anonymous_0)
FNDA:0,(anonymous_1)
FNDA:0,(anonymous_2)
FNDA:0,(anonymous_3)
FNDA:0,(anonymous_4)
FNDA:0,(anonymous_5)
FNDA:0,(anonymous_6)
FNDA:0,(anonymous_7)
FNDA:0,(anonymous_8)
FNDA:0,(anonymous_9)
FNDA:0,(anonymous_10)
FNDA:0,(anonymous_11)
FNDA:0,(anonymous_12)
FNDA:0,(anonymous_13)
FNDA:0,(anonymous_14)
FNDA:0,(anonymous_15)
FNDA:0,(anonymous_16)
FNDA:0,(anonymous_17)
FNDA:0,(anonymous_18)
FNDA:0,(anonymous_19)
FNDA:0,(anonymous_20)
FNDA:0,(anonymous_21)
FNDA:0,(anonymous_22)
FNDA:0,(anonymous_23)
FNDA:0,(anonymous_24)
DA:3,0
DA:4,0
DA:5,0
DA:6,0
DA:8,0
DA:9,0
DA:13,0
DA:29,0
DA:30,0
DA:31,0
DA:32,0
DA:33,0
DA:34,0
DA:36,0
DA:37,0
DA:40,0
DA:41,0
DA:44,0
DA:45,0
DA:46,0
DA:51,0
DA:55,0
DA:56,0
DA:59,0
DA:60,0
DA:65,0
DA:66,0
DA:68,0
DA:70,0
DA:71,0
DA:73,0
DA:74,0
DA:76,0
DA:77,0
DA:79,0
DA:80,0
DA:82,0
DA:83,0
DA:85,0
DA:86,0
DA:87,0
DA:90,0
DA:94,0
DA:95,0
DA:96,0
DA:99,0
DA:100,0
DA:102,0
DA:106,0
DA:107,0
DA:124,0
DA:125,0
DA:126,0
DA:132,0
DA:133,0
DA:138,0
DA:139,0
DA:156,0
DA:157,0
DA:158,0
DA:159,0
DA:160,0
DA:161,0
DA:165,0
DA:166,0
DA:167,0
DA:172,0
DA:173,0
DA:189,0
DA:190,0
DA:191,0
DA:192,0
DA:193,0
DA:198,0
DA:199,0
DA:206,0
DA:207,0
DA:208,0
DA:209,0
DA:210,0
DA:211,0
DA:212,0
DA:214,0
DA:220,0
DA:221,0
DA:225,0
DA:226,0
DA:227,0
DA:228,0
DA:230,0
DA:231,0
DA:236,0
DA:240,0
DA:244,0
DA:245,0
DA:246,0
LF:96
LH:0
BRDA:45,0,0,0
BRDA:45,0,1,0
BRDA:64,1,0,0
BRDA:68,2,0,0
BRDA:68,2,1,0
BRDA:68,2,2,0
BRDA:68,2,3,0
BRDA:68,2,4,0
BRDA:68,2,5,0
BRDA:111,3,0,0
BRDA:111,3,1,0
BRDA:115,4,0,0
BRDA:115,4,1,0
BRDA:119,5,0,0
BRDA:119,5,1,0
BRDA:209,6,0,0
BRDA:209,6,1,0
BRDA:220,7,0,0
BRDA:220,7,1,0
BRDA:222,8,0,0
BRDA:222,8,1,0
BRDA:227,9,0,0
BRDA:227,9,1,0
BRF:23
BRH:0
end_of_record
TN:
SF:js/presentation/controllers/ChordController.js
FN:2,(anonymous_0)
FN:11,(anonymous_1)
FN:15,(anonymous_2)
FN:16,(anonymous_3)
FN:20,(anonymous_4)
FN:24,(anonymous_5)
FN:28,(anonymous_6)
FN:32,(anonymous_7)
FN:36,(anonymous_8)
FN:41,(anonymous_9)
FN:46,(anonymous_10)
FN:51,(anonymous_11)
FN:77,(anonymous_12)
FN:101,(anonymous_13)
FN:117,(anonymous_14)
FN:131,(anonymous_15)
FN:138,(anonymous_16)
FN:171,(anonymous_17)
FN:177,(anonymous_18)
FN:198,(anonymous_19)
FN:202,(anonymous_20)
FN:206,(anonymous_21)
FN:210,(anonymous_22)
FN:214,(anonymous_23)
FNF:24
FNH:0
FNDA:0,(anonymous_0)
FNDA:0,(anonymous_1)
FNDA:0,(anonymous_2)
FNDA:0,(anonymous_3)
FNDA:0,(anonymous_4)
FNDA:0,(anonymous_5)
FNDA:0,(anonymous_6)
FNDA:0,(anonymous_7)
FNDA:0,(anonymous_8)
FNDA:0,(anonymous_9)
FNDA:0,(anonymous_10)
FNDA:0,(anonymous_11)
FNDA:0,(anonymous_12)
FNDA:0,(anonymous_13)
FNDA:0,(anonymous_14)
FNDA:0,(anonymous_15)
FNDA:0,(anonymous_16)
FNDA:0,(anonymous_17)
FNDA:0,(anonymous_18)
FNDA:0,(anonymous_19)
FNDA:0,(anonymous_20)
FNDA:0,(anonymous_21)
FNDA:0,(anonymous_22)
FNDA:0,(anonymous_23)
DA:3,0
DA:4,0
DA:5,0
DA:6,0
DA:8,0
DA:12,0
DA:16,0
DA:17,0
DA:20,0
DA:21,0
DA:24,0
DA:25,0
DA:28,0
DA:29,0
DA:32,0
DA:33,0
DA:36,0
DA:37,0
DA:42,0
DA:43,0
DA:47,0
DA:48,0
DA:52,0
DA:53,0
DA:54,0
DA:56,0
DA:61,0
DA:63,0
DA:64,0
DA:67,0
DA:69,0
DA:70,0
DA:78,0
DA:79,0
DA:80,0
DA:83,0
DA:84,0
DA:85,0
DA:89,0
DA:91,0
DA:93,0
DA:94,0
DA:102,0
DA:103,0
DA:105,0
DA:107,0
DA:109,0
DA:110,0
DA:118,0
DA:119,0
DA:120,0
DA:123,0
DA:124,0
DA:125,0
DA:128,0
DA:132,0
DA:133,0
DA:134,0
DA:137,0
DA:138,0
DA:140,0
DA:142,0
DA:143,0
DA:148,0
DA:153,0
DA:154,0
DA:156,0
DA:160,0
DA:161,0
DA:163,0
DA:164,0
DA:172,0
DA:173,0
DA:174,0
DA:176,0
DA:177,0
DA:179,0
DA:180,0
DA:181,0
DA:183,0
DA:186,0
DA:187,0
DA:190,0
DA:191,0
DA:199,0
DA:203,0
DA:207,0
DA:211,0
DA:215,0
DA:216,0
DA:217,0
DA:218,0
DA:219,0
DA:220,0
LF:94
LH:0
BRDA:58,0,0,0
BRDA:58,0,1,0
BRDA:63,1,0,0
BRDA:63,1,1,0
BRDA:118,2,0,0
BRDA:118,2,1,0
BRDA:123,3,0,0
BRDA:123,3,1,0
BRDA:140,4,0,0
BRDA:140,4,1,0
BRDA:179,5,0,0
BRDA:179,5,1,0
BRF:12
BRH:0
end_of_record
TN:
SF:js/presentation/controllers/MainController.js
FN:2,(anonymous_0)
FN:10,(anonymous_1)
FN:15,(anonymous_2)
FN:16,(anonymous_3)
FN:20,(anonymous_4)
FN:24,(anonymous_5)
FN:28,(anonymous_6)
FN:32,(anonymous_7)
FN:36,(anonymous_8)
FN:40,(anonymous_9)
FN:45,(anonymous_10)
FN:47,(anonymous_11)
FN:52,(anonymous_12)
FN:57,(anonymous_13)
FN:62,(anonymous_14)
FN:67,(anonymous_15)
FN:72,(anonymous_16)
FN:77,(anonymous_17)
FN:82,(anonymous_18)
FN:88,(anonymous_19)
FN:94,(anonymous_20)
FN:119,(anonymous_21)
FN:127,(anonymous_22)
FN:147,(anonymous_23)
FN:158,(anonymous_24)
FN:171,(anonymous_25)
FN:184,(anonymous_26)
FN:202,(anonymous_27)
FN:219,(anonymous_28)
FN:223,(anonymous_29)
FN:227,(anonymous_30)
FN:237,(anonymous_31)
FNF:32
FNH:0
FNDA:0,(anonymous_0)
FNDA:0,(anonymous_1)
FNDA:0,(anonymous_2)
FNDA:0,(anonymous_3)
FNDA:0,(anonymous_4)
FNDA:0,(anonymous_5)
FNDA:0,(anonymous_6)
FNDA:0,(anonymous_7)
FNDA:0,(anonymous_8)
FNDA:0,(anonymous_9)
FNDA:0,(anonymous_10)
FNDA:0,(anonymous_11)
FNDA:0,(anonymous_12)
FNDA:0,(anonymous_13)
FNDA:0,(anonymous_14)
FNDA:0,(anonymous_15)
FNDA:0,(anonymous_16)
FNDA:0,(anonymous_17)
FNDA:0,(anonymous_18)
FNDA:0,(anonymous_19)
FNDA:0,(anonymous_20)
FNDA:0,(anonymous_21)
FNDA:0,(anonymous_22)
FNDA:0,(anonymous_23)
FNDA:0,(anonymous_24)
FNDA:0,(anonymous_25)
FNDA:0,(anonymous_26)
FNDA:0,(anonymous_27)
FNDA:0,(anonymous_28)
FNDA:0,(anonymous_29)
FNDA:0,(anonymous_30)
FNDA:0,(anonymous_31)
DA:3,0
DA:4,0
DA:5,0
DA:7,0
DA:11,0
DA:12,0
DA:16,0
DA:17,0
DA:20,0
DA:21,0
DA:24,0
DA:25,0
DA:28,0
DA:29,0
DA:32,0
DA:33,0
DA:36,0
DA:37,0
DA:40,0
DA:41,0
DA:47,0
DA:48,0
DA:52,0
DA:53,0
DA:58,0
DA:59,0
DA:63,0
DA:68,0
DA:73,0
DA:78,0
DA:83,0
DA:85,0
DA:89,0
DA:91,0
DA:96,0
DA:98,0
DA:99,0
DA:100,0
DA:102,0
DA:103,0
DA:105,0
DA:106,0
DA:107,0
DA:109,0
DA:111,0
DA:112,0
DA:113,0
DA:115,0
DA:121,0
DA:128,0
DA:130,0
DA:131,0
DA:133,0
DA:134,0
DA:136,0
DA:137,0
DA:139,0
DA:140,0
DA:148,0
DA:149,0
DA:150,0
DA:151,0
DA:153,0
DA:154,0
DA:159,0
DA:161,0
DA:163,0
DA:164,0
DA:172,0
DA:174,0
DA:176,0
DA:177,0
DA:186,0
DA:187,0
DA:189,0
DA:190,0
DA:193,0
DA:194,0
DA:198,0
DA:199,0
DA:203,0
DA:204,0
DA:205,0
DA:207,0
DA:208,0
DA:211,0
DA:212,0
DA:220,0
DA:224,0
DA:228,0
DA:229,0
DA:230,0
DA:231,0
DA:232,0
DA:233,0
DA:234,0
DA:237,0
DA:238,0
DA:239,0
DA:243,0
LF:100
LH:0
BRDA:96,0,0,0
BRDA:96,0,1,0
BRDA:96,0,2,0
BRDA:96,0,3,0
BRDA:105,1,0,0
BRDA:105,1,1,0
BRDA:105,2,0,0
BRDA:105,2,1,0
BRDA:111,3,0,0
BRDA:111,3,1,0
BRDA:111,4,0,0
BRDA:111,4,1,0
BRDA:149,5,0,0
BRDA:149,5,1,0
BRDA:189,6,0,0
BRDA:189,6,1,0
BRDA:193,7,0,0
BRDA:193,7,1,0
BRDA:207,8,0,0
BRDA:207,8,1,0
BRDA:238,9,0,0
BRDA:238,9,1,0
BRF:22
BRH:0
end_of_record
TN:
SF:js/presentation/controllers/PlaybackController.js
FN:2,(anonymous_0)
FN:14,(anonymous_1)
FN:18,(anonymous_2)
FN:19,(anonymous_3)
FN:23,(anonymous_4)
FN:27,(anonymous_5)
FN:31,(anonymous_6)
FN:35,(anonymous_7)
FN:39,(anonymous_8)
FN:43,(anonymous_9)
FN:47,(anonymous_10)
FN:54,(anonymous_11)
FN:88,(anonymous_12)
FN:104,(anonymous_13)
FN:121,(anonymous_14)
FN:129,(anonymous_15)
FN:144,(anonymous_16)
FN:156,(anonymous_17)
FN:165,(anonymous_18)
FN:173,(anonymous_19)
FN:184,(anonymous_20)
FN:185,(anonymous_21)
FN:215,(anonymous_22)
FN:236,(anonymous_23)
FN:240,(anonymous_24)
FN:247,(anonymous_25)
FN:251,(anonymous_26)
FNF:27
FNH:0
FNDA:0,(anonymous_0)
FNDA:0,(anonymous_1)
FNDA:0,(anonymous_2)
FNDA:0,(anonymous_3)
FNDA:0,(anonymous_4)
FNDA:0,(anonymous_5)
FNDA:0,(anonymous_6)
FNDA:0,(anonymous_7)
FNDA:0,(anonymous_8)
FNDA:0,(anonymous_9)
FNDA:0,(anonymous_10)
FNDA:0,(anonymous_11)
FNDA:0,(anonymous_12)
FNDA:0,(anonymous_13)
FNDA:0,(anonymous_14)
FNDA:0,(anonymous_15)
FNDA:0,(anonymous_16)
FNDA:0,(anonymous_17)
FNDA:0,(anonymous_18)
FNDA:0,(anonymous_19)
FNDA:0,(anonymous_20)
FNDA:0,(anonymous_21)
FNDA:0,(anonymous_22)
FNDA:0,(anonymous_23)
FNDA:0,(anonymous_24)
FNDA:0,(anonymous_25)
FNDA:0,(anonymous_26)
DA:3,0
DA:4,0
DA:5,0
DA:6,0
DA:7,0
DA:8,0
DA:9,0
DA:11,0
DA:15,0
DA:19,0
DA:20,0
DA:23,0
DA:24,0
DA:27,0
DA:28,0
DA:31,0
DA:32,0
DA:35,0
DA:36,0
DA:39,0
DA:40,0
DA:43,0
DA:44,0
DA:47,0
DA:48,0
DA:49,0
DA:55,0
DA:57,0
DA:58,0
DA:59,0
DA:60,0
DA:63,0
DA:64,0
DA:67,0
DA:69,0
DA:70,0
DA:71,0
DA:72,0
DA:76,0
DA:78,0
DA:80,0
DA:81,0
DA:89,0
DA:91,0
DA:93,0
DA:94,0
DA:95,0
DA:98,0
DA:99,0
DA:101,0
DA:105,0
DA:106,0
DA:107,0
DA:109,0
DA:110,0
DA:111,0
DA:114,0
DA:115,0
DA:117,0
DA:118,0
DA:122,0
DA:123,0
DA:125,0
DA:130,0
DA:132,0
DA:133,0
DA:136,0
DA:137,0
DA:138,0
DA:141,0
DA:145,0
DA:146,0
DA:148,0
DA:149,0
DA:150,0
DA:152,0
DA:153,0
DA:157,0
DA:159,0
DA:160,0
DA:162,0
DA:167,0
DA:169,0
DA:170,0
DA:173,0
DA:174,0
DA:176,0
DA:177,0
DA:179,0
DA:180,0
DA:184,0
DA:185,0
DA:187,0
DA:188,0
DA:192,0
DA:198,0
DA:201,0
DA:202,0
DA:203,0
DA:205,0
DA:208,0
DA:209,0
DA:218,0
DA:233,0
DA:237,0
DA:241,0
DA:248,0
DA:252,0
DA:254,0
DA:255,0
DA:256,0
DA:257,0
DA:258,0
DA:259,0
DA:260,0
DA:261,0
LF:116
LH:0
BRDA:48,0,0,0
BRDA:48,0,1,0
BRDA:55,1,0,0
BRDA:55,1,1,0
BRDA:69,2,0,0
BRDA:69,2,1,0
BRDA:89,3,0,0
BRDA:89,3,1,0
BRDA:93,4,0,0
BRDA:93,4,1,0
BRDA:109,5,0,0
BRDA:109,5,1,0
BRDA:122,6,0,0
BRDA:122,6,1,0
BRDA:136,7,0,0
BRDA:136,7,1,0
BRDA:169,8,0,0
BRDA:169,8,1,0
BRDA:174,9,0,0
BRDA:174,9,1,0
BRDA:177,10,0,0
BRDA:177,10,1,0
BRDA:201,11,0,0
BRDA:201,11,1,0
BRDA:208,12,0,0
BRDA:208,12,1,0
BRDA:233,13,0,0
BRDA:233,13,1,0
BRF:28
BRH:0
end_of_record
TN:
SF:js/presentation/views/MainView.js
FN:2,(anonymous_0)
FN:11,(anonymous_1)
FN:17,(anonymous_2)
FN:63,(anonymous_3)
FN:92,(anonymous_4)
FN:97,(anonymous_5)
FN:101,(anonymous_6)
FN:109,(anonymous_7)
FN:113,(anonymous_8)
FN:121,(anonymous_9)
FN:125,(anonymous_10)
FN:133,(anonymous_11)
FN:143,(anonymous_12)
FN:144,(anonymous_13)
FN:149,(anonymous_14)
FN:154,(anonymous_15)
FN:159,(anonymous_16)
FN:167,(anonymous_17)
FN:172,(anonymous_18)
FN:181,(anonymous_19)
FN:186,(anonymous_20)
FN:188,(anonymous_21)
FN:196,(anonymous_22)
FN:200,(anonymous_23)
FN:205,(anonymous_24)
FN:213,(anonymous_25)
FN:215,(anonymous_26)
FNF:27
FNH:0
FNDA:0,(anonymous_0)
FNDA:0,(anonymous_1)
FNDA:0,(anonymous_2)
FNDA:0,(anonymous_3)
FNDA:0,(anonymous_4)
FNDA:0,(anonymous_5)
FNDA:0,(anonymous_6)
FNDA:0,(anonymous_7)
FNDA:0,(anonymous_8)
FNDA:0,(anonymous_9)
FNDA:0,(anonymous_10)
FNDA:0,(anonymous_11)
FNDA:0,(anonymous_12)
FNDA:0,(anonymous_13)
FNDA:0,(anonymous_14)
FNDA:0,(anonymous_15)
FNDA:0,(anonymous_16)
FNDA:0,(anonymous_17)
FNDA:0,(anonymous_18)
FNDA:0,(anonymous_19)
FNDA:0,(anonymous_20)
FNDA:0,(anonymous_21)
FNDA:0,(anonymous_22)
FNDA:0,(anonymous_23)
FNDA:0,(anonymous_24)
FNDA:0,(anonymous_25)
FNDA:0,(anonymous_26)
DA:3,0
DA:4,0
DA:5,0
DA:6,0
DA:8,0
DA:12,0
DA:13,0
DA:14,0
DA:18,0
DA:65,0
DA:66,0
DA:67,0
DA:68,0
DA:71,0
DA:76,0
DA:81,0
DA:86,0
DA:94,0
DA:95,0
DA:97,0
DA:98,0
DA:101,0
DA:102,0
DA:106,0
DA:107,0
DA:109,0
DA:110,0
DA:113,0
DA:114,0
DA:118,0
DA:119,0
DA:121,0
DA:122,0
DA:125,0
DA:126,0
DA:130,0
DA:131,0
DA:133,0
DA:134,0
DA:135,0
DA:136,0
DA:140,0
DA:144,0
DA:145,0
DA:146,0
DA:149,0
DA:150,0
DA:151,0
DA:154,0
DA:155,0
DA:156,0
DA:159,0
DA:160,0
DA:161,0
DA:163,0
DA:164,0
DA:167,0
DA:168,0
DA:174,0
DA:175,0
DA:176,0
DA:178,0
DA:181,0
DA:182,0
DA:186,0
DA:187,0
DA:188,0
DA:189,0
DA:190,0
DA:197,0
DA:201,0
DA:202,0
DA:206,0
DA:207,0
DA:209,0
DA:210,0
DA:215,0
DA:216,0
DA:217,0
DA:222,0
DA:223,0
DA:224,0
DA:225,0
DA:226,0
DA:229,0
LF:85
LH:0
BRDA:189,0,0,0
BRDA:189,0,1,0
BRDA:202,1,0,0
BRDA:202,1,1,0
BRDA:216,2,0,0
BRDA:216,2,1,0
BRF:6
BRH:0
end_of_record
TN:
SF:js/presentation/views/SettingsView.js
FN:2,(anonymous_0)
FN:11,(anonymous_1)
FN:17,(anonymous_2)
FN:35,(anonymous_3)
FN:100,(anonymous_4)
FN:103,(anonymous_5)
FN:111,(anonymous_6)
FN:118,(anonymous_7)
FN:124,(anonymous_8)
FN:129,(anonymous_9)
FN:174,(anonymous_10)
FN:186,(anonymous_11)
FN:191,(anonymous_12)
FN:195,(anonymous_13)
FN:201,(anonymous_14)
FNF:15
FNH:0
FNDA:0,(anonymous_0)
FNDA:0,(anonymous_1)
FNDA:0,(anonymous_2)
FNDA:0,(anonymous_3)
FNDA:0,(anonymous_4)
FNDA:0,(anonymous_5)
FNDA:0,(anonymous_6)
FNDA:0,(anonymous_7)
FNDA:0,(anonymous_8)
FNDA:0,(anonymous_9)
FNDA:0,(anonymous_10)
FNDA:0,(anonymous_11)
FNDA:0,(anonymous_12)
FNDA:0,(anonymous_13)
FNDA:0,(anonymous_14)
DA:3,0
DA:4,0
DA:5,0
DA:6,0
DA:8,0
DA:12,0
DA:13,0
DA:14,0
DA:18,0
DA:19,0
DA:20,0
DA:26,0
DA:27,0
DA:36,0
DA:102,0
DA:103,0
DA:104,0
DA:108,0
DA:109,0
DA:111,0
DA:112,0
DA:113,0
DA:117,0
DA:118,0
DA:119,0
DA:123,0
DA:124,0
DA:125,0
DA:130,0
DA:131,0
DA:132,0
DA:133,0
DA:134,0
DA:135,0
DA:136,0
DA:138,0
DA:153,0
DA:154,0
DA:155,0
DA:156,0
DA:158,0
DA:161,0
DA:162,0
DA:164,0
DA:166,0
DA:167,0
DA:175,0
DA:181,0
DA:182,0
DA:183,0
DA:187,0
DA:188,0
DA:192,0
DA:196,0
DA:197,0
DA:198,0
DA:202,0
LF:57
LH:0
BRDA:21,0,0,0
BRDA:21,0,1,0
BRDA:22,1,0,0
BRDA:22,1,1,0
BRDA:23,2,0,0
BRDA:23,2,1,0
BRDA:48,3,0,0
BRDA:48,3,1,0
BRDA:49,4,0,0
BRDA:49,4,1,0
BRDA:53,5,0,0
BRDA:53,5,1,0
BRDA:62,6,0,0
BRDA:62,6,1,0
BRDA:63,7,0,0
BRDA:63,7,1,0
BRDA:69,8,0,0
BRDA:69,8,1,0
BRDA:70,9,0,0
BRDA:70,9,1,0
BRDA:79,10,0,0
BRDA:79,10,1,0
BRDA:85,11,0,0
BRDA:85,11,1,0
BRF:24
BRH:0
end_of_record
TN:
SF:js/shared/constants/Config.js
FNF:0
FNH:0
DA:2,0
DA:109,0
DA:141,0
DA:188,0
DA:213,0
DA:237,0
LF:6
LH:0
BRF:0
BRH:0
end_of_record
TN:
SF:js/shared/constants/Events.js
FNF:0
FNH:0
DA:2,0
DA:78,0
DA:89,0
DA:98,0
DA:105,0
DA:114,0
DA:121,0
DA:128,0
DA:141,0
DA:147,0
DA:158,0
DA:164,0
DA:170,0
DA:176,0
DA:182,0
LF:15
LH:0
BRF:0
BRH:0
end_of_record
TN:
SF:js/shared/types/index.js
FNF:0
FNH:0
DA:4,0
DA:17,0
DA:24,0
DA:36,0
DA:45,0
DA:53,0
DA:60,0
DA:67,0
DA:74,0
DA:82,0
DA:90,0
DA:99,0
DA:106,0
DA:118,0
DA:126,0
DA:136,0
DA:145,0
DA:154,0
DA:163,0
DA:171,0
DA:183,0
DA:193,0
DA:203,0
DA:211,0
DA:221,0
DA:229,0
DA:239,0
DA:245,0
DA:253,0
LF:29
LH:0
BRF:0
BRH:0
end_of_record
TN:
SF:js/shared/utils/MusicUtils.js
FN:22,(anonymous_0)
FN:50,(anonymous_1)
FN:59,(anonymous_2)
FN:93,(anonymous_3)
FN:98,(anonymous_4)
FN:103,(anonymous_5)
FN:112,(anonymous_6)
FN:133,(anonymous_7)
FN:142,(anonymous_8)
FN:152,(anonymous_9)
FN:160,(anonymous_10)
FN:173,(anonymous_11)
FN:182,(anonymous_12)
FN:187,(anonymous_13)
FN:192,(anonymous_14)
FN:195,(anonymous_15)
FN:209,(anonymous_16)
FN:224,(anonymous_17)
FNF:18
FNH:0
FNDA:0,(anonymous_0)
FNDA:0,(anonymous_1)
FNDA:0,(anonymous_2)
FNDA:0,(anonymous_3)
FNDA:0,(anonymous_4)
FNDA:0,(anonymous_5)
FNDA:0,(anonymous_6)
FNDA:0,(anonymous_7)
FNDA:0,(anonymous_8)
FNDA:0,(anonymous_9)
FNDA:0,(anonymous_10)
FNDA:0,(anonymous_11)
FNDA:0,(anonymous_12)
FNDA:0,(anonymous_13)
FNDA:0,(anonymous_14)
FNDA:0,(anonymous_15)
FNDA:0,(anonymous_16)
FNDA:0,(anonymous_17)
DA:3,0
DA:6,0
DA:23,0
DA:36,0
DA:38,0
DA:39,0
DA:42,0
DA:43,0
DA:45,0
DA:46,0
DA:50,0
DA:51,0
DA:52,0
DA:55,0
DA:60,0
DA:61,0
DA:65,0
DA:68,0
DA:69,0
DA:70,0
DA:71,0
DA:72,0
DA:73,0
DA:74,0
DA:75,0
DA:76,0
DA:77,0
DA:78,0
DA:79,0
DA:80,0
DA:81,0
DA:82,0
DA:86,0
DA:87,0
DA:89,0
DA:94,0
DA:99,0
DA:104,0
DA:105,0
DA:107,0
DA:108,0
DA:113,0
DA:114,0
DA:116,0
DA:119,0
DA:120,0
DA:121,0
DA:122,0
DA:123,0
DA:124,0
DA:125,0
DA:126,0
DA:127,0
DA:129,0
DA:134,0
DA:135,0
DA:137,0
DA:138,0
DA:140,0
DA:142,0
DA:143,0
DA:144,0
DA:148,0
DA:152,0
DA:153,0
DA:154,0
DA:155,0
DA:161,0
DA:162,0
DA:164,0
DA:166,0
DA:167,0
DA:169,0
DA:174,0
DA:177,0
DA:178,0
DA:183,0
DA:188,0
DA:193,0
DA:195,0
DA:197,0
DA:200,0
DA:201,0
DA:204,0
DA:210,0
DA:225,0
LF:86
LH:0
BRDA:38,0,0,0
BRDA:38,0,1,0
BRDA:38,1,0,0
BRDA:38,1,1,0
BRDA:42,2,0,0
BRDA:42,2,1,0
BRDA:45,3,0,0
BRDA:45,3,1,0
BRDA:60,4,0,0
BRDA:60,4,1,0
BRDA:60,5,0,0
BRDA:60,5,1,0
BRDA:69,6,0,0
BRDA:69,6,1,0
BRDA:69,7,0,0
BRDA:69,7,1,0
BRDA:71,8,0,0
BRDA:71,8,1,0
BRDA:73,9,0,0
BRDA:73,9,1,0
BRDA:75,10,0,0
BRDA:75,10,1,0
BRDA:77,11,0,0
BRDA:77,11,1,0
BRDA:77,12,0,0
BRDA:77,12,1,0
BRDA:79,13,0,0
BRDA:79,13,1,0
BRDA:81,14,0,0
BRDA:81,14,1,0
BRDA:82,15,0,0
BRDA:82,15,1,0
BRDA:87,16,0,0
BRDA:87,16,1,0
BRDA:105,17,0,0
BRDA:105,17,1,0
BRDA:114,18,0,0
BRDA:114,18,1,0
BRDA:120,19,0,0
BRDA:120,19,1,0
BRDA:121,20,0,0
BRDA:121,20,1,0
BRDA:122,21,0,0
BRDA:122,21,1,0
BRDA:123,22,0,0
BRDA:123,22,1,0
BRDA:124,23,0,0
BRDA:124,23,1,0
BRDA:125,24,0,0
BRDA:125,24,1,0
BRDA:126,25,0,0
BRDA:126,25,1,0
BRDA:127,26,0,0
BRDA:127,26,1,0
BRDA:133,27,0,0
BRDA:137,28,0,0
BRDA:137,28,1,0
BRDA:140,29,0,0
BRDA:140,29,1,0
BRDA:148,30,0,0
BRDA:148,30,1,0
BRDA:154,31,0,0
BRDA:154,31,1,0
BRDA:154,32,0,0
BRDA:154,32,1,0
BRDA:164,33,0,0
BRDA:164,33,1,0
BRDA:164,34,0,0
BRDA:164,34,1,0
BRDA:167,35,0,0
BRDA:167,35,1,0
BRDA:192,36,0,0
BRDA:200,37,0,0
BRDA:200,37,1,0
BRDA:200,38,0,0
BRDA:200,38,1,0
BRDA:200,38,2,0
BRDA:200,38,3,0
BRDA:200,38,4,0
BRF:79
BRH:0
end_of_record
TN:
SF:js/shared/utils/Utils.js
FN:3,(anonymous_0)
FN:8,(anonymous_1)
FN:18,(anonymous_2)
FN:33,(anonymous_3)
FN:42,(anonymous_4)
FN:47,(anonymous_5)
FN:52,(anonymous_6)
FN:57,(anonymous_7)
FN:62,(anonymous_8)
FN:68,(anonymous_9)
FN:69,(anonymous_10)
FN:75,(anonymous_11)
FN:80,(anonymous_12)
FN:81,(anonymous_13)
FN:85,(anonymous_14)
FN:90,(anonymous_15)
FN:102,(anonymous_16)
FN:107,(anonymous_17)
FN:130,(anonymous_18)
FN:135,(anonymous_19)
FN:136,(anonymous_20)
FN:147,(anonymous_21)
FN:148,(anonymous_22)
FN:159,(anonymous_23)
FN:170,(anonymous_24)
FN:193,(anonymous_25)
FN:200,(anonymous_26)
FN:207,(anonymous_27)
FN:214,(anonymous_28)
FNF:29
FNH:0
FNDA:0,(anonymous_0)
FNDA:0,(anonymous_1)
FNDA:0,(anonymous_2)
FNDA:0,(anonymous_3)
FNDA:0,(anonymous_4)
FNDA:0,(anonymous_5)
FNDA:0,(anonymous_6)
FNDA:0,(anonymous_7)
FNDA:0,(anonymous_8)
FNDA:0,(anonymous_9)
FNDA:0,(anonymous_10)
FNDA:0,(anonymous_11)
FNDA:0,(anonymous_12)
FNDA:0,(anonymous_13)
FNDA:0,(anonymous_14)
FNDA:0,(anonymous_15)
FNDA:0,(anonymous_16)
FNDA:0,(anonymous_17)
FNDA:0,(anonymous_18)
FNDA:0,(anonymous_19)
FNDA:0,(anonymous_20)
FNDA:0,(anonymous_21)
FNDA:0,(anonymous_22)
FNDA:0,(anonymous_23)
FNDA:0,(anonymous_24)
FNDA:0,(anonymous_25)
FNDA:0,(anonymous_26)
FNDA:0,(anonymous_27)
FNDA:0,(anonymous_28)
DA:4,0
DA:9,0
DA:10,0
DA:13,0
DA:14,0
DA:17,0
DA:18,0
DA:21,0
DA:22,0
DA:23,0
DA:24,0
DA:25,0
DA:28,0
DA:34,0
DA:35,0
DA:36,0
DA:38,0
DA:43,0
DA:48,0
DA:53,0
DA:58,0
DA:63,0
DA:64,0
DA:69,0
DA:70,0
DA:76,0
DA:81,0
DA:86,0
DA:91,0
DA:92,0
DA:93,0
DA:94,0
DA:95,0
DA:97,0
DA:103,0
DA:108,0
DA:110,0
DA:112,0
DA:114,0
DA:116,0
DA:117,0
DA:119,0
DA:121,0
DA:122,0
DA:123,0
DA:126,0
DA:131,0
DA:136,0
DA:137,0
DA:138,0
DA:140,0
DA:141,0
DA:142,0
DA:148,0
DA:149,0
DA:150,0
DA:151,0
DA:153,0
DA:154,0
DA:160,0
DA:162,0
DA:163,0
DA:164,0
DA:166,0
DA:171,0
DA:173,0
DA:174,0
DA:175,0
DA:176,0
DA:177,0
DA:178,0
DA:179,0
DA:181,0
DA:185,0
DA:186,0
DA:189,0
DA:194,0
DA:195,0
DA:201,0
DA:202,0
DA:208,0
DA:209,0
DA:215,0
LF:83
LH:0
BRDA:9,0,0,0
BRDA:9,0,1,0
BRDA:9,1,0,0
BRDA:9,1,1,0
BRDA:13,2,0,0
BRDA:13,2,1,0
BRDA:17,3,0,0
BRDA:17,3,1,0
BRDA:21,4,0,0
BRDA:21,4,1,0
BRDA:24,5,0,0
BRDA:24,5,1,0
BRDA:48,6,0,0
BRDA:48,6,1,0
BRDA:58,7,0,0
BRDA:58,7,1,0
BRDA:63,8,0,0
BRDA:63,8,1,0
BRDA:70,9,0,0
BRDA:70,9,1,0
BRDA:86,10,0,0
BRDA:86,10,1,0
BRDA:108,11,0,0
BRDA:108,11,1,0
BRDA:110,12,0,0
BRDA:110,12,1,0
BRDA:110,13,0,0
BRDA:110,13,1,0
BRDA:112,14,0,0
BRDA:112,14,1,0
BRDA:114,15,0,0
BRDA:114,15,1,0
BRDA:119,16,0,0
BRDA:119,16,1,0
BRDA:122,17,0,0
BRDA:122,17,1,0
BRDA:123,18,0,0
BRDA:123,18,1,0
BRDA:135,19,0,0
BRDA:140,20,0,0
BRDA:140,20,1,0
BRDA:140,21,0,0
BRDA:140,21,1,0
BRDA:141,22,0,0
BRDA:141,22,1,0
BRDA:141,23,0,0
BRDA:141,23,1,0
BRDA:150,24,0,0
BRDA:150,24,1,0
BRDA:160,25,0,0
BRDA:160,25,1,0
BRDA:170,26,0,0
BRDA:170,27,0,0
BRDA:174,28,0,0
BRDA:174,28,1,0
BRDA:176,29,0,0
BRDA:176,29,1,0
BRDA:178,30,0,0
BRDA:178,30,1,0
BRDA:185,31,0,0
BRDA:185,31,1,0
BRDA:194,32,0,0
BRDA:194,32,1,0
BRDA:194,33,0,0
BRDA:194,33,1,0
BRDA:201,34,0,0
BRDA:201,34,1,0
BRDA:201,35,0,0
BRDA:201,35,1,0
BRDA:208,36,0,0
BRDA:208,36,1,0
BRDA:208,37,0,0
BRDA:208,37,1,0
BRDA:215,38,0,0
BRDA:215,38,1,0
BRDA:215,39,0,0
BRDA:215,39,1,0
BRF:77
BRH:0
end_of_record
